ERROR - 2022-09-28 04:53:10 --> Error connecting to the database: No connection could be made because the target machine actively refused it.

CRITICAL - 2022-09-28 04:53:10 --> Unable to connect to the database.
Main connection [MySQLi]: No connection could be made because the target machine actively refused it.

#0 C:\wamp64\www\blood-bank\system\Database\BaseConnection.php(577): CodeIgniter\Database\BaseConnection->initialize()
#1 C:\wamp64\www\blood-bank\system\Database\BaseBuilder.php(1455): CodeIgniter\Database\BaseConnection->query('SELECT *\nFROM `...', Array, false)
#2 C:\wamp64\www\blood-bank\app\Models\UserLoginModel.php(28): CodeIgniter\Database\BaseBuilder->get()
#3 C:\wamp64\www\blood-bank\app\Controllers\Login.php(41): App\Models\UserLoginModel->verifyEmail('lnnocentchisang...', '123')
#4 C:\wamp64\www\blood-bank\system\CodeIgniter.php(832): App\Controllers\Login->index()
#5 C:\wamp64\www\blood-bank\system\CodeIgniter.php(419): CodeIgniter\CodeIgniter->runController(Object(App\Controllers\Login))
#6 C:\wamp64\www\blood-bank\system\CodeIgniter.php(326): CodeIgniter\CodeIgniter->handleRequest(NULL, Object(Config\Cache), false)
#7 C:\wamp64\www\blood-bank\index.php(37): CodeIgniter\CodeIgniter->run()
#8 {main}
CRITICAL - 2022-09-28 06:18:17 --> Invalid argument supplied for foreach()
#0 C:\wamp64\www\blood-bank\app\Views\donorsection\index.php(133): CodeIgniter\Debug\Exceptions->errorHandler(2, 'Invalid argumen...', 'C:\\wamp64\\www\\b...', 133, Array)
#1 C:\wamp64\www\blood-bank\system\View\View.php(210): include('C:\\wamp64\\www\\b...')
#2 C:\wamp64\www\blood-bank\system\View\View.php(213): CodeIgniter\View\View->CodeIgniter\View\{closure}()
#3 C:\wamp64\www\blood-bank\system\Common.php(1089): CodeIgniter\View\View->render('donorsection/in...', Array, true)
#4 C:\wamp64\www\blood-bank\app\Controllers\DonorSection.php(51): view('donorsection/in...', Array)
#5 C:\wamp64\www\blood-bank\system\CodeIgniter.php(832): App\Controllers\DonorSection->index('listdonors', '1')
#6 C:\wamp64\www\blood-bank\system\CodeIgniter.php(419): CodeIgniter\CodeIgniter->runController(Object(App\Controllers\DonorSection))
#7 C:\wamp64\www\blood-bank\system\CodeIgniter.php(326): CodeIgniter\CodeIgniter->handleRequest(NULL, Object(Config\Cache), false)
#8 C:\wamp64\www\blood-bank\index.php(37): CodeIgniter\CodeIgniter->run()
#9 {main}
CRITICAL - 2022-09-28 06:18:51 --> Invalid argument supplied for foreach()
#0 C:\wamp64\www\blood-bank\app\Views\donorsection\index.php(135): CodeIgniter\Debug\Exceptions->errorHandler(2, 'Invalid argumen...', 'C:\\wamp64\\www\\b...', 135, Array)
#1 C:\wamp64\www\blood-bank\system\View\View.php(210): include('C:\\wamp64\\www\\b...')
#2 C:\wamp64\www\blood-bank\system\View\View.php(213): CodeIgniter\View\View->CodeIgniter\View\{closure}()
#3 C:\wamp64\www\blood-bank\system\Common.php(1089): CodeIgniter\View\View->render('donorsection/in...', Array, true)
#4 C:\wamp64\www\blood-bank\app\Controllers\DonorSection.php(51): view('donorsection/in...', Array)
#5 C:\wamp64\www\blood-bank\system\CodeIgniter.php(832): App\Controllers\DonorSection->index('listdonors', '1')
#6 C:\wamp64\www\blood-bank\system\CodeIgniter.php(419): CodeIgniter\CodeIgniter->runController(Object(App\Controllers\DonorSection))
#7 C:\wamp64\www\blood-bank\system\CodeIgniter.php(326): CodeIgniter\CodeIgniter->handleRequest(NULL, Object(Config\Cache), false)
#8 C:\wamp64\www\blood-bank\index.php(37): CodeIgniter\CodeIgniter->run()
#9 {main}
CRITICAL - 2022-09-28 06:24:06 --> Invalid argument supplied for foreach()
#0 C:\wamp64\www\blood-bank\app\Views\donorsection\index.php(135): CodeIgniter\Debug\Exceptions->errorHandler(2, 'Invalid argumen...', 'C:\\wamp64\\www\\b...', 135, Array)
#1 C:\wamp64\www\blood-bank\system\View\View.php(210): include('C:\\wamp64\\www\\b...')
#2 C:\wamp64\www\blood-bank\system\View\View.php(213): CodeIgniter\View\View->CodeIgniter\View\{closure}()
#3 C:\wamp64\www\blood-bank\system\Common.php(1089): CodeIgniter\View\View->render('donorsection/in...', Array, true)
#4 C:\wamp64\www\blood-bank\app\Controllers\DonorSection.php(51): view('donorsection/in...', Array)
#5 C:\wamp64\www\blood-bank\system\CodeIgniter.php(832): App\Controllers\DonorSection->index('listdonors', '1')
#6 C:\wamp64\www\blood-bank\system\CodeIgniter.php(419): CodeIgniter\CodeIgniter->runController(Object(App\Controllers\DonorSection))
#7 C:\wamp64\www\blood-bank\system\CodeIgniter.php(326): CodeIgniter\CodeIgniter->handleRequest(NULL, Object(Config\Cache), false)
#8 C:\wamp64\www\blood-bank\index.php(37): CodeIgniter\CodeIgniter->run()
#9 {main}
CRITICAL - 2022-09-28 06:24:50 --> Invalid argument supplied for foreach()
#0 C:\wamp64\www\blood-bank\app\Views\donorsection\index.php(135): CodeIgniter\Debug\Exceptions->errorHandler(2, 'Invalid argumen...', 'C:\\wamp64\\www\\b...', 135, Array)
#1 C:\wamp64\www\blood-bank\system\View\View.php(210): include('C:\\wamp64\\www\\b...')
#2 C:\wamp64\www\blood-bank\system\View\View.php(213): CodeIgniter\View\View->CodeIgniter\View\{closure}()
#3 C:\wamp64\www\blood-bank\system\Common.php(1089): CodeIgniter\View\View->render('donorsection/in...', Array, true)
#4 C:\wamp64\www\blood-bank\app\Controllers\DonorSection.php(51): view('donorsection/in...', Array)
#5 C:\wamp64\www\blood-bank\system\CodeIgniter.php(832): App\Controllers\DonorSection->index('listdonors', '1')
#6 C:\wamp64\www\blood-bank\system\CodeIgniter.php(419): CodeIgniter\CodeIgniter->runController(Object(App\Controllers\DonorSection))
#7 C:\wamp64\www\blood-bank\system\CodeIgniter.php(326): CodeIgniter\CodeIgniter->handleRequest(NULL, Object(Config\Cache), false)
#8 C:\wamp64\www\blood-bank\index.php(37): CodeIgniter\CodeIgniter->run()
#9 {main}
CRITICAL - 2022-09-28 06:25:23 --> Invalid argument supplied for foreach()
#0 C:\wamp64\www\blood-bank\app\Views\donorsection\index.php(135): CodeIgniter\Debug\Exceptions->errorHandler(2, 'Invalid argumen...', 'C:\\wamp64\\www\\b...', 135, Array)
#1 C:\wamp64\www\blood-bank\system\View\View.php(210): include('C:\\wamp64\\www\\b...')
#2 C:\wamp64\www\blood-bank\system\View\View.php(213): CodeIgniter\View\View->CodeIgniter\View\{closure}()
#3 C:\wamp64\www\blood-bank\system\Common.php(1089): CodeIgniter\View\View->render('donorsection/in...', Array, true)
#4 C:\wamp64\www\blood-bank\app\Controllers\DonorSection.php(51): view('donorsection/in...', Array)
#5 C:\wamp64\www\blood-bank\system\CodeIgniter.php(832): App\Controllers\DonorSection->index('listdonors', '1')
#6 C:\wamp64\www\blood-bank\system\CodeIgniter.php(419): CodeIgniter\CodeIgniter->runController(Object(App\Controllers\DonorSection))
#7 C:\wamp64\www\blood-bank\system\CodeIgniter.php(326): CodeIgniter\CodeIgniter->handleRequest(NULL, Object(Config\Cache), false)
#8 C:\wamp64\www\blood-bank\index.php(37): CodeIgniter\CodeIgniter->run()
#9 {main}
CRITICAL - 2022-09-28 06:25:52 --> Invalid argument supplied for foreach()
#0 C:\wamp64\www\blood-bank\app\Views\donorsection\index.php(135): CodeIgniter\Debug\Exceptions->errorHandler(2, 'Invalid argumen...', 'C:\\wamp64\\www\\b...', 135, Array)
#1 C:\wamp64\www\blood-bank\system\View\View.php(210): include('C:\\wamp64\\www\\b...')
#2 C:\wamp64\www\blood-bank\system\View\View.php(213): CodeIgniter\View\View->CodeIgniter\View\{closure}()
#3 C:\wamp64\www\blood-bank\system\Common.php(1089): CodeIgniter\View\View->render('donorsection/in...', Array, true)
#4 C:\wamp64\www\blood-bank\app\Controllers\DonorSection.php(51): view('donorsection/in...', Array)
#5 C:\wamp64\www\blood-bank\system\CodeIgniter.php(832): App\Controllers\DonorSection->index('donationsites', '1')
#6 C:\wamp64\www\blood-bank\system\CodeIgniter.php(419): CodeIgniter\CodeIgniter->runController(Object(App\Controllers\DonorSection))
#7 C:\wamp64\www\blood-bank\system\CodeIgniter.php(326): CodeIgniter\CodeIgniter->handleRequest(NULL, Object(Config\Cache), false)
#8 C:\wamp64\www\blood-bank\index.php(37): CodeIgniter\CodeIgniter->run()
#9 {main}
CRITICAL - 2022-09-28 06:31:58 --> Invalid argument supplied for foreach()
#0 C:\wamp64\www\blood-bank\app\Views\donorsection\index.php(135): CodeIgniter\Debug\Exceptions->errorHandler(2, 'Invalid argumen...', 'C:\\wamp64\\www\\b...', 135, Array)
#1 C:\wamp64\www\blood-bank\system\View\View.php(210): include('C:\\wamp64\\www\\b...')
#2 C:\wamp64\www\blood-bank\system\View\View.php(213): CodeIgniter\View\View->CodeIgniter\View\{closure}()
#3 C:\wamp64\www\blood-bank\system\Common.php(1089): CodeIgniter\View\View->render('donorsection/in...', Array, true)
#4 C:\wamp64\www\blood-bank\app\Controllers\DonorSection.php(51): view('donorsection/in...', Array)
#5 C:\wamp64\www\blood-bank\system\CodeIgniter.php(832): App\Controllers\DonorSection->index('sitedonors', '1', '1')
#6 C:\wamp64\www\blood-bank\system\CodeIgniter.php(419): CodeIgniter\CodeIgniter->runController(Object(App\Controllers\DonorSection))
#7 C:\wamp64\www\blood-bank\system\CodeIgniter.php(326): CodeIgniter\CodeIgniter->handleRequest(NULL, Object(Config\Cache), false)
#8 C:\wamp64\www\blood-bank\index.php(37): CodeIgniter\CodeIgniter->run()
#9 {main}
