ERROR - 2022-09-20 00:41:29 --> Unknown column 'site' in 'group statement'
CRITICAL - 2022-09-20 00:41:29 --> Call to a member function getResult() on bool
#0 C:\wamp64\www\blood-bank\system\BaseModel.php(584): CodeIgniter\Model->doFindAll(0, 0)
#1 C:\wamp64\www\blood-bank\app\Controllers\Donationsites.php(27): CodeIgniter\BaseModel->findAll()
#2 C:\wamp64\www\blood-bank\system\CodeIgniter.php(832): App\Controllers\Donationsites->index('view', '1')
#3 C:\wamp64\www\blood-bank\system\CodeIgniter.php(419): CodeIgniter\CodeIgniter->runController(Object(App\Controllers\Donationsites))
#4 C:\wamp64\www\blood-bank\system\CodeIgniter.php(326): CodeIgniter\CodeIgniter->handleRequest(NULL, Object(Config\Cache), false)
#5 C:\wamp64\www\blood-bank\index.php(37): CodeIgniter\CodeIgniter->run()
#6 {main}
ERROR - 2022-09-20 00:42:04 --> Column 'hospital_id' in where clause is ambiguous
CRITICAL - 2022-09-20 00:42:04 --> Call to a member function getResult() on bool
#0 C:\wamp64\www\blood-bank\app\Controllers\DonorSection.php(41): App\Models\Statistics->getStatistics('1')
#1 C:\wamp64\www\blood-bank\system\CodeIgniter.php(832): App\Controllers\DonorSection->index('1')
#2 C:\wamp64\www\blood-bank\system\CodeIgniter.php(419): CodeIgniter\CodeIgniter->runController(Object(App\Controllers\DonorSection))
#3 C:\wamp64\www\blood-bank\system\CodeIgniter.php(326): CodeIgniter\CodeIgniter->handleRequest(NULL, Object(Config\Cache), false)
#4 C:\wamp64\www\blood-bank\index.php(37): CodeIgniter\CodeIgniter->run()
#5 {main}
ERROR - 2022-09-20 00:43:00 --> Column 'hospital_id' in where clause is ambiguous
CRITICAL - 2022-09-20 00:43:00 --> Call to a member function getResult() on bool
#0 C:\wamp64\www\blood-bank\app\Controllers\DonorSection.php(41): App\Models\Statistics->getStatistics('1')
#1 C:\wamp64\www\blood-bank\system\CodeIgniter.php(832): App\Controllers\DonorSection->index('1')
#2 C:\wamp64\www\blood-bank\system\CodeIgniter.php(419): CodeIgniter\CodeIgniter->runController(Object(App\Controllers\DonorSection))
#3 C:\wamp64\www\blood-bank\system\CodeIgniter.php(326): CodeIgniter\CodeIgniter->handleRequest(NULL, Object(Config\Cache), false)
#4 C:\wamp64\www\blood-bank\index.php(37): CodeIgniter\CodeIgniter->run()
#5 {main}
ERROR - 2022-09-20 00:43:17 --> Column 'hospital_id' in where clause is ambiguous
CRITICAL - 2022-09-20 00:43:17 --> Call to a member function getResult() on bool
#0 C:\wamp64\www\blood-bank\app\Controllers\DonorSection.php(41): App\Models\Statistics->getStatistics('1')
#1 C:\wamp64\www\blood-bank\system\CodeIgniter.php(832): App\Controllers\DonorSection->index('1')
#2 C:\wamp64\www\blood-bank\system\CodeIgniter.php(419): CodeIgniter\CodeIgniter->runController(Object(App\Controllers\DonorSection))
#3 C:\wamp64\www\blood-bank\system\CodeIgniter.php(326): CodeIgniter\CodeIgniter->handleRequest(NULL, Object(Config\Cache), false)
#4 C:\wamp64\www\blood-bank\index.php(37): CodeIgniter\CodeIgniter->run()
#5 {main}
ERROR - 2022-09-20 00:44:02 --> Column 'hospital_id' in where clause is ambiguous
CRITICAL - 2022-09-20 00:44:02 --> Call to a member function getResult() on bool
#0 C:\wamp64\www\blood-bank\app\Controllers\DonorSection.php(41): App\Models\Statistics->getStatistics('1')
#1 C:\wamp64\www\blood-bank\system\CodeIgniter.php(832): App\Controllers\DonorSection->index('1')
#2 C:\wamp64\www\blood-bank\system\CodeIgniter.php(419): CodeIgniter\CodeIgniter->runController(Object(App\Controllers\DonorSection))
#3 C:\wamp64\www\blood-bank\system\CodeIgniter.php(326): CodeIgniter\CodeIgniter->handleRequest(NULL, Object(Config\Cache), false)
#4 C:\wamp64\www\blood-bank\index.php(37): CodeIgniter\CodeIgniter->run()
#5 {main}
CRITICAL - 2022-09-20 00:45:52 --> Too few arguments to function App\Models\AdminModels::hivNum(), 0 passed in C:\wamp64\www\blood-bank\app\Controllers\DonorDataClerk.php on line 29 and exactly 1 expected
#0 C:\wamp64\www\blood-bank\app\Controllers\DonorDataClerk.php(29): App\Models\AdminModels->hivNum()
#1 C:\wamp64\www\blood-bank\system\CodeIgniter.php(832): App\Controllers\DonorDataClerk->index('1')
#2 C:\wamp64\www\blood-bank\system\CodeIgniter.php(419): CodeIgniter\CodeIgniter->runController(Object(App\Controllers\DonorDataClerk))
#3 C:\wamp64\www\blood-bank\system\CodeIgniter.php(326): CodeIgniter\CodeIgniter->handleRequest(NULL, Object(Config\Cache), false)
#4 C:\wamp64\www\blood-bank\index.php(37): CodeIgniter\CodeIgniter->run()
#5 {main}
ERROR - 2022-09-20 01:50:14 --> Unknown column 'site' in 'group statement'
CRITICAL - 2022-09-20 01:50:14 --> Call to a member function getResult() on bool
#0 C:\wamp64\www\blood-bank\system\BaseModel.php(584): CodeIgniter\Model->doFindAll(0, 0)
#1 C:\wamp64\www\blood-bank\app\Controllers\Donationsites.php(27): CodeIgniter\BaseModel->findAll()
#2 C:\wamp64\www\blood-bank\system\CodeIgniter.php(832): App\Controllers\Donationsites->index('edit', '1')
#3 C:\wamp64\www\blood-bank\system\CodeIgniter.php(419): CodeIgniter\CodeIgniter->runController(Object(App\Controllers\Donationsites))
#4 C:\wamp64\www\blood-bank\system\CodeIgniter.php(326): CodeIgniter\CodeIgniter->handleRequest(NULL, Object(Config\Cache), false)
#5 C:\wamp64\www\blood-bank\index.php(37): CodeIgniter\CodeIgniter->run()
#6 {main}
ERROR - 2022-09-20 02:22:30 --> Column 'hospital_id' in where clause is ambiguous
CRITICAL - 2022-09-20 02:22:30 --> Call to a member function getResult() on bool
#0 C:\wamp64\www\blood-bank\system\BaseModel.php(584): CodeIgniter\Model->doFindAll(0, 0)
#1 C:\wamp64\www\blood-bank\app\Controllers\Listdonors.php(30): CodeIgniter\BaseModel->findAll()
#2 C:\wamp64\www\blood-bank\system\CodeIgniter.php(832): App\Controllers\Listdonors->index('1')
#3 C:\wamp64\www\blood-bank\system\CodeIgniter.php(419): CodeIgniter\CodeIgniter->runController(Object(App\Controllers\Listdonors))
#4 C:\wamp64\www\blood-bank\system\CodeIgniter.php(326): CodeIgniter\CodeIgniter->handleRequest(NULL, Object(Config\Cache), false)
#5 C:\wamp64\www\blood-bank\index.php(37): CodeIgniter\CodeIgniter->run()
#6 {main}
ERROR - 2022-09-20 02:29:55 --> Column 'site_id' in group statement is ambiguous
CRITICAL - 2022-09-20 02:29:55 --> Call to a member function getResult() on bool
#0 C:\wamp64\www\blood-bank\system\BaseModel.php(584): CodeIgniter\Model->doFindAll(0, 0)
#1 C:\wamp64\www\blood-bank\app\Controllers\Listdonors.php(30): CodeIgniter\BaseModel->findAll()
#2 C:\wamp64\www\blood-bank\system\CodeIgniter.php(832): App\Controllers\Listdonors->index('1')
#3 C:\wamp64\www\blood-bank\system\CodeIgniter.php(419): CodeIgniter\CodeIgniter->runController(Object(App\Controllers\Listdonors))
#4 C:\wamp64\www\blood-bank\system\CodeIgniter.php(326): CodeIgniter\CodeIgniter->handleRequest(NULL, Object(Config\Cache), false)
#5 C:\wamp64\www\blood-bank\index.php(37): CodeIgniter\CodeIgniter->run()
#6 {main}
ERROR - 2022-09-20 02:30:05 --> Column 'site_id' in group statement is ambiguous
CRITICAL - 2022-09-20 02:30:05 --> Call to a member function getResult() on bool
#0 C:\wamp64\www\blood-bank\system\BaseModel.php(584): CodeIgniter\Model->doFindAll(0, 0)
#1 C:\wamp64\www\blood-bank\app\Controllers\Listdonors.php(30): CodeIgniter\BaseModel->findAll()
#2 C:\wamp64\www\blood-bank\system\CodeIgniter.php(832): App\Controllers\Listdonors->index('1')
#3 C:\wamp64\www\blood-bank\system\CodeIgniter.php(419): CodeIgniter\CodeIgniter->runController(Object(App\Controllers\Listdonors))
#4 C:\wamp64\www\blood-bank\system\CodeIgniter.php(326): CodeIgniter\CodeIgniter->handleRequest(NULL, Object(Config\Cache), false)
#5 C:\wamp64\www\blood-bank\index.php(37): CodeIgniter\CodeIgniter->run()
#6 {main}
CRITICAL - 2022-09-20 02:53:04 --> Call to a member function find() on null
#0 C:\wamp64\www\blood-bank\system\CodeIgniter.php(832): App\Controllers\Listdonors->edit('', '3')
#1 C:\wamp64\www\blood-bank\system\CodeIgniter.php(419): CodeIgniter\CodeIgniter->runController(Object(App\Controllers\Listdonors))
#2 C:\wamp64\www\blood-bank\system\CodeIgniter.php(326): CodeIgniter\CodeIgniter->handleRequest(NULL, Object(Config\Cache), false)
#3 C:\wamp64\www\blood-bank\index.php(37): CodeIgniter\CodeIgniter->run()
#4 {main}
CRITICAL - 2022-09-20 02:54:19 --> syntax error, unexpected 'return' (T_RETURN)
#0 C:\wamp64\www\blood-bank\system\Autoloader\Autoloader.php(241): CodeIgniter\Autoloader\Autoloader->includeFile('C:\\wamp64\\www\\b...')
#1 C:\wamp64\www\blood-bank\system\Autoloader\Autoloader.php(219): CodeIgniter\Autoloader\Autoloader->loadInNamespace('App\\Controllers...')
#2 [internal function]: CodeIgniter\Autoloader\Autoloader->loadClass('App\\Controllers...')
#3 [internal function]: spl_autoload_call('App\\Controllers...')
#4 C:\wamp64\www\blood-bank\system\CodeIgniter.php(797): class_exists('\\App\\Controller...', true)
#5 C:\wamp64\www\blood-bank\system\CodeIgniter.php(406): CodeIgniter\CodeIgniter->startController()
#6 C:\wamp64\www\blood-bank\system\CodeIgniter.php(326): CodeIgniter\CodeIgniter->handleRequest(NULL, Object(Config\Cache), false)
#7 C:\wamp64\www\blood-bank\index.php(37): CodeIgniter\CodeIgniter->run()
#8 {main}
CRITICAL - 2022-09-20 02:54:32 --> Call to a member function find() on null
#0 C:\wamp64\www\blood-bank\system\CodeIgniter.php(832): App\Controllers\Listdonors->edit('', '3')
#1 C:\wamp64\www\blood-bank\system\CodeIgniter.php(419): CodeIgniter\CodeIgniter->runController(Object(App\Controllers\Listdonors))
#2 C:\wamp64\www\blood-bank\system\CodeIgniter.php(326): CodeIgniter\CodeIgniter->handleRequest(NULL, Object(Config\Cache), false)
#3 C:\wamp64\www\blood-bank\index.php(37): CodeIgniter\CodeIgniter->run()
#4 {main}
CRITICAL - 2022-09-20 06:43:30 --> syntax error, unexpected '=>' (T_DOUBLE_ARROW)
#0 C:\wamp64\www\blood-bank\system\Router\Router.php(175): CodeIgniter\Router\Router->autoRoute('/Listdonors/edi...')
#1 C:\wamp64\www\blood-bank\system\CodeIgniter.php(726): CodeIgniter\Router\Router->handle('/Listdonors/edi...')
#2 C:\wamp64\www\blood-bank\system\CodeIgniter.php(368): CodeIgniter\CodeIgniter->tryToRouteIt(Object(CodeIgniter\Router\RouteCollection))
#3 C:\wamp64\www\blood-bank\system\CodeIgniter.php(326): CodeIgniter\CodeIgniter->handleRequest(NULL, Object(Config\Cache), false)
#4 C:\wamp64\www\blood-bank\index.php(37): CodeIgniter\CodeIgniter->run()
#5 {main}
CRITICAL - 2022-09-20 06:43:46 --> syntax error, unexpected ','
#0 C:\wamp64\www\blood-bank\system\Router\Router.php(175): CodeIgniter\Router\Router->autoRoute('/Listdonors/edi...')
#1 C:\wamp64\www\blood-bank\system\CodeIgniter.php(726): CodeIgniter\Router\Router->handle('/Listdonors/edi...')
#2 C:\wamp64\www\blood-bank\system\CodeIgniter.php(368): CodeIgniter\CodeIgniter->tryToRouteIt(Object(CodeIgniter\Router\RouteCollection))
#3 C:\wamp64\www\blood-bank\system\CodeIgniter.php(326): CodeIgniter\CodeIgniter->handleRequest(NULL, Object(Config\Cache), false)
#4 C:\wamp64\www\blood-bank\index.php(37): CodeIgniter\CodeIgniter->run()
#5 {main}
ERROR - 2022-09-20 06:48:42 --> Unknown column 'site' in 'group statement'
CRITICAL - 2022-09-20 06:48:42 --> Call to a member function getResult() on bool
#0 C:\wamp64\www\blood-bank\system\BaseModel.php(584): CodeIgniter\Model->doFindAll(0, 0)
#1 C:\wamp64\www\blood-bank\app\Controllers\Donationsites.php(27): CodeIgniter\BaseModel->findAll()
#2 C:\wamp64\www\blood-bank\system\CodeIgniter.php(832): App\Controllers\Donationsites->index('viewprint', '2022-12-18')
#3 C:\wamp64\www\blood-bank\system\CodeIgniter.php(419): CodeIgniter\CodeIgniter->runController(Object(App\Controllers\Donationsites))
#4 C:\wamp64\www\blood-bank\system\CodeIgniter.php(326): CodeIgniter\CodeIgniter->handleRequest(NULL, Object(Config\Cache), false)
#5 C:\wamp64\www\blood-bank\index.php(37): CodeIgniter\CodeIgniter->run()
#6 {main}
ERROR - 2022-09-20 12:59:55 --> Unknown column 'site' in 'group statement'
CRITICAL - 2022-09-20 12:59:55 --> Call to a member function getResult() on bool
#0 C:\wamp64\www\blood-bank\system\BaseModel.php(584): CodeIgniter\Model->doFindAll(0, 0)
#1 C:\wamp64\www\blood-bank\app\Controllers\Donationsites.php(27): CodeIgniter\BaseModel->findAll()
#2 C:\wamp64\www\blood-bank\system\CodeIgniter.php(832): App\Controllers\Donationsites->index('view', '1')
#3 C:\wamp64\www\blood-bank\system\CodeIgniter.php(419): CodeIgniter\CodeIgniter->runController(Object(App\Controllers\Donationsites))
#4 C:\wamp64\www\blood-bank\system\CodeIgniter.php(326): CodeIgniter\CodeIgniter->handleRequest(NULL, Object(Config\Cache), false)
#5 C:\wamp64\www\blood-bank\index.php(37): CodeIgniter\CodeIgniter->run()
#6 {main}
ERROR - 2022-09-20 13:00:03 --> Unknown column 'site' in 'group statement'
CRITICAL - 2022-09-20 13:00:03 --> Call to a member function getResult() on bool
#0 C:\wamp64\www\blood-bank\system\BaseModel.php(584): CodeIgniter\Model->doFindAll(0, 0)
#1 C:\wamp64\www\blood-bank\app\Controllers\Donationsites.php(27): CodeIgniter\BaseModel->findAll()
#2 C:\wamp64\www\blood-bank\system\CodeIgniter.php(832): App\Controllers\Donationsites->index('edit', '1')
#3 C:\wamp64\www\blood-bank\system\CodeIgniter.php(419): CodeIgniter\CodeIgniter->runController(Object(App\Controllers\Donationsites))
#4 C:\wamp64\www\blood-bank\system\CodeIgniter.php(326): CodeIgniter\CodeIgniter->handleRequest(NULL, Object(Config\Cache), false)
#5 C:\wamp64\www\blood-bank\index.php(37): CodeIgniter\CodeIgniter->run()
#6 {main}
ERROR - 2022-09-20 13:00:15 --> Unknown column 'site' in 'group statement'
CRITICAL - 2022-09-20 13:00:15 --> Call to a member function getResult() on bool
#0 C:\wamp64\www\blood-bank\system\BaseModel.php(584): CodeIgniter\Model->doFindAll(0, 0)
#1 C:\wamp64\www\blood-bank\app\Controllers\Donationsites.php(27): CodeIgniter\BaseModel->findAll()
#2 C:\wamp64\www\blood-bank\system\CodeIgniter.php(832): App\Controllers\Donationsites->index('delete', '9')
#3 C:\wamp64\www\blood-bank\system\CodeIgniter.php(419): CodeIgniter\CodeIgniter->runController(Object(App\Controllers\Donationsites))
#4 C:\wamp64\www\blood-bank\system\CodeIgniter.php(326): CodeIgniter\CodeIgniter->handleRequest(NULL, Object(Config\Cache), false)
#5 C:\wamp64\www\blood-bank\index.php(37): CodeIgniter\CodeIgniter->run()
#6 {main}
ERROR - 2022-09-20 13:45:42 --> Column 'hospital_id' in where clause is ambiguous
CRITICAL - 2022-09-20 13:45:42 --> Call to a member function getResult() on bool
#0 C:\wamp64\www\blood-bank\app\Controllers\Dashboard.php(39): App\Models\AdminModels->getDonors('1')
#1 C:\wamp64\www\blood-bank\system\CodeIgniter.php(832): App\Controllers\Dashboard->index('1')
#2 C:\wamp64\www\blood-bank\system\CodeIgniter.php(419): CodeIgniter\CodeIgniter->runController(Object(App\Controllers\Dashboard))
#3 C:\wamp64\www\blood-bank\system\CodeIgniter.php(326): CodeIgniter\CodeIgniter->handleRequest(NULL, Object(Config\Cache), false)
#4 C:\wamp64\www\blood-bank\index.php(37): CodeIgniter\CodeIgniter->run()
#5 {main}
ERROR - 2022-09-20 13:51:38 --> You have an error in your SQL syntax; check the manual that corresponds to your MySQL server version for the right syntax to use near '.`site_id`)
WHERE `donors`.`hospital_id` = '1'
AND `donation_sites`.`hospital_id' at line 3
CRITICAL - 2022-09-20 13:51:38 --> Call to a member function getResult() on bool
#0 C:\wamp64\www\blood-bank\system\BaseModel.php(584): CodeIgniter\Model->doFindAll(0, 0)
#1 C:\wamp64\www\blood-bank\app\Controllers\Listdonors.php(30): CodeIgniter\BaseModel->findAll()
#2 C:\wamp64\www\blood-bank\system\CodeIgniter.php(832): App\Controllers\Listdonors->index('1')
#3 C:\wamp64\www\blood-bank\system\CodeIgniter.php(419): CodeIgniter\CodeIgniter->runController(Object(App\Controllers\Listdonors))
#4 C:\wamp64\www\blood-bank\system\CodeIgniter.php(326): CodeIgniter\CodeIgniter->handleRequest(NULL, Object(Config\Cache), false)
#5 C:\wamp64\www\blood-bank\index.php(37): CodeIgniter\CodeIgniter->run()
#6 {main}
ERROR - 2022-09-20 13:57:12 --> You have an error in your SQL syntax; check the manual that corresponds to your MySQL server version for the right syntax to use near '.`site_id`)
WHERE `donors`.`hospital_id` = '1'
AND `donation_sites`.`hospital_id' at line 3
ERROR - 2022-09-20 13:58:29 --> You have an error in your SQL syntax; check the manual that corresponds to your MySQL server version for the right syntax to use near '.`site_id`)
WHERE `donors`.`hospital_id` = '1'
AND `donation_sites`.`hospital_id' at line 3
CRITICAL - 2022-09-20 13:58:29 --> Call to a member function getResultArray() on bool
#0 C:\wamp64\www\blood-bank\app\Controllers\Dashboard.php(40): App\Models\Statistics->getStatistics1('1')
#1 C:\wamp64\www\blood-bank\system\CodeIgniter.php(832): App\Controllers\Dashboard->index('1')
#2 C:\wamp64\www\blood-bank\system\CodeIgniter.php(419): CodeIgniter\CodeIgniter->runController(Object(App\Controllers\Dashboard))
#3 C:\wamp64\www\blood-bank\system\CodeIgniter.php(326): CodeIgniter\CodeIgniter->handleRequest(NULL, Object(Config\Cache), false)
#4 C:\wamp64\www\blood-bank\index.php(37): CodeIgniter\CodeIgniter->run()
#5 {main}
CRITICAL - 2022-09-20 14:07:42 --> count(): Parameter must be an array or an object that implements Countable
#0 C:\wamp64\www\blood-bank\app\Views\admin\dashboard.php(153): CodeIgniter\Debug\Exceptions->errorHandler(2, 'count(): Parame...', 'C:\\wamp64\\www\\b...', 153, Array)
#1 C:\wamp64\www\blood-bank\system\View\View.php(210): include('C:\\wamp64\\www\\b...')
#2 C:\wamp64\www\blood-bank\system\View\View.php(213): CodeIgniter\View\View->CodeIgniter\View\{closure}()
#3 C:\wamp64\www\blood-bank\system\Common.php(1089): CodeIgniter\View\View->render('admin/dashboard', Array, true)
#4 C:\wamp64\www\blood-bank\app\Controllers\Dashboard.php(46): view('admin/dashboard', Array)
#5 C:\wamp64\www\blood-bank\system\CodeIgniter.php(832): App\Controllers\Dashboard->index('1')
#6 C:\wamp64\www\blood-bank\system\CodeIgniter.php(419): CodeIgniter\CodeIgniter->runController(Object(App\Controllers\Dashboard))
#7 C:\wamp64\www\blood-bank\system\CodeIgniter.php(326): CodeIgniter\CodeIgniter->handleRequest(NULL, Object(Config\Cache), false)
#8 C:\wamp64\www\blood-bank\index.php(37): CodeIgniter\CodeIgniter->run()
#9 {main}
CRITICAL - 2022-09-20 14:09:00 --> Invalid argument supplied for foreach()
#0 C:\wamp64\www\blood-bank\app\Views\admin\dashboard.php(151): CodeIgniter\Debug\Exceptions->errorHandler(2, 'Invalid argumen...', 'C:\\wamp64\\www\\b...', 151, Array)
#1 C:\wamp64\www\blood-bank\system\View\View.php(210): include('C:\\wamp64\\www\\b...')
#2 C:\wamp64\www\blood-bank\system\View\View.php(213): CodeIgniter\View\View->CodeIgniter\View\{closure}()
#3 C:\wamp64\www\blood-bank\system\Common.php(1089): CodeIgniter\View\View->render('admin/dashboard', Array, true)
#4 C:\wamp64\www\blood-bank\app\Controllers\Dashboard.php(46): view('admin/dashboard', Array)
#5 C:\wamp64\www\blood-bank\system\CodeIgniter.php(832): App\Controllers\Dashboard->index('1')
#6 C:\wamp64\www\blood-bank\system\CodeIgniter.php(419): CodeIgniter\CodeIgniter->runController(Object(App\Controllers\Dashboard))
#7 C:\wamp64\www\blood-bank\system\CodeIgniter.php(326): CodeIgniter\CodeIgniter->handleRequest(NULL, Object(Config\Cache), false)
#8 C:\wamp64\www\blood-bank\index.php(37): CodeIgniter\CodeIgniter->run()
#9 {main}
ERROR - 2022-09-20 14:09:18 --> Column 'hospital_id' in where clause is ambiguous
CRITICAL - 2022-09-20 14:09:18 --> Call to a member function getResult() on bool
#0 C:\wamp64\www\blood-bank\app\Controllers\Dashboard.php(41): App\Models\Statistics->getStatistics('1')
#1 C:\wamp64\www\blood-bank\system\CodeIgniter.php(832): App\Controllers\Dashboard->index('1')
#2 C:\wamp64\www\blood-bank\system\CodeIgniter.php(419): CodeIgniter\CodeIgniter->runController(Object(App\Controllers\Dashboard))
#3 C:\wamp64\www\blood-bank\system\CodeIgniter.php(326): CodeIgniter\CodeIgniter->handleRequest(NULL, Object(Config\Cache), false)
#4 C:\wamp64\www\blood-bank\index.php(37): CodeIgniter\CodeIgniter->run()
#5 {main}
ERROR - 2022-09-20 14:10:09 --> Column 'hospital_id' in where clause is ambiguous
CRITICAL - 2022-09-20 14:10:09 --> Call to a member function getResult() on bool
#0 C:\wamp64\www\blood-bank\app\Controllers\Dashboard.php(41): App\Models\Statistics->getStatistics('1')
#1 C:\wamp64\www\blood-bank\system\CodeIgniter.php(832): App\Controllers\Dashboard->index('1')
#2 C:\wamp64\www\blood-bank\system\CodeIgniter.php(419): CodeIgniter\CodeIgniter->runController(Object(App\Controllers\Dashboard))
#3 C:\wamp64\www\blood-bank\system\CodeIgniter.php(326): CodeIgniter\CodeIgniter->handleRequest(NULL, Object(Config\Cache), false)
#4 C:\wamp64\www\blood-bank\index.php(37): CodeIgniter\CodeIgniter->run()
#5 {main}
ERROR - 2022-09-20 14:10:41 --> Column 'hospital_id' in where clause is ambiguous
CRITICAL - 2022-09-20 14:10:41 --> Call to a member function getResult() on bool
#0 C:\wamp64\www\blood-bank\app\Controllers\Dashboard.php(41): App\Models\Statistics->getStatistics('1')
#1 C:\wamp64\www\blood-bank\system\CodeIgniter.php(832): App\Controllers\Dashboard->index('1')
#2 C:\wamp64\www\blood-bank\system\CodeIgniter.php(419): CodeIgniter\CodeIgniter->runController(Object(App\Controllers\Dashboard))
#3 C:\wamp64\www\blood-bank\system\CodeIgniter.php(326): CodeIgniter\CodeIgniter->handleRequest(NULL, Object(Config\Cache), false)
#4 C:\wamp64\www\blood-bank\index.php(37): CodeIgniter\CodeIgniter->run()
#5 {main}
CRITICAL - 2022-09-20 14:11:07 --> Cannot use object of type stdClass as array
#0 C:\wamp64\www\blood-bank\system\View\View.php(210): include()
#1 C:\wamp64\www\blood-bank\system\View\View.php(213): CodeIgniter\View\View->CodeIgniter\View\{closure}()
#2 C:\wamp64\www\blood-bank\system\Common.php(1089): CodeIgniter\View\View->render('admin/dashboard', Array, true)
#3 C:\wamp64\www\blood-bank\app\Controllers\Dashboard.php(46): view('admin/dashboard', Array)
#4 C:\wamp64\www\blood-bank\system\CodeIgniter.php(832): App\Controllers\Dashboard->index('1')
#5 C:\wamp64\www\blood-bank\system\CodeIgniter.php(419): CodeIgniter\CodeIgniter->runController(Object(App\Controllers\Dashboard))
#6 C:\wamp64\www\blood-bank\system\CodeIgniter.php(326): CodeIgniter\CodeIgniter->handleRequest(NULL, Object(Config\Cache), false)
#7 C:\wamp64\www\blood-bank\index.php(37): CodeIgniter\CodeIgniter->run()
#8 {main}
ERROR - 2022-09-20 14:11:28 --> Column 'site_id' in group statement is ambiguous
CRITICAL - 2022-09-20 14:11:28 --> Call to a member function getResult() on bool
#0 C:\wamp64\www\blood-bank\app\Controllers\Dashboard.php(41): App\Models\Statistics->getStatistics('1')
#1 C:\wamp64\www\blood-bank\system\CodeIgniter.php(832): App\Controllers\Dashboard->index('1')
#2 C:\wamp64\www\blood-bank\system\CodeIgniter.php(419): CodeIgniter\CodeIgniter->runController(Object(App\Controllers\Dashboard))
#3 C:\wamp64\www\blood-bank\system\CodeIgniter.php(326): CodeIgniter\CodeIgniter->handleRequest(NULL, Object(Config\Cache), false)
#4 C:\wamp64\www\blood-bank\index.php(37): CodeIgniter\CodeIgniter->run()
#5 {main}
CRITICAL - 2022-09-20 14:11:41 --> Cannot use object of type stdClass as array
#0 C:\wamp64\www\blood-bank\system\View\View.php(210): include()
#1 C:\wamp64\www\blood-bank\system\View\View.php(213): CodeIgniter\View\View->CodeIgniter\View\{closure}()
#2 C:\wamp64\www\blood-bank\system\Common.php(1089): CodeIgniter\View\View->render('admin/dashboard', Array, true)
#3 C:\wamp64\www\blood-bank\app\Controllers\Dashboard.php(46): view('admin/dashboard', Array)
#4 C:\wamp64\www\blood-bank\system\CodeIgniter.php(832): App\Controllers\Dashboard->index('1')
#5 C:\wamp64\www\blood-bank\system\CodeIgniter.php(419): CodeIgniter\CodeIgniter->runController(Object(App\Controllers\Dashboard))
#6 C:\wamp64\www\blood-bank\system\CodeIgniter.php(326): CodeIgniter\CodeIgniter->handleRequest(NULL, Object(Config\Cache), false)
#7 C:\wamp64\www\blood-bank\index.php(37): CodeIgniter\CodeIgniter->run()
#8 {main}
CRITICAL - 2022-09-20 14:12:08 --> Cannot use object of type stdClass as array
#0 C:\wamp64\www\blood-bank\system\View\View.php(210): include()
#1 C:\wamp64\www\blood-bank\system\View\View.php(213): CodeIgniter\View\View->CodeIgniter\View\{closure}()
#2 C:\wamp64\www\blood-bank\system\Common.php(1089): CodeIgniter\View\View->render('admin/dashboard', Array, true)
#3 C:\wamp64\www\blood-bank\app\Controllers\Dashboard.php(46): view('admin/dashboard', Array)
#4 C:\wamp64\www\blood-bank\system\CodeIgniter.php(832): App\Controllers\Dashboard->index('1')
#5 C:\wamp64\www\blood-bank\system\CodeIgniter.php(419): CodeIgniter\CodeIgniter->runController(Object(App\Controllers\Dashboard))
#6 C:\wamp64\www\blood-bank\system\CodeIgniter.php(326): CodeIgniter\CodeIgniter->handleRequest(NULL, Object(Config\Cache), false)
#7 C:\wamp64\www\blood-bank\index.php(37): CodeIgniter\CodeIgniter->run()
#8 {main}
ERROR - 2022-09-20 14:18:58 --> Column 'site_id' in group statement is ambiguous
CRITICAL - 2022-09-20 14:18:58 --> Call to a member function getResult() on bool
#0 C:\wamp64\www\blood-bank\app\Controllers\Dashboard.php(41): App\Models\Statistics->getStatistics('1')
#1 C:\wamp64\www\blood-bank\system\CodeIgniter.php(832): App\Controllers\Dashboard->index('1')
#2 C:\wamp64\www\blood-bank\system\CodeIgniter.php(419): CodeIgniter\CodeIgniter->runController(Object(App\Controllers\Dashboard))
#3 C:\wamp64\www\blood-bank\system\CodeIgniter.php(326): CodeIgniter\CodeIgniter->handleRequest(NULL, Object(Config\Cache), false)
#4 C:\wamp64\www\blood-bank\index.php(37): CodeIgniter\CodeIgniter->run()
#5 {main}
CRITICAL - 2022-09-20 14:21:58 --> count(): Parameter must be an array or an object that implements Countable
#0 C:\wamp64\www\blood-bank\app\Views\admin\dashboard.php(153): CodeIgniter\Debug\Exceptions->errorHandler(2, 'count(): Parame...', 'C:\\wamp64\\www\\b...', 153, Array)
#1 C:\wamp64\www\blood-bank\system\View\View.php(210): include('C:\\wamp64\\www\\b...')
#2 C:\wamp64\www\blood-bank\system\View\View.php(213): CodeIgniter\View\View->CodeIgniter\View\{closure}()
#3 C:\wamp64\www\blood-bank\system\Common.php(1089): CodeIgniter\View\View->render('admin/dashboard', Array, true)
#4 C:\wamp64\www\blood-bank\app\Controllers\Dashboard.php(46): view('admin/dashboard', Array)
#5 C:\wamp64\www\blood-bank\system\CodeIgniter.php(832): App\Controllers\Dashboard->index('1')
#6 C:\wamp64\www\blood-bank\system\CodeIgniter.php(419): CodeIgniter\CodeIgniter->runController(Object(App\Controllers\Dashboard))
#7 C:\wamp64\www\blood-bank\system\CodeIgniter.php(326): CodeIgniter\CodeIgniter->handleRequest(NULL, Object(Config\Cache), false)
#8 C:\wamp64\www\blood-bank\index.php(37): CodeIgniter\CodeIgniter->run()
#9 {main}
CRITICAL - 2022-09-20 14:22:50 --> count(): Parameter must be an array or an object that implements Countable
#0 C:\wamp64\www\blood-bank\app\Views\admin\dashboard.php(153): CodeIgniter\Debug\Exceptions->errorHandler(2, 'count(): Parame...', 'C:\\wamp64\\www\\b...', 153, Array)
#1 C:\wamp64\www\blood-bank\system\View\View.php(210): include('C:\\wamp64\\www\\b...')
#2 C:\wamp64\www\blood-bank\system\View\View.php(213): CodeIgniter\View\View->CodeIgniter\View\{closure}()
#3 C:\wamp64\www\blood-bank\system\Common.php(1089): CodeIgniter\View\View->render('admin/dashboard', Array, true)
#4 C:\wamp64\www\blood-bank\app\Controllers\Dashboard.php(46): view('admin/dashboard', Array)
#5 C:\wamp64\www\blood-bank\system\CodeIgniter.php(832): App\Controllers\Dashboard->index('1')
#6 C:\wamp64\www\blood-bank\system\CodeIgniter.php(419): CodeIgniter\CodeIgniter->runController(Object(App\Controllers\Dashboard))
#7 C:\wamp64\www\blood-bank\system\CodeIgniter.php(326): CodeIgniter\CodeIgniter->handleRequest(NULL, Object(Config\Cache), false)
#8 C:\wamp64\www\blood-bank\index.php(37): CodeIgniter\CodeIgniter->run()
#9 {main}
CRITICAL - 2022-09-20 14:23:01 --> count(): Parameter must be an array or an object that implements Countable
#0 C:\wamp64\www\blood-bank\app\Views\admin\dashboard.php(153): CodeIgniter\Debug\Exceptions->errorHandler(2, 'count(): Parame...', 'C:\\wamp64\\www\\b...', 153, Array)
#1 C:\wamp64\www\blood-bank\system\View\View.php(210): include('C:\\wamp64\\www\\b...')
#2 C:\wamp64\www\blood-bank\system\View\View.php(213): CodeIgniter\View\View->CodeIgniter\View\{closure}()
#3 C:\wamp64\www\blood-bank\system\Common.php(1089): CodeIgniter\View\View->render('admin/dashboard', Array, true)
#4 C:\wamp64\www\blood-bank\app\Controllers\Dashboard.php(46): view('admin/dashboard', Array)
#5 C:\wamp64\www\blood-bank\system\CodeIgniter.php(832): App\Controllers\Dashboard->index('1')
#6 C:\wamp64\www\blood-bank\system\CodeIgniter.php(419): CodeIgniter\CodeIgniter->runController(Object(App\Controllers\Dashboard))
#7 C:\wamp64\www\blood-bank\system\CodeIgniter.php(326): CodeIgniter\CodeIgniter->handleRequest(NULL, Object(Config\Cache), false)
#8 C:\wamp64\www\blood-bank\index.php(37): CodeIgniter\CodeIgniter->run()
#9 {main}
CRITICAL - 2022-09-20 14:30:08 --> count(): Parameter must be an array or an object that implements Countable
#0 C:\wamp64\www\blood-bank\app\Views\admin\dashboard.php(153): CodeIgniter\Debug\Exceptions->errorHandler(2, 'count(): Parame...', 'C:\\wamp64\\www\\b...', 153, Array)
#1 C:\wamp64\www\blood-bank\system\View\View.php(210): include('C:\\wamp64\\www\\b...')
#2 C:\wamp64\www\blood-bank\system\View\View.php(213): CodeIgniter\View\View->CodeIgniter\View\{closure}()
#3 C:\wamp64\www\blood-bank\system\Common.php(1089): CodeIgniter\View\View->render('admin/dashboard', Array, true)
#4 C:\wamp64\www\blood-bank\app\Controllers\Dashboard.php(46): view('admin/dashboard', Array)
#5 C:\wamp64\www\blood-bank\system\CodeIgniter.php(832): App\Controllers\Dashboard->index('1')
#6 C:\wamp64\www\blood-bank\system\CodeIgniter.php(419): CodeIgniter\CodeIgniter->runController(Object(App\Controllers\Dashboard))
#7 C:\wamp64\www\blood-bank\system\CodeIgniter.php(326): CodeIgniter\CodeIgniter->handleRequest(NULL, Object(Config\Cache), false)
#8 C:\wamp64\www\blood-bank\index.php(37): CodeIgniter\CodeIgniter->run()
#9 {main}
ERROR - 2022-09-20 14:41:24 --> Unknown column 'site' in 'group statement'
CRITICAL - 2022-09-20 14:41:24 --> Call to a member function getResult() on bool
#0 C:\wamp64\www\blood-bank\system\BaseModel.php(584): CodeIgniter\Model->doFindAll(0, 0)
#1 C:\wamp64\www\blood-bank\app\Controllers\Donationsites.php(27): CodeIgniter\BaseModel->findAll()
#2 C:\wamp64\www\blood-bank\system\CodeIgniter.php(832): App\Controllers\Donationsites->index('viewprint', '2022-12-18', 'Kayambi Primary...')
#3 C:\wamp64\www\blood-bank\system\CodeIgniter.php(419): CodeIgniter\CodeIgniter->runController(Object(App\Controllers\Donationsites))
#4 C:\wamp64\www\blood-bank\system\CodeIgniter.php(326): CodeIgniter\CodeIgniter->handleRequest(NULL, Object(Config\Cache), false)
#5 C:\wamp64\www\blood-bank\index.php(37): CodeIgniter\CodeIgniter->run()
#6 {main}
ERROR - 2022-09-20 14:42:32 --> Unknown column 'site' in 'group statement'
CRITICAL - 2022-09-20 14:42:32 --> Call to a member function getResult() on bool
#0 C:\wamp64\www\blood-bank\system\BaseModel.php(584): CodeIgniter\Model->doFindAll(0, 0)
#1 C:\wamp64\www\blood-bank\app\Controllers\Donationsites.php(27): CodeIgniter\BaseModel->findAll()
#2 C:\wamp64\www\blood-bank\system\CodeIgniter.php(832): App\Controllers\Donationsites->index('viewprint', '2022-12-18', 'Kayambi Primary...')
#3 C:\wamp64\www\blood-bank\system\CodeIgniter.php(419): CodeIgniter\CodeIgniter->runController(Object(App\Controllers\Donationsites))
#4 C:\wamp64\www\blood-bank\system\CodeIgniter.php(326): CodeIgniter\CodeIgniter->handleRequest(NULL, Object(Config\Cache), false)
#5 C:\wamp64\www\blood-bank\index.php(37): CodeIgniter\CodeIgniter->run()
#6 {main}
ERROR - 2022-09-20 14:44:11 --> Unknown column 'site' in 'group statement'
CRITICAL - 2022-09-20 14:44:11 --> Call to a member function getResult() on bool
#0 C:\wamp64\www\blood-bank\system\BaseModel.php(584): CodeIgniter\Model->doFindAll(0, 0)
#1 C:\wamp64\www\blood-bank\app\Controllers\Donationsites.php(27): CodeIgniter\BaseModel->findAll()
#2 C:\wamp64\www\blood-bank\system\CodeIgniter.php(832): App\Controllers\Donationsites->index('viewprint', '2022-12-18', 'Kayambi Primary...', '1')
#3 C:\wamp64\www\blood-bank\system\CodeIgniter.php(419): CodeIgniter\CodeIgniter->runController(Object(App\Controllers\Donationsites))
#4 C:\wamp64\www\blood-bank\system\CodeIgniter.php(326): CodeIgniter\CodeIgniter->handleRequest(NULL, Object(Config\Cache), false)
#5 C:\wamp64\www\blood-bank\index.php(37): CodeIgniter\CodeIgniter->run()
#6 {main}
ERROR - 2022-09-20 14:47:32 --> Unknown column 'donation_site_name' in 'group statement'
CRITICAL - 2022-09-20 14:47:32 --> Call to a member function getResult() on bool
#0 C:\wamp64\www\blood-bank\system\BaseModel.php(584): CodeIgniter\Model->doFindAll(0, 0)
#1 C:\wamp64\www\blood-bank\app\Controllers\Donationsites.php(27): CodeIgniter\BaseModel->findAll()
#2 C:\wamp64\www\blood-bank\system\CodeIgniter.php(832): App\Controllers\Donationsites->index('viewprint', '2022-12-18', 'Kayambi Primary...', '1')
#3 C:\wamp64\www\blood-bank\system\CodeIgniter.php(419): CodeIgniter\CodeIgniter->runController(Object(App\Controllers\Donationsites))
#4 C:\wamp64\www\blood-bank\system\CodeIgniter.php(326): CodeIgniter\CodeIgniter->handleRequest(NULL, Object(Config\Cache), false)
#5 C:\wamp64\www\blood-bank\index.php(37): CodeIgniter\CodeIgniter->run()
#6 {main}
ERROR - 2022-09-20 15:05:47 --> You have an error in your SQL syntax; check the manual that corresponds to your MySQL server version for the right syntax to use near '.`site_id`)
WHERE `date_of_next_donation` = '5'
AND `donors`.`site_id` = '1'
AND' at line 3
CRITICAL - 2022-09-20 15:05:47 --> Call to a member function getResult() on bool
#0 C:\wamp64\www\blood-bank\system\BaseModel.php(584): CodeIgniter\Model->doFindAll(0, 0)
#1 C:\wamp64\www\blood-bank\app\Controllers\Donationsites.php(46): CodeIgniter\BaseModel->findAll()
#2 C:\wamp64\www\blood-bank\system\CodeIgniter.php(832): App\Controllers\Donationsites->sitedata('5', '1')
#3 C:\wamp64\www\blood-bank\system\CodeIgniter.php(419): CodeIgniter\CodeIgniter->runController(Object(App\Controllers\Donationsites))
#4 C:\wamp64\www\blood-bank\system\CodeIgniter.php(326): CodeIgniter\CodeIgniter->handleRequest(NULL, Object(Config\Cache), false)
#5 C:\wamp64\www\blood-bank\index.php(37): CodeIgniter\CodeIgniter->run()
#6 {main}
ERROR - 2022-09-20 15:06:14 --> You have an error in your SQL syntax; check the manual that corresponds to your MySQL server version for the right syntax to use near '.`site_id`)
WHERE `donors`.`site_id` = '5'
AND `donors`.`hospital_id` = '1'' at line 3
CRITICAL - 2022-09-20 15:06:14 --> Call to a member function getResult() on bool
#0 C:\wamp64\www\blood-bank\system\BaseModel.php(584): CodeIgniter\Model->doFindAll(0, 0)
#1 C:\wamp64\www\blood-bank\app\Controllers\Donationsites.php(46): CodeIgniter\BaseModel->findAll()
#2 C:\wamp64\www\blood-bank\system\CodeIgniter.php(832): App\Controllers\Donationsites->sitedata('5', '1')
#3 C:\wamp64\www\blood-bank\system\CodeIgniter.php(419): CodeIgniter\CodeIgniter->runController(Object(App\Controllers\Donationsites))
#4 C:\wamp64\www\blood-bank\system\CodeIgniter.php(326): CodeIgniter\CodeIgniter->handleRequest(NULL, Object(Config\Cache), false)
#5 C:\wamp64\www\blood-bank\index.php(37): CodeIgniter\CodeIgniter->run()
#6 {main}
ERROR - 2022-09-20 15:06:49 --> You have an error in your SQL syntax; check the manual that corresponds to your MySQL server version for the right syntax to use near '.`site_id`)
WHERE `donors`.`site_id` = '5'' at line 3
CRITICAL - 2022-09-20 15:06:49 --> Call to a member function getResult() on bool
#0 C:\wamp64\www\blood-bank\system\BaseModel.php(584): CodeIgniter\Model->doFindAll(0, 0)
#1 C:\wamp64\www\blood-bank\app\Controllers\Donationsites.php(45): CodeIgniter\BaseModel->findAll()
#2 C:\wamp64\www\blood-bank\system\CodeIgniter.php(832): App\Controllers\Donationsites->sitedata('5', '1')
#3 C:\wamp64\www\blood-bank\system\CodeIgniter.php(419): CodeIgniter\CodeIgniter->runController(Object(App\Controllers\Donationsites))
#4 C:\wamp64\www\blood-bank\system\CodeIgniter.php(326): CodeIgniter\CodeIgniter->handleRequest(NULL, Object(Config\Cache), false)
#5 C:\wamp64\www\blood-bank\index.php(37): CodeIgniter\CodeIgniter->run()
#6 {main}
ERROR - 2022-09-20 15:19:42 --> Unknown column 'site' in 'where clause'
CRITICAL - 2022-09-20 15:19:42 --> Call to a member function getResult() on bool
#0 C:\wamp64\www\blood-bank\system\BaseModel.php(584): CodeIgniter\Model->doFindAll(0, 0)
#1 C:\wamp64\www\blood-bank\app\Controllers\Donationsites.php(35): CodeIgniter\BaseModel->findAll()
#2 C:\wamp64\www\blood-bank\system\CodeIgniter.php(832): App\Controllers\Donationsites->view('1')
#3 C:\wamp64\www\blood-bank\system\CodeIgniter.php(419): CodeIgniter\CodeIgniter->runController(Object(App\Controllers\Donationsites))
#4 C:\wamp64\www\blood-bank\system\CodeIgniter.php(326): CodeIgniter\CodeIgniter->handleRequest(NULL, Object(Config\Cache), false)
#5 C:\wamp64\www\blood-bank\index.php(37): CodeIgniter\CodeIgniter->run()
#6 {main}
ERROR - 2022-09-20 15:21:00 --> Unknown column 'site' in 'where clause'
CRITICAL - 2022-09-20 15:21:00 --> Call to a member function getResult() on bool
#0 C:\wamp64\www\blood-bank\system\BaseModel.php(584): CodeIgniter\Model->doFindAll(0, 0)
#1 C:\wamp64\www\blood-bank\app\Controllers\Donationsites.php(35): CodeIgniter\BaseModel->findAll()
#2 C:\wamp64\www\blood-bank\system\CodeIgniter.php(832): App\Controllers\Donationsites->view('1', '1')
#3 C:\wamp64\www\blood-bank\system\CodeIgniter.php(419): CodeIgniter\CodeIgniter->runController(Object(App\Controllers\Donationsites))
#4 C:\wamp64\www\blood-bank\system\CodeIgniter.php(326): CodeIgniter\CodeIgniter->handleRequest(NULL, Object(Config\Cache), false)
#5 C:\wamp64\www\blood-bank\index.php(37): CodeIgniter\CodeIgniter->run()
#6 {main}
CRITICAL - 2022-09-20 17:25:37 --> Invalid argument supplied for foreach()
#0 C:\wamp64\www\blood-bank\app\Views\admin\dashboard.php(86): CodeIgniter\Debug\Exceptions->errorHandler(2, 'Invalid argumen...', 'C:\\wamp64\\www\\b...', 86, Array)
#1 C:\wamp64\www\blood-bank\system\View\View.php(210): include('C:\\wamp64\\www\\b...')
#2 C:\wamp64\www\blood-bank\system\View\View.php(213): CodeIgniter\View\View->CodeIgniter\View\{closure}()
#3 C:\wamp64\www\blood-bank\system\Common.php(1089): CodeIgniter\View\View->render('admin/dashboard', Array, true)
#4 C:\wamp64\www\blood-bank\app\Controllers\Dashboard.php(46): view('admin/dashboard', Array)
#5 C:\wamp64\www\blood-bank\system\CodeIgniter.php(832): App\Controllers\Dashboard->index('assets', 'img', 'user.jpg')
#6 C:\wamp64\www\blood-bank\system\CodeIgniter.php(419): CodeIgniter\CodeIgniter->runController(Object(App\Controllers\Dashboard))
#7 C:\wamp64\www\blood-bank\system\CodeIgniter.php(326): CodeIgniter\CodeIgniter->handleRequest(NULL, Object(Config\Cache), false)
#8 C:\wamp64\www\blood-bank\index.php(37): CodeIgniter\CodeIgniter->run()
#9 {main}
