CRITICAL - 2022-04-20 18:44:39 --> Call to a member function query() on null
#0 C:\wamp64\www\bloodbank\system\View\View.php(210): include()
#1 C:\wamp64\www\bloodbank\system\View\View.php(213): CodeIgniter\View\View->CodeIgniter\View\{closure}()
#2 C:\wamp64\www\bloodbank\system\Common.php(1089): CodeIgniter\View\View->render('admin/dashboard', Array, true)
#3 C:\wamp64\www\bloodbank\app\Controllers\Dashboard.php(38): view('admin/dashboard', Array)
#4 C:\wamp64\www\bloodbank\system\CodeIgniter.php(832): App\Controllers\Dashboard->index()
#5 C:\wamp64\www\bloodbank\system\CodeIgniter.php(419): CodeIgniter\CodeIgniter->runController(Object(App\Controllers\Dashboard))
#6 C:\wamp64\www\bloodbank\system\CodeIgniter.php(326): CodeIgniter\CodeIgniter->handleRequest(NULL, Object(Config\Cache), false)
#7 C:\wamp64\www\bloodbank\index.php(37): CodeIgniter\CodeIgniter->run()
#8 {main}
CRITICAL - 2022-04-20 18:45:12 --> mysqli_fetch_assoc() expects parameter 1 to be mysqli_result, object given
#0 [internal function]: CodeIgniter\Debug\Exceptions->errorHandler(2, 'mysqli_fetch_as...', 'C:\\wamp64\\www\\b...', 146, Array)
#1 C:\wamp64\www\bloodbank\app\Views\admin\dashboard.php(146): mysqli_fetch_assoc(Object(CodeIgniter\Database\MySQLi\Result))
#2 C:\wamp64\www\bloodbank\system\View\View.php(210): include('C:\\wamp64\\www\\b...')
#3 C:\wamp64\www\bloodbank\system\View\View.php(213): CodeIgniter\View\View->CodeIgniter\View\{closure}()
#4 C:\wamp64\www\bloodbank\system\Common.php(1089): CodeIgniter\View\View->render('admin/dashboard', Array, true)
#5 C:\wamp64\www\bloodbank\app\Controllers\Dashboard.php(38): view('admin/dashboard', Array)
#6 C:\wamp64\www\bloodbank\system\CodeIgniter.php(832): App\Controllers\Dashboard->index()
#7 C:\wamp64\www\bloodbank\system\CodeIgniter.php(419): CodeIgniter\CodeIgniter->runController(Object(App\Controllers\Dashboard))
#8 C:\wamp64\www\bloodbank\system\CodeIgniter.php(326): CodeIgniter\CodeIgniter->handleRequest(NULL, Object(Config\Cache), false)
#9 C:\wamp64\www\bloodbank\index.php(37): CodeIgniter\CodeIgniter->run()
#10 {main}
CRITICAL - 2022-04-20 18:48:00 --> mysqli_fetch_assoc() expects parameter 1 to be mysqli_result, array given
#0 [internal function]: CodeIgniter\Debug\Exceptions->errorHandler(2, 'mysqli_fetch_as...', 'C:\\wamp64\\www\\b...', 147, Array)
#1 C:\wamp64\www\bloodbank\app\Views\admin\dashboard.php(147): mysqli_fetch_assoc(Array)
#2 C:\wamp64\www\bloodbank\system\View\View.php(210): include('C:\\wamp64\\www\\b...')
#3 C:\wamp64\www\bloodbank\system\View\View.php(213): CodeIgniter\View\View->CodeIgniter\View\{closure}()
#4 C:\wamp64\www\bloodbank\system\Common.php(1089): CodeIgniter\View\View->render('admin/dashboard', Array, true)
#5 C:\wamp64\www\bloodbank\app\Controllers\Dashboard.php(38): view('admin/dashboard', Array)
#6 C:\wamp64\www\bloodbank\system\CodeIgniter.php(832): App\Controllers\Dashboard->index()
#7 C:\wamp64\www\bloodbank\system\CodeIgniter.php(419): CodeIgniter\CodeIgniter->runController(Object(App\Controllers\Dashboard))
#8 C:\wamp64\www\bloodbank\system\CodeIgniter.php(326): CodeIgniter\CodeIgniter->handleRequest(NULL, Object(Config\Cache), false)
#9 C:\wamp64\www\bloodbank\index.php(37): CodeIgniter\CodeIgniter->run()
#10 {main}
CRITICAL - 2022-04-20 18:50:33 --> Cannot use object of type stdClass as array
#0 C:\wamp64\www\bloodbank\system\View\View.php(210): include()
#1 C:\wamp64\www\bloodbank\system\View\View.php(213): CodeIgniter\View\View->CodeIgniter\View\{closure}()
#2 C:\wamp64\www\bloodbank\system\Common.php(1089): CodeIgniter\View\View->render('admin/dashboard', Array, true)
#3 C:\wamp64\www\bloodbank\app\Controllers\Dashboard.php(38): view('admin/dashboard', Array)
#4 C:\wamp64\www\bloodbank\system\CodeIgniter.php(832): App\Controllers\Dashboard->index()
#5 C:\wamp64\www\bloodbank\system\CodeIgniter.php(419): CodeIgniter\CodeIgniter->runController(Object(App\Controllers\Dashboard))
#6 C:\wamp64\www\bloodbank\system\CodeIgniter.php(326): CodeIgniter\CodeIgniter->handleRequest(NULL, Object(Config\Cache), false)
#7 C:\wamp64\www\bloodbank\index.php(37): CodeIgniter\CodeIgniter->run()
#8 {main}
CRITICAL - 2022-04-20 18:51:19 --> mysqli_fetch_assoc() expects parameter 1 to be mysqli_result, object given
#0 [internal function]: CodeIgniter\Debug\Exceptions->errorHandler(2, 'mysqli_fetch_as...', 'C:\\wamp64\\www\\b...', 158, Array)
#1 C:\wamp64\www\bloodbank\app\Views\admin\dashboard.php(158): mysqli_fetch_assoc(Object(CodeIgniter\Database\MySQLi\Result))
#2 C:\wamp64\www\bloodbank\system\View\View.php(210): include('C:\\wamp64\\www\\b...')
#3 C:\wamp64\www\bloodbank\system\View\View.php(213): CodeIgniter\View\View->CodeIgniter\View\{closure}()
#4 C:\wamp64\www\bloodbank\system\Common.php(1089): CodeIgniter\View\View->render('admin/dashboard', Array, true)
#5 C:\wamp64\www\bloodbank\app\Controllers\Dashboard.php(38): view('admin/dashboard', Array)
#6 C:\wamp64\www\bloodbank\system\CodeIgniter.php(832): App\Controllers\Dashboard->index()
#7 C:\wamp64\www\bloodbank\system\CodeIgniter.php(419): CodeIgniter\CodeIgniter->runController(Object(App\Controllers\Dashboard))
#8 C:\wamp64\www\bloodbank\system\CodeIgniter.php(326): CodeIgniter\CodeIgniter->handleRequest(NULL, Object(Config\Cache), false)
#9 C:\wamp64\www\bloodbank\index.php(37): CodeIgniter\CodeIgniter->run()
#10 {main}
CRITICAL - 2022-04-20 18:51:35 --> Maximum execution time of 120 seconds exceeded
#0 [internal function]: CodeIgniter\Debug\Exceptions->shutdownHandler()
#1 {main}
CRITICAL - 2022-04-20 18:57:10 --> You must set the database table to be used with your query.
#0 C:\wamp64\www\bloodbank\system\Model.php(545): CodeIgniter\Database\BaseConnection->table(NULL)
#1 C:\wamp64\www\bloodbank\system\Model.php(722): CodeIgniter\Model->builder()
#2 C:\wamp64\www\bloodbank\app\Controllers\Dashboard.php(34): CodeIgniter\Model->__call('getStatistics1', Array)
#3 C:\wamp64\www\bloodbank\system\CodeIgniter.php(832): App\Controllers\Dashboard->index()
#4 C:\wamp64\www\bloodbank\system\CodeIgniter.php(419): CodeIgniter\CodeIgniter->runController(Object(App\Controllers\Dashboard))
#5 C:\wamp64\www\bloodbank\system\CodeIgniter.php(326): CodeIgniter\CodeIgniter->handleRequest(NULL, Object(Config\Cache), false)
#6 C:\wamp64\www\bloodbank\index.php(37): CodeIgniter\CodeIgniter->run()
#7 {main}
CRITICAL - 2022-04-20 18:58:07 --> You must set the database table to be used with your query.
#0 C:\wamp64\www\bloodbank\system\Model.php(545): CodeIgniter\Database\BaseConnection->table(NULL)
#1 C:\wamp64\www\bloodbank\system\Model.php(722): CodeIgniter\Model->builder()
#2 C:\wamp64\www\bloodbank\app\Controllers\Dashboard.php(34): CodeIgniter\Model->__call('getStatistics1', Array)
#3 C:\wamp64\www\bloodbank\system\CodeIgniter.php(832): App\Controllers\Dashboard->index()
#4 C:\wamp64\www\bloodbank\system\CodeIgniter.php(419): CodeIgniter\CodeIgniter->runController(Object(App\Controllers\Dashboard))
#5 C:\wamp64\www\bloodbank\system\CodeIgniter.php(326): CodeIgniter\CodeIgniter->handleRequest(NULL, Object(Config\Cache), false)
#6 C:\wamp64\www\bloodbank\index.php(37): CodeIgniter\CodeIgniter->run()
#7 {main}
CRITICAL - 2022-04-20 18:58:12 --> You must set the database table to be used with your query.
#0 C:\wamp64\www\bloodbank\system\Model.php(545): CodeIgniter\Database\BaseConnection->table(NULL)
#1 C:\wamp64\www\bloodbank\system\Model.php(722): CodeIgniter\Model->builder()
#2 C:\wamp64\www\bloodbank\app\Controllers\Dashboard.php(34): CodeIgniter\Model->__call('getStatistics1', Array)
#3 C:\wamp64\www\bloodbank\system\CodeIgniter.php(832): App\Controllers\Dashboard->index()
#4 C:\wamp64\www\bloodbank\system\CodeIgniter.php(419): CodeIgniter\CodeIgniter->runController(Object(App\Controllers\Dashboard))
#5 C:\wamp64\www\bloodbank\system\CodeIgniter.php(326): CodeIgniter\CodeIgniter->handleRequest(NULL, Object(Config\Cache), false)
#6 C:\wamp64\www\bloodbank\index.php(37): CodeIgniter\CodeIgniter->run()
#7 {main}
CRITICAL - 2022-04-20 19:00:23 --> You must set the database table to be used with your query.
#0 C:\wamp64\www\bloodbank\system\Model.php(545): CodeIgniter\Database\BaseConnection->table(NULL)
#1 C:\wamp64\www\bloodbank\system\Model.php(722): CodeIgniter\Model->builder()
#2 C:\wamp64\www\bloodbank\app\Controllers\Dashboard.php(37): CodeIgniter\Model->__call('getStatistics1', Array)
#3 C:\wamp64\www\bloodbank\system\CodeIgniter.php(832): App\Controllers\Dashboard->index()
#4 C:\wamp64\www\bloodbank\system\CodeIgniter.php(419): CodeIgniter\CodeIgniter->runController(Object(App\Controllers\Dashboard))
#5 C:\wamp64\www\bloodbank\system\CodeIgniter.php(326): CodeIgniter\CodeIgniter->handleRequest(NULL, Object(Config\Cache), false)
#6 C:\wamp64\www\bloodbank\index.php(37): CodeIgniter\CodeIgniter->run()
#7 {main}
CRITICAL - 2022-04-20 19:01:29 --> You must set the database table to be used with your query.
#0 C:\wamp64\www\bloodbank\system\Model.php(545): CodeIgniter\Database\BaseConnection->table(NULL)
#1 C:\wamp64\www\bloodbank\system\Model.php(722): CodeIgniter\Model->builder()
#2 C:\wamp64\www\bloodbank\app\Controllers\Dashboard.php(38): CodeIgniter\Model->__call('getStatistics', Array)
#3 C:\wamp64\www\bloodbank\system\CodeIgniter.php(832): App\Controllers\Dashboard->index()
#4 C:\wamp64\www\bloodbank\system\CodeIgniter.php(419): CodeIgniter\CodeIgniter->runController(Object(App\Controllers\Dashboard))
#5 C:\wamp64\www\bloodbank\system\CodeIgniter.php(326): CodeIgniter\CodeIgniter->handleRequest(NULL, Object(Config\Cache), false)
#6 C:\wamp64\www\bloodbank\index.php(37): CodeIgniter\CodeIgniter->run()
#7 {main}
CRITICAL - 2022-04-20 19:02:46 --> Call to a member function query() on null
#0 C:\wamp64\www\bloodbank\app\Controllers\Dashboard.php(38): App\Models\Statistics->getStatistics()
#1 C:\wamp64\www\bloodbank\system\CodeIgniter.php(832): App\Controllers\Dashboard->index()
#2 C:\wamp64\www\bloodbank\system\CodeIgniter.php(419): CodeIgniter\CodeIgniter->runController(Object(App\Controllers\Dashboard))
#3 C:\wamp64\www\bloodbank\system\CodeIgniter.php(326): CodeIgniter\CodeIgniter->handleRequest(NULL, Object(Config\Cache), false)
#4 C:\wamp64\www\bloodbank\index.php(37): CodeIgniter\CodeIgniter->run()
#5 {main}
CRITICAL - 2022-04-20 19:25:50 --> syntax error, unexpected '=', expecting ']'
#0 C:\wamp64\www\bloodbank\system\Router\Router.php(175): CodeIgniter\Router\Router->autoRoute('/adddonors')
#1 C:\wamp64\www\bloodbank\system\CodeIgniter.php(726): CodeIgniter\Router\Router->handle('/adddonors')
#2 C:\wamp64\www\bloodbank\system\CodeIgniter.php(368): CodeIgniter\CodeIgniter->tryToRouteIt(Object(CodeIgniter\Router\RouteCollection))
#3 C:\wamp64\www\bloodbank\system\CodeIgniter.php(326): CodeIgniter\CodeIgniter->handleRequest(NULL, Object(Config\Cache), false)
#4 C:\wamp64\www\bloodbank\index.php(37): CodeIgniter\CodeIgniter->run()
#5 {main}
CRITICAL - 2022-04-20 19:26:16 --> syntax error, unexpected ';', expecting ']'
#0 C:\wamp64\www\bloodbank\system\Router\Router.php(175): CodeIgniter\Router\Router->autoRoute('/adddonors')
#1 C:\wamp64\www\bloodbank\system\CodeIgniter.php(726): CodeIgniter\Router\Router->handle('/adddonors')
#2 C:\wamp64\www\bloodbank\system\CodeIgniter.php(368): CodeIgniter\CodeIgniter->tryToRouteIt(Object(CodeIgniter\Router\RouteCollection))
#3 C:\wamp64\www\bloodbank\system\CodeIgniter.php(326): CodeIgniter\CodeIgniter->handleRequest(NULL, Object(Config\Cache), false)
#4 C:\wamp64\www\bloodbank\index.php(37): CodeIgniter\CodeIgniter->run()
#5 {main}
CRITICAL - 2022-04-20 19:33:20 --> Allowed fields must be specified for model: App\Models\AddDonorsModel
#0 C:\wamp64\www\bloodbank\system\BaseModel.php(1138): CodeIgniter\Database\Exceptions\DataException::forInvalidAllowedFields('App\\Models\\AddD...')
#1 C:\wamp64\www\bloodbank\system\BaseModel.php(713): CodeIgniter\BaseModel->doProtectFields(Array)
#2 C:\wamp64\www\bloodbank\system\Model.php(625): CodeIgniter\BaseModel->insert(Array, false)
#3 C:\wamp64\www\bloodbank\system\BaseModel.php(658): CodeIgniter\Model->insert(Array, false)
#4 C:\wamp64\www\bloodbank\app\Controllers\Adddonors.php(60): CodeIgniter\BaseModel->save(Array)
#5 C:\wamp64\www\bloodbank\system\CodeIgniter.php(832): App\Controllers\Adddonors->index()
#6 C:\wamp64\www\bloodbank\system\CodeIgniter.php(419): CodeIgniter\CodeIgniter->runController(Object(App\Controllers\Adddonors))
#7 C:\wamp64\www\bloodbank\system\CodeIgniter.php(326): CodeIgniter\CodeIgniter->handleRequest(NULL, Object(Config\Cache), false)
#8 C:\wamp64\www\bloodbank\index.php(37): CodeIgniter\CodeIgniter->run()
#9 {main}
ERROR - 2022-04-20 19:36:53 --> Unknown column 'updated_at' in 'field list'
ERROR - 2022-04-20 19:40:36 --> Operand should contain 1 column(s)
CRITICAL - 2022-04-20 19:49:30 --> syntax error, unexpected 'return' (T_RETURN), expecting function (T_FUNCTION) or const (T_CONST)
#0 C:\wamp64\www\bloodbank\system\Router\Router.php(175): CodeIgniter\Router\Router->autoRoute('/adddonors')
#1 C:\wamp64\www\bloodbank\system\CodeIgniter.php(726): CodeIgniter\Router\Router->handle('/adddonors')
#2 C:\wamp64\www\bloodbank\system\CodeIgniter.php(368): CodeIgniter\CodeIgniter->tryToRouteIt(Object(CodeIgniter\Router\RouteCollection))
#3 C:\wamp64\www\bloodbank\system\CodeIgniter.php(326): CodeIgniter\CodeIgniter->handleRequest(NULL, Object(Config\Cache), false)
#4 C:\wamp64\www\bloodbank\index.php(37): CodeIgniter\CodeIgniter->run()
#5 {main}
CRITICAL - 2022-04-20 20:11:23 --> Object of class CodeIgniter\Validation\Validation could not be converted to string
#0 C:\wamp64\www\bloodbank\app\Views\adddonors.php(31): CodeIgniter\Debug\Exceptions->errorHandler(4096, 'Object of class...', 'C:\\wamp64\\www\\b...', 31, Array)
#1 C:\wamp64\www\bloodbank\system\View\View.php(210): include('C:\\wamp64\\www\\b...')
#2 C:\wamp64\www\bloodbank\system\View\View.php(213): CodeIgniter\View\View->CodeIgniter\View\{closure}()
#3 C:\wamp64\www\bloodbank\system\Common.php(1089): CodeIgniter\View\View->render('adddonors', Array, true)
#4 C:\wamp64\www\bloodbank\app\Controllers\Adddonors.php(93): view('adddonors', Array)
#5 C:\wamp64\www\bloodbank\system\CodeIgniter.php(832): App\Controllers\Adddonors->index()
#6 C:\wamp64\www\bloodbank\system\CodeIgniter.php(419): CodeIgniter\CodeIgniter->runController(Object(App\Controllers\Adddonors))
#7 C:\wamp64\www\bloodbank\system\CodeIgniter.php(326): CodeIgniter\CodeIgniter->handleRequest(NULL, Object(Config\Cache), false)
#8 C:\wamp64\www\bloodbank\index.php(37): CodeIgniter\CodeIgniter->run()
#9 {main}
CRITICAL - 2022-04-20 21:16:35 --> Call to a member function where() on null
#0 C:\wamp64\www\bloodbank\system\CodeIgniter.php(832): App\Controllers\Listdonors->delete('70')
#1 C:\wamp64\www\bloodbank\system\CodeIgniter.php(419): CodeIgniter\CodeIgniter->runController(Object(App\Controllers\Listdonors))
#2 C:\wamp64\www\bloodbank\system\CodeIgniter.php(326): CodeIgniter\CodeIgniter->handleRequest(NULL, Object(Config\Cache), false)
#3 C:\wamp64\www\bloodbank\index.php(37): CodeIgniter\CodeIgniter->run()
#4 {main}
CRITICAL - 2022-04-20 21:19:32 --> Call to a member function where() on null
#0 C:\wamp64\www\bloodbank\system\CodeIgniter.php(832): App\Controllers\Listdonors->delete('70')
#1 C:\wamp64\www\bloodbank\system\CodeIgniter.php(419): CodeIgniter\CodeIgniter->runController(Object(App\Controllers\Listdonors))
#2 C:\wamp64\www\bloodbank\system\CodeIgniter.php(326): CodeIgniter\CodeIgniter->handleRequest(NULL, Object(Config\Cache), false)
#3 C:\wamp64\www\bloodbank\index.php(37): CodeIgniter\CodeIgniter->run()
#4 {main}
CRITICAL - 2022-04-20 21:22:10 --> Call to a member function where() on null
#0 C:\wamp64\www\bloodbank\system\CodeIgniter.php(832): App\Controllers\Listdonors->delete('70')
#1 C:\wamp64\www\bloodbank\system\CodeIgniter.php(419): CodeIgniter\CodeIgniter->runController(Object(App\Controllers\Listdonors))
#2 C:\wamp64\www\bloodbank\system\CodeIgniter.php(326): CodeIgniter\CodeIgniter->handleRequest(NULL, Object(Config\Cache), false)
#3 C:\wamp64\www\bloodbank\index.php(37): CodeIgniter\CodeIgniter->run()
#4 {main}
CRITICAL - 2022-04-20 21:23:19 --> Call to a member function where() on null
#0 C:\wamp64\www\bloodbank\system\CodeIgniter.php(832): App\Controllers\Listdonors->delete('70')
#1 C:\wamp64\www\bloodbank\system\CodeIgniter.php(419): CodeIgniter\CodeIgniter->runController(Object(App\Controllers\Listdonors))
#2 C:\wamp64\www\bloodbank\system\CodeIgniter.php(326): CodeIgniter\CodeIgniter->handleRequest(NULL, Object(Config\Cache), false)
#3 C:\wamp64\www\bloodbank\index.php(37): CodeIgniter\CodeIgniter->run()
#4 {main}
CRITICAL - 2022-04-20 21:23:21 --> Call to a member function where() on null
#0 C:\wamp64\www\bloodbank\system\CodeIgniter.php(832): App\Controllers\Listdonors->delete('70')
#1 C:\wamp64\www\bloodbank\system\CodeIgniter.php(419): CodeIgniter\CodeIgniter->runController(Object(App\Controllers\Listdonors))
#2 C:\wamp64\www\bloodbank\system\CodeIgniter.php(326): CodeIgniter\CodeIgniter->handleRequest(NULL, Object(Config\Cache), false)
#3 C:\wamp64\www\bloodbank\index.php(37): CodeIgniter\CodeIgniter->run()
#4 {main}
CRITICAL - 2022-04-20 21:23:22 --> Call to a member function where() on null
#0 C:\wamp64\www\bloodbank\system\CodeIgniter.php(832): App\Controllers\Listdonors->delete('70')
#1 C:\wamp64\www\bloodbank\system\CodeIgniter.php(419): CodeIgniter\CodeIgniter->runController(Object(App\Controllers\Listdonors))
#2 C:\wamp64\www\bloodbank\system\CodeIgniter.php(326): CodeIgniter\CodeIgniter->handleRequest(NULL, Object(Config\Cache), false)
#3 C:\wamp64\www\bloodbank\index.php(37): CodeIgniter\CodeIgniter->run()
#4 {main}
CRITICAL - 2022-04-20 21:28:38 --> Call to a member function where() on null
#0 C:\wamp64\www\bloodbank\system\CodeIgniter.php(832): App\Controllers\Listdonors->delete('70')
#1 C:\wamp64\www\bloodbank\system\CodeIgniter.php(419): CodeIgniter\CodeIgniter->runController(Object(App\Controllers\Listdonors))
#2 C:\wamp64\www\bloodbank\system\CodeIgniter.php(326): CodeIgniter\CodeIgniter->handleRequest(NULL, Object(Config\Cache), false)
#3 C:\wamp64\www\bloodbank\index.php(37): CodeIgniter\CodeIgniter->run()
#4 {main}
CRITICAL - 2022-04-20 22:03:38 --> Call to a member function update() on null
#0 C:\wamp64\www\bloodbank\system\CodeIgniter.php(832): App\Controllers\Listdonors->edit('1')
#1 C:\wamp64\www\bloodbank\system\CodeIgniter.php(419): CodeIgniter\CodeIgniter->runController(Object(App\Controllers\Listdonors))
#2 C:\wamp64\www\bloodbank\system\CodeIgniter.php(326): CodeIgniter\CodeIgniter->handleRequest(NULL, Object(Config\Cache), false)
#3 C:\wamp64\www\bloodbank\index.php(37): CodeIgniter\CodeIgniter->run()
#4 {main}
CRITICAL - 2022-04-20 22:32:48 --> Cannot use object of type stdClass as array
#0 C:\wamp64\www\bloodbank\system\View\View.php(210): include()
#1 C:\wamp64\www\bloodbank\system\View\View.php(213): CodeIgniter\View\View->CodeIgniter\View\{closure}()
#2 C:\wamp64\www\bloodbank\system\Common.php(1089): CodeIgniter\View\View->render('viewsite', Array, true)
#3 C:\wamp64\www\bloodbank\app\Controllers\Donationsites.php(36): view('viewsite', Array)
#4 C:\wamp64\www\bloodbank\system\CodeIgniter.php(832): App\Controllers\Donationsites->view('Nseluka')
#5 C:\wamp64\www\bloodbank\system\CodeIgniter.php(419): CodeIgniter\CodeIgniter->runController(Object(App\Controllers\Donationsites))
#6 C:\wamp64\www\bloodbank\system\CodeIgniter.php(326): CodeIgniter\CodeIgniter->handleRequest(NULL, Object(Config\Cache), false)
#7 C:\wamp64\www\bloodbank\index.php(37): CodeIgniter\CodeIgniter->run()
#8 {main}
CRITICAL - 2022-04-20 22:36:24 --> Use of undefined constant ASC - assumed 'ASC' (this will throw an Error in a future version of PHP)
#0 C:\wamp64\www\bloodbank\app\Controllers\Donationsites.php(36): CodeIgniter\Debug\Exceptions->errorHandler(2, 'Use of undefine...', 'C:\\wamp64\\www\\b...', 36, Array)
#1 C:\wamp64\www\bloodbank\system\CodeIgniter.php(832): App\Controllers\Donationsites->view('Malama School')
#2 C:\wamp64\www\bloodbank\system\CodeIgniter.php(419): CodeIgniter\CodeIgniter->runController(Object(App\Controllers\Donationsites))
#3 C:\wamp64\www\bloodbank\system\CodeIgniter.php(326): CodeIgniter\CodeIgniter->handleRequest(NULL, Object(Config\Cache), false)
#4 C:\wamp64\www\bloodbank\index.php(37): CodeIgniter\CodeIgniter->run()
#5 {main}
CRITICAL - 2022-04-20 23:44:50 --> syntax error, unexpected ';'
#0 C:\wamp64\www\bloodbank\system\View\View.php(213): CodeIgniter\View\View->CodeIgniter\View\{closure}()
#1 C:\wamp64\www\bloodbank\system\Common.php(1089): CodeIgniter\View\View->render('viewprint', Array, true)
#2 C:\wamp64\www\bloodbank\app\Controllers\Donationsites.php(47): view('viewprint', Array)
#3 C:\wamp64\www\bloodbank\system\CodeIgniter.php(832): App\Controllers\Donationsites->viewprint('2022-04-06', 'Kasakula')
#4 C:\wamp64\www\bloodbank\system\CodeIgniter.php(419): CodeIgniter\CodeIgniter->runController(Object(App\Controllers\Donationsites))
#5 C:\wamp64\www\bloodbank\system\CodeIgniter.php(326): CodeIgniter\CodeIgniter->handleRequest(NULL, Object(Config\Cache), false)
#6 C:\wamp64\www\bloodbank\index.php(37): CodeIgniter\CodeIgniter->run()
#7 {main}
CRITICAL - 2022-04-20 23:46:21 --> syntax error, unexpected '.'
#0 C:\wamp64\www\bloodbank\system\View\View.php(213): CodeIgniter\View\View->CodeIgniter\View\{closure}()
#1 C:\wamp64\www\bloodbank\system\Common.php(1089): CodeIgniter\View\View->render('viewprint', Array, true)
#2 C:\wamp64\www\bloodbank\app\Controllers\Donationsites.php(47): view('viewprint', Array)
#3 C:\wamp64\www\bloodbank\system\CodeIgniter.php(832): App\Controllers\Donationsites->viewprint('2022-06-13', 'Mungwi Tech Sec...')
#4 C:\wamp64\www\bloodbank\system\CodeIgniter.php(419): CodeIgniter\CodeIgniter->runController(Object(App\Controllers\Donationsites))
#5 C:\wamp64\www\bloodbank\system\CodeIgniter.php(326): CodeIgniter\CodeIgniter->handleRequest(NULL, Object(Config\Cache), false)
#6 C:\wamp64\www\bloodbank\index.php(37): CodeIgniter\CodeIgniter->run()
#7 {main}
