CRITICAL - 2022-04-10 21:18:57 --> syntax error, unexpected '__construct' (T_STRING), expecting function (T_FUNCTION) or const (T_CONST)
#0 C:\wamp64\www\bloodbank\system\Autoloader\Autoloader.php(241): CodeIgniter\Autoloader\Autoloader->includeFile('C:\\wamp64\\www\\b...')
#1 C:\wamp64\www\bloodbank\system\Autoloader\Autoloader.php(219): CodeIgniter\Autoloader\Autoloader->loadInNamespace('App\\Controllers...')
#2 [internal function]: CodeIgniter\Autoloader\Autoloader->loadClass('App\\Controllers...')
#3 [internal function]: spl_autoload_call('App\\Controllers...')
#4 C:\wamp64\www\bloodbank\system\CodeIgniter.php(797): class_exists('\\App\\Controller...', true)
#5 C:\wamp64\www\bloodbank\system\CodeIgniter.php(406): CodeIgniter\CodeIgniter->startController()
#6 C:\wamp64\www\bloodbank\system\CodeIgniter.php(326): CodeIgniter\CodeIgniter->handleRequest(NULL, Object(Config\Cache), false)
#7 C:\wamp64\www\bloodbank\public\index.php(37): CodeIgniter\CodeIgniter->run()
#8 {main}
CRITICAL - 2022-04-10 21:22:33 --> syntax error, unexpected '__construct' (T_STRING), expecting function (T_FUNCTION) or const (T_CONST)
#0 C:\wamp64\www\bloodbank\system\Autoloader\Autoloader.php(241): CodeIgniter\Autoloader\Autoloader->includeFile('C:\\wamp64\\www\\b...')
#1 C:\wamp64\www\bloodbank\system\Autoloader\Autoloader.php(219): CodeIgniter\Autoloader\Autoloader->loadInNamespace('App\\Controllers...')
#2 [internal function]: CodeIgniter\Autoloader\Autoloader->loadClass('App\\Controllers...')
#3 [internal function]: spl_autoload_call('App\\Controllers...')
#4 C:\wamp64\www\bloodbank\system\CodeIgniter.php(797): class_exists('\\App\\Controller...', true)
#5 C:\wamp64\www\bloodbank\system\CodeIgniter.php(406): CodeIgniter\CodeIgniter->startController()
#6 C:\wamp64\www\bloodbank\system\CodeIgniter.php(326): CodeIgniter\CodeIgniter->handleRequest(NULL, Object(Config\Cache), false)
#7 C:\wamp64\www\bloodbank\public\index.php(37): CodeIgniter\CodeIgniter->run()
#8 {main}
CRITICAL - 2022-04-10 21:23:52 --> syntax error, unexpected '__construct' (T_STRING), expecting function (T_FUNCTION) or const (T_CONST)
#0 C:\wamp64\www\bloodbank\system\Autoloader\Autoloader.php(241): CodeIgniter\Autoloader\Autoloader->includeFile('C:\\wamp64\\www\\b...')
#1 C:\wamp64\www\bloodbank\system\Autoloader\Autoloader.php(219): CodeIgniter\Autoloader\Autoloader->loadInNamespace('App\\Controllers...')
#2 [internal function]: CodeIgniter\Autoloader\Autoloader->loadClass('App\\Controllers...')
#3 [internal function]: spl_autoload_call('App\\Controllers...')
#4 C:\wamp64\www\bloodbank\system\CodeIgniter.php(797): class_exists('\\App\\Controller...', true)
#5 C:\wamp64\www\bloodbank\system\CodeIgniter.php(406): CodeIgniter\CodeIgniter->startController()
#6 C:\wamp64\www\bloodbank\system\CodeIgniter.php(326): CodeIgniter\CodeIgniter->handleRequest(NULL, Object(Config\Cache), false)
#7 C:\wamp64\www\bloodbank\public\index.php(37): CodeIgniter\CodeIgniter->run()
#8 {main}
CRITICAL - 2022-04-10 21:23:55 --> syntax error, unexpected '__construct' (T_STRING), expecting function (T_FUNCTION) or const (T_CONST)
#0 C:\wamp64\www\bloodbank\system\Autoloader\Autoloader.php(241): CodeIgniter\Autoloader\Autoloader->includeFile('C:\\wamp64\\www\\b...')
#1 C:\wamp64\www\bloodbank\system\Autoloader\Autoloader.php(219): CodeIgniter\Autoloader\Autoloader->loadInNamespace('App\\Controllers...')
#2 [internal function]: CodeIgniter\Autoloader\Autoloader->loadClass('App\\Controllers...')
#3 [internal function]: spl_autoload_call('App\\Controllers...')
#4 C:\wamp64\www\bloodbank\system\CodeIgniter.php(797): class_exists('\\App\\Controller...', true)
#5 C:\wamp64\www\bloodbank\system\CodeIgniter.php(406): CodeIgniter\CodeIgniter->startController()
#6 C:\wamp64\www\bloodbank\system\CodeIgniter.php(326): CodeIgniter\CodeIgniter->handleRequest(NULL, Object(Config\Cache), false)
#7 C:\wamp64\www\bloodbank\public\index.php(37): CodeIgniter\CodeIgniter->run()
#8 {main}
CRITICAL - 2022-04-10 21:57:39 --> Invalid file: layouts/base.php
#0 C:\wamp64\www\bloodbank\system\View\View.php(198): CodeIgniter\Exceptions\FrameworkException::forInvalidFile('layouts/base.ph...')
#1 C:\wamp64\www\bloodbank\system\View\View.php(226): CodeIgniter\View\View->render('layouts/base', Array, true)
#2 C:\wamp64\www\bloodbank\system\Common.php(1089): CodeIgniter\View\View->render('auth/login', Array, true)
#3 C:\wamp64\www\bloodbank\app\Controllers\Home.php(30): view('auth/login', Array)
#4 C:\wamp64\www\bloodbank\system\CodeIgniter.php(832): App\Controllers\Home->index()
#5 C:\wamp64\www\bloodbank\system\CodeIgniter.php(419): CodeIgniter\CodeIgniter->runController(Object(App\Controllers\Home))
#6 C:\wamp64\www\bloodbank\system\CodeIgniter.php(326): CodeIgniter\CodeIgniter->handleRequest(NULL, Object(Config\Cache), false)
#7 C:\wamp64\www\bloodbank\public\index.php(37): CodeIgniter\CodeIgniter->run()
#8 {main}
CRITICAL - 2022-04-10 22:00:13 --> Call to undefined function display_error()
#0 C:\wamp64\www\bloodbank\system\View\View.php(210): include()
#1 C:\wamp64\www\bloodbank\system\View\View.php(213): CodeIgniter\View\View->CodeIgniter\View\{closure}()
#2 C:\wamp64\www\bloodbank\system\Common.php(1089): CodeIgniter\View\View->render('auth/login', Array, true)
#3 C:\wamp64\www\bloodbank\app\Controllers\Home.php(30): view('auth/login', Array)
#4 C:\wamp64\www\bloodbank\system\CodeIgniter.php(832): App\Controllers\Home->index()
#5 C:\wamp64\www\bloodbank\system\CodeIgniter.php(419): CodeIgniter\CodeIgniter->runController(Object(App\Controllers\Home))
#6 C:\wamp64\www\bloodbank\system\CodeIgniter.php(326): CodeIgniter\CodeIgniter->handleRequest(NULL, Object(Config\Cache), false)
#7 C:\wamp64\www\bloodbank\public\index.php(37): CodeIgniter\CodeIgniter->run()
#8 {main}
CRITICAL - 2022-04-10 22:11:42 --> Invalid file: login.php
#0 C:\wamp64\www\bloodbank\system\View\View.php(198): CodeIgniter\Exceptions\FrameworkException::forInvalidFile('login.php')
#1 C:\wamp64\www\bloodbank\system\Common.php(1089): CodeIgniter\View\View->render('login', Array, true)
#2 C:\wamp64\www\bloodbank\app\Controllers\Home.php(58): view('login', Array)
#3 C:\wamp64\www\bloodbank\system\CodeIgniter.php(832): App\Controllers\Home->index()
#4 C:\wamp64\www\bloodbank\system\CodeIgniter.php(419): CodeIgniter\CodeIgniter->runController(Object(App\Controllers\Home))
#5 C:\wamp64\www\bloodbank\system\CodeIgniter.php(326): CodeIgniter\CodeIgniter->handleRequest(NULL, Object(Config\Cache), false)
#6 C:\wamp64\www\bloodbank\public\index.php(37): CodeIgniter\CodeIgniter->run()
#7 {main}
CRITICAL - 2022-04-10 22:46:22 --> Invalid file: login.php
#0 C:\wamp64\www\bloodbank\system\View\View.php(198): CodeIgniter\Exceptions\FrameworkException::forInvalidFile('login.php')
#1 C:\wamp64\www\bloodbank\system\Common.php(1089): CodeIgniter\View\View->render('login', Array, true)
#2 C:\wamp64\www\bloodbank\app\Controllers\Home.php(58): view('login', Array)
#3 C:\wamp64\www\bloodbank\system\CodeIgniter.php(832): App\Controllers\Home->index()
#4 C:\wamp64\www\bloodbank\system\CodeIgniter.php(419): CodeIgniter\CodeIgniter->runController(Object(App\Controllers\Home))
#5 C:\wamp64\www\bloodbank\system\CodeIgniter.php(326): CodeIgniter\CodeIgniter->handleRequest(NULL, Object(Config\Cache), false)
#6 C:\wamp64\www\bloodbank\public\index.php(37): CodeIgniter\CodeIgniter->run()
#7 {main}
CRITICAL - 2022-04-10 22:46:30 --> Invalid file: login.php
#0 C:\wamp64\www\bloodbank\system\View\View.php(198): CodeIgniter\Exceptions\FrameworkException::forInvalidFile('login.php')
#1 C:\wamp64\www\bloodbank\system\Common.php(1089): CodeIgniter\View\View->render('login', Array, true)
#2 C:\wamp64\www\bloodbank\app\Controllers\Home.php(58): view('login', Array)
#3 C:\wamp64\www\bloodbank\system\CodeIgniter.php(832): App\Controllers\Home->index()
#4 C:\wamp64\www\bloodbank\system\CodeIgniter.php(419): CodeIgniter\CodeIgniter->runController(Object(App\Controllers\Home))
#5 C:\wamp64\www\bloodbank\system\CodeIgniter.php(326): CodeIgniter\CodeIgniter->handleRequest(NULL, Object(Config\Cache), false)
#6 C:\wamp64\www\bloodbank\public\index.php(37): CodeIgniter\CodeIgniter->run()
#7 {main}
CRITICAL - 2022-04-10 22:49:16 --> Invalid file: login.php
#0 C:\wamp64\www\bloodbank\system\View\View.php(198): CodeIgniter\Exceptions\FrameworkException::forInvalidFile('login.php')
#1 C:\wamp64\www\bloodbank\system\Common.php(1089): CodeIgniter\View\View->render('login', Array, true)
#2 C:\wamp64\www\bloodbank\app\Controllers\Home.php(58): view('login', Array)
#3 C:\wamp64\www\bloodbank\system\CodeIgniter.php(832): App\Controllers\Home->index()
#4 C:\wamp64\www\bloodbank\system\CodeIgniter.php(419): CodeIgniter\CodeIgniter->runController(Object(App\Controllers\Home))
#5 C:\wamp64\www\bloodbank\system\CodeIgniter.php(326): CodeIgniter\CodeIgniter->handleRequest(NULL, Object(Config\Cache), false)
#6 C:\wamp64\www\bloodbank\public\index.php(37): CodeIgniter\CodeIgniter->run()
#7 {main}
CRITICAL - 2022-04-10 22:50:52 --> Invalid file: login.php
#0 C:\wamp64\www\bloodbank\system\View\View.php(198): CodeIgniter\Exceptions\FrameworkException::forInvalidFile('login.php')
#1 C:\wamp64\www\bloodbank\system\Common.php(1089): CodeIgniter\View\View->render('login', Array, true)
#2 C:\wamp64\www\bloodbank\app\Controllers\Home.php(58): view('login', Array)
#3 C:\wamp64\www\bloodbank\system\CodeIgniter.php(832): App\Controllers\Home->index()
#4 C:\wamp64\www\bloodbank\system\CodeIgniter.php(419): CodeIgniter\CodeIgniter->runController(Object(App\Controllers\Home))
#5 C:\wamp64\www\bloodbank\system\CodeIgniter.php(326): CodeIgniter\CodeIgniter->handleRequest(NULL, Object(Config\Cache), false)
#6 C:\wamp64\www\bloodbank\public\index.php(37): CodeIgniter\CodeIgniter->run()
#7 {main}
CRITICAL - 2022-04-10 22:51:45 --> Class 'App\Models\CodeIgniter\Model' not found
#0 C:\wamp64\www\bloodbank\system\Autoloader\Autoloader.php(264): include_once()
#1 C:\wamp64\www\bloodbank\system\Autoloader\Autoloader.php(241): CodeIgniter\Autoloader\Autoloader->includeFile('C:\\wamp64\\www\\b...')
#2 C:\wamp64\www\bloodbank\system\Autoloader\Autoloader.php(219): CodeIgniter\Autoloader\Autoloader->loadInNamespace('App\\Models\\User...')
#3 [internal function]: CodeIgniter\Autoloader\Autoloader->loadClass('App\\Models\\User...')
#4 C:\wamp64\www\bloodbank\app\Controllers\Home.php(14): spl_autoload_call('App\\Models\\User...')
#5 C:\wamp64\www\bloodbank\system\CodeIgniter.php(809): App\Controllers\Home->__construct()
#6 C:\wamp64\www\bloodbank\system\CodeIgniter.php(410): CodeIgniter\CodeIgniter->createController()
#7 C:\wamp64\www\bloodbank\system\CodeIgniter.php(326): CodeIgniter\CodeIgniter->handleRequest(NULL, Object(Config\Cache), false)
#8 C:\wamp64\www\bloodbank\public\index.php(37): CodeIgniter\CodeIgniter->run()
#9 {main}
CRITICAL - 2022-04-10 22:53:04 --> Class 'App\Models\CodeIgniter\Model' not found
#0 C:\wamp64\www\bloodbank\system\Autoloader\Autoloader.php(264): include_once()
#1 C:\wamp64\www\bloodbank\system\Autoloader\Autoloader.php(241): CodeIgniter\Autoloader\Autoloader->includeFile('C:\\wamp64\\www\\b...')
#2 C:\wamp64\www\bloodbank\system\Autoloader\Autoloader.php(219): CodeIgniter\Autoloader\Autoloader->loadInNamespace('App\\Models\\User...')
#3 [internal function]: CodeIgniter\Autoloader\Autoloader->loadClass('App\\Models\\User...')
#4 C:\wamp64\www\bloodbank\app\Controllers\Home.php(14): spl_autoload_call('App\\Models\\User...')
#5 C:\wamp64\www\bloodbank\system\CodeIgniter.php(809): App\Controllers\Home->__construct()
#6 C:\wamp64\www\bloodbank\system\CodeIgniter.php(410): CodeIgniter\CodeIgniter->createController()
#7 C:\wamp64\www\bloodbank\system\CodeIgniter.php(326): CodeIgniter\CodeIgniter->handleRequest(NULL, Object(Config\Cache), false)
#8 C:\wamp64\www\bloodbank\public\index.php(37): CodeIgniter\CodeIgniter->run()
#9 {main}
CRITICAL - 2022-04-10 22:53:07 --> Class 'App\Models\CodeIgniter\Model' not found
#0 C:\wamp64\www\bloodbank\system\Autoloader\Autoloader.php(264): include_once()
#1 C:\wamp64\www\bloodbank\system\Autoloader\Autoloader.php(241): CodeIgniter\Autoloader\Autoloader->includeFile('C:\\wamp64\\www\\b...')
#2 C:\wamp64\www\bloodbank\system\Autoloader\Autoloader.php(219): CodeIgniter\Autoloader\Autoloader->loadInNamespace('App\\Models\\User...')
#3 [internal function]: CodeIgniter\Autoloader\Autoloader->loadClass('App\\Models\\User...')
#4 C:\wamp64\www\bloodbank\app\Controllers\Home.php(14): spl_autoload_call('App\\Models\\User...')
#5 C:\wamp64\www\bloodbank\system\CodeIgniter.php(809): App\Controllers\Home->__construct()
#6 C:\wamp64\www\bloodbank\system\CodeIgniter.php(410): CodeIgniter\CodeIgniter->createController()
#7 C:\wamp64\www\bloodbank\system\CodeIgniter.php(326): CodeIgniter\CodeIgniter->handleRequest(NULL, Object(Config\Cache), false)
#8 C:\wamp64\www\bloodbank\public\index.php(37): CodeIgniter\CodeIgniter->run()
#9 {main}
CRITICAL - 2022-04-10 22:54:05 --> Invalid file: login.php
#0 C:\wamp64\www\bloodbank\system\View\View.php(198): CodeIgniter\Exceptions\FrameworkException::forInvalidFile('login.php')
#1 C:\wamp64\www\bloodbank\system\Common.php(1089): CodeIgniter\View\View->render('login', Array, true)
#2 C:\wamp64\www\bloodbank\app\Controllers\Home.php(59): view('login', Array)
#3 C:\wamp64\www\bloodbank\system\CodeIgniter.php(832): App\Controllers\Home->index()
#4 C:\wamp64\www\bloodbank\system\CodeIgniter.php(419): CodeIgniter\CodeIgniter->runController(Object(App\Controllers\Home))
#5 C:\wamp64\www\bloodbank\system\CodeIgniter.php(326): CodeIgniter\CodeIgniter->handleRequest(NULL, Object(Config\Cache), false)
#6 C:\wamp64\www\bloodbank\public\index.php(37): CodeIgniter\CodeIgniter->run()
#7 {main}
CRITICAL - 2022-04-10 17:03:51 --> Invalid file: home.php
#0 C:\wamp64\www\bloodbank\system\View\View.php(198): CodeIgniter\Exceptions\FrameworkException::forInvalidFile('home.php')
#1 C:\wamp64\www\bloodbank\system\Common.php(1089): CodeIgniter\View\View->render('home', Array, true)
#2 C:\wamp64\www\bloodbank\app\Controllers\Home.php(10): view('home', Array)
#3 C:\wamp64\www\bloodbank\system\CodeIgniter.php(832): App\Controllers\Home->index()
#4 C:\wamp64\www\bloodbank\system\CodeIgniter.php(419): CodeIgniter\CodeIgniter->runController(Object(App\Controllers\Home))
#5 C:\wamp64\www\bloodbank\system\CodeIgniter.php(326): CodeIgniter\CodeIgniter->handleRequest(NULL, Object(Config\Cache), false)
#6 C:\wamp64\www\bloodbank\index.php(37): CodeIgniter\CodeIgniter->run()
#7 {main}
CRITICAL - 2022-04-10 17:23:07 --> syntax error, unexpected 'return' (T_RETURN)
#0 C:\wamp64\www\bloodbank\system\Autoloader\Autoloader.php(241): CodeIgniter\Autoloader\Autoloader->includeFile('C:\\wamp64\\www\\b...')
#1 C:\wamp64\www\bloodbank\system\Autoloader\Autoloader.php(219): CodeIgniter\Autoloader\Autoloader->loadInNamespace('App\\Controllers...')
#2 [internal function]: CodeIgniter\Autoloader\Autoloader->loadClass('App\\Controllers...')
#3 [internal function]: spl_autoload_call('App\\Controllers...')
#4 C:\wamp64\www\bloodbank\system\CodeIgniter.php(797): class_exists('\\App\\Controller...', true)
#5 C:\wamp64\www\bloodbank\system\CodeIgniter.php(406): CodeIgniter\CodeIgniter->startController()
#6 C:\wamp64\www\bloodbank\system\CodeIgniter.php(326): CodeIgniter\CodeIgniter->handleRequest(NULL, Object(Config\Cache), false)
#7 C:\wamp64\www\bloodbank\index.php(37): CodeIgniter\CodeIgniter->run()
#8 {main}
CRITICAL - 2022-04-10 17:23:44 --> syntax error, unexpected 'return' (T_RETURN)
#0 C:\wamp64\www\bloodbank\system\Autoloader\Autoloader.php(241): CodeIgniter\Autoloader\Autoloader->includeFile('C:\\wamp64\\www\\b...')
#1 C:\wamp64\www\bloodbank\system\Autoloader\Autoloader.php(219): CodeIgniter\Autoloader\Autoloader->loadInNamespace('App\\Controllers...')
#2 [internal function]: CodeIgniter\Autoloader\Autoloader->loadClass('App\\Controllers...')
#3 [internal function]: spl_autoload_call('App\\Controllers...')
#4 C:\wamp64\www\bloodbank\system\CodeIgniter.php(797): class_exists('\\App\\Controller...', true)
#5 C:\wamp64\www\bloodbank\system\CodeIgniter.php(406): CodeIgniter\CodeIgniter->startController()
#6 C:\wamp64\www\bloodbank\system\CodeIgniter.php(326): CodeIgniter\CodeIgniter->handleRequest(NULL, Object(Config\Cache), false)
#7 C:\wamp64\www\bloodbank\index.php(37): CodeIgniter\CodeIgniter->run()
#8 {main}
CRITICAL - 2022-04-10 17:49:06 --> Call to undefined method CodeIgniter\View\View::redirect()
#0 C:\wamp64\www\bloodbank\system\View\View.php(210): include()
#1 C:\wamp64\www\bloodbank\system\View\View.php(213): CodeIgniter\View\View->CodeIgniter\View\{closure}()
#2 C:\wamp64\www\bloodbank\system\Common.php(1089): CodeIgniter\View\View->render('home', Array, true)
#3 C:\wamp64\www\bloodbank\app\Controllers\Home.php(11): view('home', Array)
#4 C:\wamp64\www\bloodbank\system\CodeIgniter.php(832): App\Controllers\Home->index()
#5 C:\wamp64\www\bloodbank\system\CodeIgniter.php(419): CodeIgniter\CodeIgniter->runController(Object(App\Controllers\Home))
#6 C:\wamp64\www\bloodbank\system\CodeIgniter.php(326): CodeIgniter\CodeIgniter->handleRequest(NULL, Object(Config\Cache), false)
#7 C:\wamp64\www\bloodbank\index.php(37): CodeIgniter\CodeIgniter->run()
#8 {main}
ERROR - 2022-04-10 18:07:15 --> Error connecting to the database: Access denied for user ''@'localhost' (using password: NO)
CRITICAL - 2022-04-10 18:07:15 --> Unable to connect to the database.
Main connection [MySQLi]: Access denied for user ''@'localhost' (using password: NO)
#0 C:\wamp64\www\bloodbank\system\Database\BaseConnection.php(577): CodeIgniter\Database\BaseConnection->initialize()
#1 C:\wamp64\www\bloodbank\system\Database\BaseBuilder.php(1455): CodeIgniter\Database\BaseConnection->query('SELECT `email`,...', Array, false)
#2 C:\wamp64\www\bloodbank\app\Models\UserLoginModel.php(25): CodeIgniter\Database\BaseBuilder->get()
#3 C:\wamp64\www\bloodbank\app\Controllers\Login.php(38): App\Models\UserLoginModel->verifyEmail('lnnocentchisang...')
#4 C:\wamp64\www\bloodbank\system\CodeIgniter.php(832): App\Controllers\Login->index()
#5 C:\wamp64\www\bloodbank\system\CodeIgniter.php(419): CodeIgniter\CodeIgniter->runController(Object(App\Controllers\Login))
#6 C:\wamp64\www\bloodbank\system\CodeIgniter.php(326): CodeIgniter\CodeIgniter->handleRequest(NULL, Object(Config\Cache), false)
#7 C:\wamp64\www\bloodbank\index.php(37): CodeIgniter\CodeIgniter->run()
#8 {main}
ERROR - 2022-04-10 18:08:29 --> Error connecting to the database: Access denied for user ''@'localhost' (using password: NO)
CRITICAL - 2022-04-10 18:08:29 --> Unable to connect to the database.
Main connection [MySQLi]: Access denied for user ''@'localhost' (using password: NO)
#0 C:\wamp64\www\bloodbank\system\Database\BaseConnection.php(577): CodeIgniter\Database\BaseConnection->initialize()
#1 C:\wamp64\www\bloodbank\system\Database\BaseBuilder.php(1455): CodeIgniter\Database\BaseConnection->query('SELECT `email`,...', Array, false)
#2 C:\wamp64\www\bloodbank\app\Models\UserLoginModel.php(25): CodeIgniter\Database\BaseBuilder->get()
#3 C:\wamp64\www\bloodbank\app\Controllers\Login.php(38): App\Models\UserLoginModel->verifyEmail('lnnocentchisang...')
#4 C:\wamp64\www\bloodbank\system\CodeIgniter.php(832): App\Controllers\Login->index()
#5 C:\wamp64\www\bloodbank\system\CodeIgniter.php(419): CodeIgniter\CodeIgniter->runController(Object(App\Controllers\Login))
#6 C:\wamp64\www\bloodbank\system\CodeIgniter.php(326): CodeIgniter\CodeIgniter->handleRequest(NULL, Object(Config\Cache), false)
#7 C:\wamp64\www\bloodbank\index.php(37): CodeIgniter\CodeIgniter->run()
#8 {main}
ERROR - 2022-04-10 18:08:53 --> Table 'bloodbankdata.users' doesn't exist
CRITICAL - 2022-04-10 18:08:53 --> Call to a member function getResultArray() on bool
#0 C:\wamp64\www\bloodbank\app\Controllers\Login.php(38): App\Models\UserLoginModel->verifyEmail('lnnocentchisang...')
#1 C:\wamp64\www\bloodbank\system\CodeIgniter.php(832): App\Controllers\Login->index()
#2 C:\wamp64\www\bloodbank\system\CodeIgniter.php(419): CodeIgniter\CodeIgniter->runController(Object(App\Controllers\Login))
#3 C:\wamp64\www\bloodbank\system\CodeIgniter.php(326): CodeIgniter\CodeIgniter->handleRequest(NULL, Object(Config\Cache), false)
#4 C:\wamp64\www\bloodbank\index.php(37): CodeIgniter\CodeIgniter->run()
#5 {main}
ERROR - 2022-04-10 18:09:28 --> Table 'bloodbankdata.users' doesn't exist
CRITICAL - 2022-04-10 18:09:28 --> Call to a member function getResultArray() on bool
#0 C:\wamp64\www\bloodbank\app\Controllers\Login.php(38): App\Models\UserLoginModel->verifyEmail('chisangainnocen...')
#1 C:\wamp64\www\bloodbank\system\CodeIgniter.php(832): App\Controllers\Login->index()
#2 C:\wamp64\www\bloodbank\system\CodeIgniter.php(419): CodeIgniter\CodeIgniter->runController(Object(App\Controllers\Login))
#3 C:\wamp64\www\bloodbank\system\CodeIgniter.php(326): CodeIgniter\CodeIgniter->handleRequest(NULL, Object(Config\Cache), false)
#4 C:\wamp64\www\bloodbank\index.php(37): CodeIgniter\CodeIgniter->run()
#5 {main}
CRITICAL - 2022-04-10 18:29:49 --> Function name must be a string
#0 C:\wamp64\www\bloodbank\system\CodeIgniter.php(832): App\Controllers\Login->index()
#1 C:\wamp64\www\bloodbank\system\CodeIgniter.php(419): CodeIgniter\CodeIgniter->runController(Object(App\Controllers\Login))
#2 C:\wamp64\www\bloodbank\system\CodeIgniter.php(326): CodeIgniter\CodeIgniter->handleRequest(NULL, Object(Config\Cache), false)
#3 C:\wamp64\www\bloodbank\index.php(37): CodeIgniter\CodeIgniter->run()
#4 {main}
CRITICAL - 2022-04-10 18:43:53 --> syntax error, unexpected end of file, expecting function (T_FUNCTION) or const (T_CONST)
#0 C:\wamp64\www\bloodbank\system\Router\Router.php(175): CodeIgniter\Router\Router->autoRoute('/login')
#1 C:\wamp64\www\bloodbank\system\CodeIgniter.php(726): CodeIgniter\Router\Router->handle('/login')
#2 C:\wamp64\www\bloodbank\system\CodeIgniter.php(368): CodeIgniter\CodeIgniter->tryToRouteIt(Object(CodeIgniter\Router\RouteCollection))
#3 C:\wamp64\www\bloodbank\system\CodeIgniter.php(326): CodeIgniter\CodeIgniter->handleRequest(NULL, Object(Config\Cache), false)
#4 C:\wamp64\www\bloodbank\index.php(37): CodeIgniter\CodeIgniter->run()
#5 {main}
CRITICAL - 2022-04-10 18:44:10 --> syntax error, unexpected end of file, expecting function (T_FUNCTION) or const (T_CONST)
#0 C:\wamp64\www\bloodbank\system\Router\Router.php(175): CodeIgniter\Router\Router->autoRoute('/login')
#1 C:\wamp64\www\bloodbank\system\CodeIgniter.php(726): CodeIgniter\Router\Router->handle('/login')
#2 C:\wamp64\www\bloodbank\system\CodeIgniter.php(368): CodeIgniter\CodeIgniter->tryToRouteIt(Object(CodeIgniter\Router\RouteCollection))
#3 C:\wamp64\www\bloodbank\system\CodeIgniter.php(326): CodeIgniter\CodeIgniter->handleRequest(NULL, Object(Config\Cache), false)
#4 C:\wamp64\www\bloodbank\index.php(37): CodeIgniter\CodeIgniter->run()
#5 {main}
CRITICAL - 2022-04-10 18:49:43 --> syntax error, unexpected ';', expecting ')'
#0 C:\wamp64\www\bloodbank\system\Router\Router.php(175): CodeIgniter\Router\Router->autoRoute('/login')
#1 C:\wamp64\www\bloodbank\system\CodeIgniter.php(726): CodeIgniter\Router\Router->handle('/login')
#2 C:\wamp64\www\bloodbank\system\CodeIgniter.php(368): CodeIgniter\CodeIgniter->tryToRouteIt(Object(CodeIgniter\Router\RouteCollection))
#3 C:\wamp64\www\bloodbank\system\CodeIgniter.php(326): CodeIgniter\CodeIgniter->handleRequest(NULL, Object(Config\Cache), false)
#4 C:\wamp64\www\bloodbank\index.php(37): CodeIgniter\CodeIgniter->run()
#5 {main}
CRITICAL - 2022-04-10 19:02:46 --> Class 'App\Controllers\Model' not found
#0 C:\wamp64\www\bloodbank\system\Router\Router.php(518): include_once()
#1 C:\wamp64\www\bloodbank\system\Router\Router.php(175): CodeIgniter\Router\Router->autoRoute('/dashboard')
#2 C:\wamp64\www\bloodbank\system\CodeIgniter.php(726): CodeIgniter\Router\Router->handle('/dashboard')
#3 C:\wamp64\www\bloodbank\system\CodeIgniter.php(368): CodeIgniter\CodeIgniter->tryToRouteIt(Object(CodeIgniter\Router\RouteCollection))
#4 C:\wamp64\www\bloodbank\system\CodeIgniter.php(326): CodeIgniter\CodeIgniter->handleRequest(NULL, Object(Config\Cache), false)
#5 C:\wamp64\www\bloodbank\index.php(37): CodeIgniter\CodeIgniter->run()
#6 {main}
CRITICAL - 2022-04-10 19:03:17 --> Class 'App\Controllers\Model' not found
#0 C:\wamp64\www\bloodbank\system\Router\Router.php(518): include_once()
#1 C:\wamp64\www\bloodbank\system\Router\Router.php(175): CodeIgniter\Router\Router->autoRoute('/dashboard')
#2 C:\wamp64\www\bloodbank\system\CodeIgniter.php(726): CodeIgniter\Router\Router->handle('/dashboard')
#3 C:\wamp64\www\bloodbank\system\CodeIgniter.php(368): CodeIgniter\CodeIgniter->tryToRouteIt(Object(CodeIgniter\Router\RouteCollection))
#4 C:\wamp64\www\bloodbank\system\CodeIgniter.php(326): CodeIgniter\CodeIgniter->handleRequest(NULL, Object(Config\Cache), false)
#5 C:\wamp64\www\bloodbank\index.php(37): CodeIgniter\CodeIgniter->run()
#6 {main}
CRITICAL - 2022-04-10 19:03:43 --> Class 'App\Controllers\Model' not found
#0 C:\wamp64\www\bloodbank\system\Router\Router.php(518): include_once()
#1 C:\wamp64\www\bloodbank\system\Router\Router.php(175): CodeIgniter\Router\Router->autoRoute('/dashboard')
#2 C:\wamp64\www\bloodbank\system\CodeIgniter.php(726): CodeIgniter\Router\Router->handle('/dashboard')
#3 C:\wamp64\www\bloodbank\system\CodeIgniter.php(368): CodeIgniter\CodeIgniter->tryToRouteIt(Object(CodeIgniter\Router\RouteCollection))
#4 C:\wamp64\www\bloodbank\system\CodeIgniter.php(326): CodeIgniter\CodeIgniter->handleRequest(NULL, Object(Config\Cache), false)
#5 C:\wamp64\www\bloodbank\index.php(37): CodeIgniter\CodeIgniter->run()
#6 {main}
CRITICAL - 2022-04-10 19:04:25 --> Class 'App\Controllers\Model' not found
#0 C:\wamp64\www\bloodbank\system\Router\Router.php(518): include_once()
#1 C:\wamp64\www\bloodbank\system\Router\Router.php(175): CodeIgniter\Router\Router->autoRoute('/dashboard')
#2 C:\wamp64\www\bloodbank\system\CodeIgniter.php(726): CodeIgniter\Router\Router->handle('/dashboard')
#3 C:\wamp64\www\bloodbank\system\CodeIgniter.php(368): CodeIgniter\CodeIgniter->tryToRouteIt(Object(CodeIgniter\Router\RouteCollection))
#4 C:\wamp64\www\bloodbank\system\CodeIgniter.php(326): CodeIgniter\CodeIgniter->handleRequest(NULL, Object(Config\Cache), false)
#5 C:\wamp64\www\bloodbank\index.php(37): CodeIgniter\CodeIgniter->run()
#6 {main}
CRITICAL - 2022-04-10 19:05:13 --> Class 'App\Controllers\Controller' not found
#0 C:\wamp64\www\bloodbank\system\Router\Router.php(518): include_once()
#1 C:\wamp64\www\bloodbank\system\Router\Router.php(175): CodeIgniter\Router\Router->autoRoute('/dashboard')
#2 C:\wamp64\www\bloodbank\system\CodeIgniter.php(726): CodeIgniter\Router\Router->handle('/dashboard')
#3 C:\wamp64\www\bloodbank\system\CodeIgniter.php(368): CodeIgniter\CodeIgniter->tryToRouteIt(Object(CodeIgniter\Router\RouteCollection))
#4 C:\wamp64\www\bloodbank\system\CodeIgniter.php(326): CodeIgniter\CodeIgniter->handleRequest(NULL, Object(Config\Cache), false)
#5 C:\wamp64\www\bloodbank\index.php(37): CodeIgniter\CodeIgniter->run()
#6 {main}
CRITICAL - 2022-04-10 19:34:23 --> Class 'App\Controllers\AdminModels' not found
#0 C:\wamp64\www\bloodbank\system\CodeIgniter.php(809): App\Controllers\Dashboard->__construct()
#1 C:\wamp64\www\bloodbank\system\CodeIgniter.php(410): CodeIgniter\CodeIgniter->createController()
#2 C:\wamp64\www\bloodbank\system\CodeIgniter.php(326): CodeIgniter\CodeIgniter->handleRequest(NULL, Object(Config\Cache), false)
#3 C:\wamp64\www\bloodbank\index.php(37): CodeIgniter\CodeIgniter->run()
#4 {main}
CRITICAL - 2022-04-10 19:38:20 --> Call to undefined function App\Controllers\hivNum()
#0 C:\wamp64\www\bloodbank\system\CodeIgniter.php(832): App\Controllers\Dashboard->index()
#1 C:\wamp64\www\bloodbank\system\CodeIgniter.php(419): CodeIgniter\CodeIgniter->runController(Object(App\Controllers\Dashboard))
#2 C:\wamp64\www\bloodbank\system\CodeIgniter.php(326): CodeIgniter\CodeIgniter->handleRequest(NULL, Object(Config\Cache), false)
#3 C:\wamp64\www\bloodbank\index.php(37): CodeIgniter\CodeIgniter->run()
#4 {main}
CRITICAL - 2022-04-10 19:38:45 --> Call to undefined function App\Controllers\hivNum()
#0 C:\wamp64\www\bloodbank\system\CodeIgniter.php(832): App\Controllers\Dashboard->index()
#1 C:\wamp64\www\bloodbank\system\CodeIgniter.php(419): CodeIgniter\CodeIgniter->runController(Object(App\Controllers\Dashboard))
#2 C:\wamp64\www\bloodbank\system\CodeIgniter.php(326): CodeIgniter\CodeIgniter->handleRequest(NULL, Object(Config\Cache), false)
#3 C:\wamp64\www\bloodbank\index.php(37): CodeIgniter\CodeIgniter->run()
#4 {main}
CRITICAL - 2022-04-10 19:54:56 --> You must set the database table to be used with your query.
#0 C:\wamp64\www\bloodbank\system\Model.php(545): CodeIgniter\Database\BaseConnection->table(NULL)
#1 C:\wamp64\www\bloodbank\system\Model.php(693): CodeIgniter\Model->builder()
#2 C:\wamp64\www\bloodbank\app\Models\AdminModels.php(20): CodeIgniter\Model->__get('')
#3 C:\wamp64\www\bloodbank\app\Controllers\Dashboard.php(26): App\Models\AdminModels->hivNum()
#4 C:\wamp64\www\bloodbank\system\CodeIgniter.php(832): App\Controllers\Dashboard->index()
#5 C:\wamp64\www\bloodbank\system\CodeIgniter.php(419): CodeIgniter\CodeIgniter->runController(Object(App\Controllers\Dashboard))
#6 C:\wamp64\www\bloodbank\system\CodeIgniter.php(326): CodeIgniter\CodeIgniter->handleRequest(NULL, Object(Config\Cache), false)
#7 C:\wamp64\www\bloodbank\index.php(37): CodeIgniter\CodeIgniter->run()
#8 {main}
CRITICAL - 2022-04-10 19:55:12 --> You must set the database table to be used with your query.
#0 C:\wamp64\www\bloodbank\system\Model.php(545): CodeIgniter\Database\BaseConnection->table(NULL)
#1 C:\wamp64\www\bloodbank\system\Model.php(693): CodeIgniter\Model->builder()
#2 C:\wamp64\www\bloodbank\app\Models\AdminModels.php(20): CodeIgniter\Model->__get('')
#3 C:\wamp64\www\bloodbank\app\Controllers\Dashboard.php(26): App\Models\AdminModels->hivNum()
#4 C:\wamp64\www\bloodbank\system\CodeIgniter.php(832): App\Controllers\Dashboard->index()
#5 C:\wamp64\www\bloodbank\system\CodeIgniter.php(419): CodeIgniter\CodeIgniter->runController(Object(App\Controllers\Dashboard))
#6 C:\wamp64\www\bloodbank\system\CodeIgniter.php(326): CodeIgniter\CodeIgniter->handleRequest(NULL, Object(Config\Cache), false)
#7 C:\wamp64\www\bloodbank\index.php(37): CodeIgniter\CodeIgniter->run()
#8 {main}
CRITICAL - 2022-04-10 19:56:06 --> You must set the database table to be used with your query.
#0 C:\wamp64\www\bloodbank\system\Model.php(545): CodeIgniter\Database\BaseConnection->table(NULL)
#1 C:\wamp64\www\bloodbank\system\Model.php(693): CodeIgniter\Model->builder()
#2 C:\wamp64\www\bloodbank\app\Models\AdminModels.php(20): CodeIgniter\Model->__get('')
#3 C:\wamp64\www\bloodbank\app\Controllers\Dashboard.php(26): App\Models\AdminModels->hivNum()
#4 C:\wamp64\www\bloodbank\system\CodeIgniter.php(832): App\Controllers\Dashboard->index()
#5 C:\wamp64\www\bloodbank\system\CodeIgniter.php(419): CodeIgniter\CodeIgniter->runController(Object(App\Controllers\Dashboard))
#6 C:\wamp64\www\bloodbank\system\CodeIgniter.php(326): CodeIgniter\CodeIgniter->handleRequest(NULL, Object(Config\Cache), false)
#7 C:\wamp64\www\bloodbank\index.php(37): CodeIgniter\CodeIgniter->run()
#8 {main}
CRITICAL - 2022-04-10 19:56:41 --> You must set the database table to be used with your query.
#0 C:\wamp64\www\bloodbank\system\Model.php(545): CodeIgniter\Database\BaseConnection->table(NULL)
#1 C:\wamp64\www\bloodbank\system\Model.php(693): CodeIgniter\Model->builder()
#2 C:\wamp64\www\bloodbank\app\Models\AdminModels.php(20): CodeIgniter\Model->__get('')
#3 C:\wamp64\www\bloodbank\app\Controllers\Dashboard.php(26): App\Models\AdminModels->hivNum()
#4 C:\wamp64\www\bloodbank\system\CodeIgniter.php(832): App\Controllers\Dashboard->index()
#5 C:\wamp64\www\bloodbank\system\CodeIgniter.php(419): CodeIgniter\CodeIgniter->runController(Object(App\Controllers\Dashboard))
#6 C:\wamp64\www\bloodbank\system\CodeIgniter.php(326): CodeIgniter\CodeIgniter->handleRequest(NULL, Object(Config\Cache), false)
#7 C:\wamp64\www\bloodbank\index.php(37): CodeIgniter\CodeIgniter->run()
#8 {main}
CRITICAL - 2022-04-10 19:58:20 --> You must set the database table to be used with your query.
#0 C:\wamp64\www\bloodbank\system\Model.php(545): CodeIgniter\Database\BaseConnection->table(NULL)
#1 C:\wamp64\www\bloodbank\system\Model.php(693): CodeIgniter\Model->builder()
#2 C:\wamp64\www\bloodbank\app\Models\AdminModels.php(20): CodeIgniter\Model->__get('')
#3 C:\wamp64\www\bloodbank\app\Controllers\Dashboard.php(26): App\Models\AdminModels->hivNum()
#4 C:\wamp64\www\bloodbank\system\CodeIgniter.php(832): App\Controllers\Dashboard->index()
#5 C:\wamp64\www\bloodbank\system\CodeIgniter.php(419): CodeIgniter\CodeIgniter->runController(Object(App\Controllers\Dashboard))
#6 C:\wamp64\www\bloodbank\system\CodeIgniter.php(326): CodeIgniter\CodeIgniter->handleRequest(NULL, Object(Config\Cache), false)
#7 C:\wamp64\www\bloodbank\index.php(37): CodeIgniter\CodeIgniter->run()
#8 {main}
CRITICAL - 2022-04-10 20:01:06 --> You must set the database table to be used with your query.
#0 C:\wamp64\www\bloodbank\system\Model.php(545): CodeIgniter\Database\BaseConnection->table(NULL)
#1 C:\wamp64\www\bloodbank\system\Model.php(693): CodeIgniter\Model->builder()
#2 C:\wamp64\www\bloodbank\app\Models\AdminModels.php(20): CodeIgniter\Model->__get('')
#3 C:\wamp64\www\bloodbank\app\Controllers\Dashboard.php(26): App\Models\AdminModels->hivNum()
#4 C:\wamp64\www\bloodbank\system\CodeIgniter.php(832): App\Controllers\Dashboard->index()
#5 C:\wamp64\www\bloodbank\system\CodeIgniter.php(419): CodeIgniter\CodeIgniter->runController(Object(App\Controllers\Dashboard))
#6 C:\wamp64\www\bloodbank\system\CodeIgniter.php(326): CodeIgniter\CodeIgniter->handleRequest(NULL, Object(Config\Cache), false)
#7 C:\wamp64\www\bloodbank\index.php(37): CodeIgniter\CodeIgniter->run()
#8 {main}
CRITICAL - 2022-04-10 20:02:00 --> You must set the database table to be used with your query.
#0 C:\wamp64\www\bloodbank\system\Model.php(545): CodeIgniter\Database\BaseConnection->table(NULL)
#1 C:\wamp64\www\bloodbank\system\Model.php(693): CodeIgniter\Model->builder()
#2 C:\wamp64\www\bloodbank\app\Models\AdminModels.php(20): CodeIgniter\Model->__get('')
#3 C:\wamp64\www\bloodbank\app\Controllers\Dashboard.php(26): App\Models\AdminModels->hivNum()
#4 C:\wamp64\www\bloodbank\system\CodeIgniter.php(832): App\Controllers\Dashboard->index()
#5 C:\wamp64\www\bloodbank\system\CodeIgniter.php(419): CodeIgniter\CodeIgniter->runController(Object(App\Controllers\Dashboard))
#6 C:\wamp64\www\bloodbank\system\CodeIgniter.php(326): CodeIgniter\CodeIgniter->handleRequest(NULL, Object(Config\Cache), false)
#7 C:\wamp64\www\bloodbank\index.php(37): CodeIgniter\CodeIgniter->run()
#8 {main}
CRITICAL - 2022-04-10 20:02:31 --> You must set the database table to be used with your query.
#0 C:\wamp64\www\bloodbank\system\Model.php(545): CodeIgniter\Database\BaseConnection->table(NULL)
#1 C:\wamp64\www\bloodbank\system\Model.php(693): CodeIgniter\Model->builder()
#2 C:\wamp64\www\bloodbank\app\Models\AdminModels.php(20): CodeIgniter\Model->__get('')
#3 C:\wamp64\www\bloodbank\app\Controllers\Dashboard.php(26): App\Models\AdminModels->hivNum()
#4 C:\wamp64\www\bloodbank\system\CodeIgniter.php(832): App\Controllers\Dashboard->index()
#5 C:\wamp64\www\bloodbank\system\CodeIgniter.php(419): CodeIgniter\CodeIgniter->runController(Object(App\Controllers\Dashboard))
#6 C:\wamp64\www\bloodbank\system\CodeIgniter.php(326): CodeIgniter\CodeIgniter->handleRequest(NULL, Object(Config\Cache), false)
#7 C:\wamp64\www\bloodbank\index.php(37): CodeIgniter\CodeIgniter->run()
#8 {main}
CRITICAL - 2022-04-10 20:03:50 --> You must set the database table to be used with your query.
#0 C:\wamp64\www\bloodbank\system\Model.php(545): CodeIgniter\Database\BaseConnection->table(NULL)
#1 C:\wamp64\www\bloodbank\system\Model.php(693): CodeIgniter\Model->builder()
#2 C:\wamp64\www\bloodbank\app\Models\AdminModels.php(20): CodeIgniter\Model->__get('')
#3 C:\wamp64\www\bloodbank\app\Controllers\Dashboard.php(26): App\Models\AdminModels->hivNum()
#4 C:\wamp64\www\bloodbank\system\CodeIgniter.php(832): App\Controllers\Dashboard->index()
#5 C:\wamp64\www\bloodbank\system\CodeIgniter.php(419): CodeIgniter\CodeIgniter->runController(Object(App\Controllers\Dashboard))
#6 C:\wamp64\www\bloodbank\system\CodeIgniter.php(326): CodeIgniter\CodeIgniter->handleRequest(NULL, Object(Config\Cache), false)
#7 C:\wamp64\www\bloodbank\index.php(37): CodeIgniter\CodeIgniter->run()
#8 {main}
CRITICAL - 2022-04-10 20:04:38 --> count(): Parameter must be an array or an object that implements Countable
#0 [internal function]: CodeIgniter\Debug\Exceptions->errorHandler(2, 'count(): Parame...', 'C:\\wamp64\\www\\b...', 27, Array)
#1 C:\wamp64\www\bloodbank\app\Models\AdminModels.php(27): count(NULL)
#2 C:\wamp64\www\bloodbank\app\Controllers\Dashboard.php(26): App\Models\AdminModels->hivNum()
#3 C:\wamp64\www\bloodbank\system\CodeIgniter.php(832): App\Controllers\Dashboard->index()
#4 C:\wamp64\www\bloodbank\system\CodeIgniter.php(419): CodeIgniter\CodeIgniter->runController(Object(App\Controllers\Dashboard))
#5 C:\wamp64\www\bloodbank\system\CodeIgniter.php(326): CodeIgniter\CodeIgniter->handleRequest(NULL, Object(Config\Cache), false)
#6 C:\wamp64\www\bloodbank\index.php(37): CodeIgniter\CodeIgniter->run()
#7 {main}
CRITICAL - 2022-04-10 20:45:56 --> syntax error, unexpected '->' (T_OBJECT_OPERATOR)
#0 C:\wamp64\www\bloodbank\system\Router\Router.php(175): CodeIgniter\Router\Router->autoRoute('/logout')
#1 C:\wamp64\www\bloodbank\system\CodeIgniter.php(726): CodeIgniter\Router\Router->handle('/logout')
#2 C:\wamp64\www\bloodbank\system\CodeIgniter.php(368): CodeIgniter\CodeIgniter->tryToRouteIt(Object(CodeIgniter\Router\RouteCollection))
#3 C:\wamp64\www\bloodbank\system\CodeIgniter.php(326): CodeIgniter\CodeIgniter->handleRequest(NULL, Object(Config\Cache), false)
#4 C:\wamp64\www\bloodbank\index.php(37): CodeIgniter\CodeIgniter->run()
#5 {main}
CRITICAL - 2022-04-10 20:48:04 --> syntax error, unexpected '->' (T_OBJECT_OPERATOR)
#0 C:\wamp64\www\bloodbank\system\Router\Router.php(175): CodeIgniter\Router\Router->autoRoute('/logout')
#1 C:\wamp64\www\bloodbank\system\CodeIgniter.php(726): CodeIgniter\Router\Router->handle('/logout')
#2 C:\wamp64\www\bloodbank\system\CodeIgniter.php(368): CodeIgniter\CodeIgniter->tryToRouteIt(Object(CodeIgniter\Router\RouteCollection))
#3 C:\wamp64\www\bloodbank\system\CodeIgniter.php(326): CodeIgniter\CodeIgniter->handleRequest(NULL, Object(Config\Cache), false)
#4 C:\wamp64\www\bloodbank\index.php(37): CodeIgniter\CodeIgniter->run()
#5 {main}
CRITICAL - 2022-04-10 20:52:32 --> syntax error, unexpected '->' (T_OBJECT_OPERATOR)
#0 C:\wamp64\www\bloodbank\system\Router\Router.php(175): CodeIgniter\Router\Router->autoRoute('/logout')
#1 C:\wamp64\www\bloodbank\system\CodeIgniter.php(726): CodeIgniter\Router\Router->handle('/logout')
#2 C:\wamp64\www\bloodbank\system\CodeIgniter.php(368): CodeIgniter\CodeIgniter->tryToRouteIt(Object(CodeIgniter\Router\RouteCollection))
#3 C:\wamp64\www\bloodbank\system\CodeIgniter.php(326): CodeIgniter\CodeIgniter->handleRequest(NULL, Object(Config\Cache), false)
#4 C:\wamp64\www\bloodbank\index.php(37): CodeIgniter\CodeIgniter->run()
#5 {main}
CRITICAL - 2022-04-10 20:52:34 --> syntax error, unexpected '->' (T_OBJECT_OPERATOR)
#0 C:\wamp64\www\bloodbank\system\Router\Router.php(175): CodeIgniter\Router\Router->autoRoute('/logout')
#1 C:\wamp64\www\bloodbank\system\CodeIgniter.php(726): CodeIgniter\Router\Router->handle('/logout')
#2 C:\wamp64\www\bloodbank\system\CodeIgniter.php(368): CodeIgniter\CodeIgniter->tryToRouteIt(Object(CodeIgniter\Router\RouteCollection))
#3 C:\wamp64\www\bloodbank\system\CodeIgniter.php(326): CodeIgniter\CodeIgniter->handleRequest(NULL, Object(Config\Cache), false)
#4 C:\wamp64\www\bloodbank\index.php(37): CodeIgniter\CodeIgniter->run()
#5 {main}
CRITICAL - 2022-04-10 20:53:24 --> syntax error, unexpected '->' (T_OBJECT_OPERATOR)
#0 C:\wamp64\www\bloodbank\system\Router\Router.php(175): CodeIgniter\Router\Router->autoRoute('/logout')
#1 C:\wamp64\www\bloodbank\system\CodeIgniter.php(726): CodeIgniter\Router\Router->handle('/logout')
#2 C:\wamp64\www\bloodbank\system\CodeIgniter.php(368): CodeIgniter\CodeIgniter->tryToRouteIt(Object(CodeIgniter\Router\RouteCollection))
#3 C:\wamp64\www\bloodbank\system\CodeIgniter.php(326): CodeIgniter\CodeIgniter->handleRequest(NULL, Object(Config\Cache), false)
#4 C:\wamp64\www\bloodbank\index.php(37): CodeIgniter\CodeIgniter->run()
#5 {main}
CRITICAL - 2022-04-10 20:55:51 --> syntax error, unexpected '->' (T_OBJECT_OPERATOR)
#0 C:\wamp64\www\bloodbank\system\Autoloader\Autoloader.php(241): CodeIgniter\Autoloader\Autoloader->includeFile('C:\\wamp64\\www\\b...')
#1 C:\wamp64\www\bloodbank\system\Autoloader\Autoloader.php(219): CodeIgniter\Autoloader\Autoloader->loadInNamespace('App\\Controllers...')
#2 [internal function]: CodeIgniter\Autoloader\Autoloader->loadClass('App\\Controllers...')
#3 [internal function]: spl_autoload_call('App\\Controllers...')
#4 C:\wamp64\www\bloodbank\system\CodeIgniter.php(797): class_exists('\\App\\Controller...', true)
#5 C:\wamp64\www\bloodbank\system\CodeIgniter.php(406): CodeIgniter\CodeIgniter->startController()
#6 C:\wamp64\www\bloodbank\system\CodeIgniter.php(326): CodeIgniter\CodeIgniter->handleRequest(NULL, Object(Config\Cache), false)
#7 C:\wamp64\www\bloodbank\index.php(37): CodeIgniter\CodeIgniter->run()
#8 {main}
CRITICAL - 2022-04-10 20:56:02 --> syntax error, unexpected '->' (T_OBJECT_OPERATOR)
#0 C:\wamp64\www\bloodbank\system\Autoloader\Autoloader.php(241): CodeIgniter\Autoloader\Autoloader->includeFile('C:\\wamp64\\www\\b...')
#1 C:\wamp64\www\bloodbank\system\Autoloader\Autoloader.php(219): CodeIgniter\Autoloader\Autoloader->loadInNamespace('App\\Controllers...')
#2 [internal function]: CodeIgniter\Autoloader\Autoloader->loadClass('App\\Controllers...')
#3 [internal function]: spl_autoload_call('App\\Controllers...')
#4 C:\wamp64\www\bloodbank\system\CodeIgniter.php(797): class_exists('\\App\\Controller...', true)
#5 C:\wamp64\www\bloodbank\system\CodeIgniter.php(406): CodeIgniter\CodeIgniter->startController()
#6 C:\wamp64\www\bloodbank\system\CodeIgniter.php(326): CodeIgniter\CodeIgniter->handleRequest(NULL, Object(Config\Cache), false)
#7 C:\wamp64\www\bloodbank\index.php(37): CodeIgniter\CodeIgniter->run()
#8 {main}
CRITICAL - 2022-04-10 20:56:25 --> syntax error, unexpected '->' (T_OBJECT_OPERATOR)
#0 C:\wamp64\www\bloodbank\system\Autoloader\Autoloader.php(241): CodeIgniter\Autoloader\Autoloader->includeFile('C:\\wamp64\\www\\b...')
#1 C:\wamp64\www\bloodbank\system\Autoloader\Autoloader.php(219): CodeIgniter\Autoloader\Autoloader->loadInNamespace('App\\Controllers...')
#2 [internal function]: CodeIgniter\Autoloader\Autoloader->loadClass('App\\Controllers...')
#3 [internal function]: spl_autoload_call('App\\Controllers...')
#4 C:\wamp64\www\bloodbank\system\CodeIgniter.php(797): class_exists('\\App\\Controller...', true)
#5 C:\wamp64\www\bloodbank\system\CodeIgniter.php(406): CodeIgniter\CodeIgniter->startController()
#6 C:\wamp64\www\bloodbank\system\CodeIgniter.php(326): CodeIgniter\CodeIgniter->handleRequest(NULL, Object(Config\Cache), false)
#7 C:\wamp64\www\bloodbank\index.php(37): CodeIgniter\CodeIgniter->run()
#8 {main}
CRITICAL - 2022-04-10 20:58:03 --> Call to undefined method CodeIgniter\Session\Session::distroy()
#0 C:\wamp64\www\bloodbank\system\CodeIgniter.php(832): App\Controllers\Logout->index()
#1 C:\wamp64\www\bloodbank\system\CodeIgniter.php(419): CodeIgniter\CodeIgniter->runController(Object(App\Controllers\Logout))
#2 C:\wamp64\www\bloodbank\system\CodeIgniter.php(326): CodeIgniter\CodeIgniter->handleRequest(NULL, Object(Config\Cache), false)
#3 C:\wamp64\www\bloodbank\index.php(37): CodeIgniter\CodeIgniter->run()
#4 {main}
CRITICAL - 2022-04-10 20:58:24 --> syntax error, unexpected '->' (T_OBJECT_OPERATOR)
#0 C:\wamp64\www\bloodbank\system\Autoloader\Autoloader.php(241): CodeIgniter\Autoloader\Autoloader->includeFile('C:\\wamp64\\www\\b...')
#1 C:\wamp64\www\bloodbank\system\Autoloader\Autoloader.php(219): CodeIgniter\Autoloader\Autoloader->loadInNamespace('App\\Controllers...')
#2 [internal function]: CodeIgniter\Autoloader\Autoloader->loadClass('App\\Controllers...')
#3 [internal function]: spl_autoload_call('App\\Controllers...')
#4 C:\wamp64\www\bloodbank\system\CodeIgniter.php(797): class_exists('\\App\\Controller...', true)
#5 C:\wamp64\www\bloodbank\system\CodeIgniter.php(406): CodeIgniter\CodeIgniter->startController()
#6 C:\wamp64\www\bloodbank\system\CodeIgniter.php(326): CodeIgniter\CodeIgniter->handleRequest(NULL, Object(Config\Cache), false)
#7 C:\wamp64\www\bloodbank\index.php(37): CodeIgniter\CodeIgniter->run()
#8 {main}
CRITICAL - 2022-04-10 21:34:09 --> Call to a member function get() on null
#0 C:\wamp64\www\bloodbank\system\Router\RouteCollection.php(607): CodeIgniter\CodeIgniter->Config\{closure}(Object(CodeIgniter\Router\RouteCollection))
#1 C:\wamp64\www\bloodbank\app\Config\Routes.php(40): CodeIgniter\Router\RouteCollection->group('', Array, Object(Closure))
#2 C:\wamp64\www\bloodbank\system\CodeIgniter.php(713): require('C:\\wamp64\\www\\b...')
#3 C:\wamp64\www\bloodbank\system\CodeIgniter.php(368): CodeIgniter\CodeIgniter->tryToRouteIt(Object(CodeIgniter\Router\RouteCollection))
#4 C:\wamp64\www\bloodbank\system\CodeIgniter.php(326): CodeIgniter\CodeIgniter->handleRequest(NULL, Object(Config\Cache), false)
#5 C:\wamp64\www\bloodbank\index.php(37): CodeIgniter\CodeIgniter->run()
#6 {main}
CRITICAL - 2022-04-10 21:35:12 --> Call to a member function get() on null
#0 C:\wamp64\www\bloodbank\system\Router\RouteCollection.php(607): CodeIgniter\CodeIgniter->Config\{closure}(Object(CodeIgniter\Router\RouteCollection))
#1 C:\wamp64\www\bloodbank\app\Config\Routes.php(40): CodeIgniter\Router\RouteCollection->group('', Array, Object(Closure))
#2 C:\wamp64\www\bloodbank\system\CodeIgniter.php(713): require('C:\\wamp64\\www\\b...')
#3 C:\wamp64\www\bloodbank\system\CodeIgniter.php(368): CodeIgniter\CodeIgniter->tryToRouteIt(Object(CodeIgniter\Router\RouteCollection))
#4 C:\wamp64\www\bloodbank\system\CodeIgniter.php(326): CodeIgniter\CodeIgniter->handleRequest(NULL, Object(Config\Cache), false)
#5 C:\wamp64\www\bloodbank\index.php(37): CodeIgniter\CodeIgniter->run()
#6 {main}
CRITICAL - 2022-04-10 23:01:04 --> Class 'App\CodeIgniter\GetAllDonors' not found
#0 C:\wamp64\www\bloodbank\system\CodeIgniter.php(809): App\Controllers\Listdonors->__construct()
#1 C:\wamp64\www\bloodbank\system\CodeIgniter.php(410): CodeIgniter\CodeIgniter->createController()
#2 C:\wamp64\www\bloodbank\system\CodeIgniter.php(326): CodeIgniter\CodeIgniter->handleRequest(NULL, Object(Config\Cache), false)
#3 C:\wamp64\www\bloodbank\index.php(37): CodeIgniter\CodeIgniter->run()
#4 {main}
CRITICAL - 2022-04-10 23:02:16 --> Call to a member function getDonors() on null
#0 C:\wamp64\www\bloodbank\system\CodeIgniter.php(832): App\Controllers\Listdonors->index()
#1 C:\wamp64\www\bloodbank\system\CodeIgniter.php(419): CodeIgniter\CodeIgniter->runController(Object(App\Controllers\Listdonors))
#2 C:\wamp64\www\bloodbank\system\CodeIgniter.php(326): CodeIgniter\CodeIgniter->handleRequest(NULL, Object(Config\Cache), false)
#3 C:\wamp64\www\bloodbank\index.php(37): CodeIgniter\CodeIgniter->run()
#4 {main}
CRITICAL - 2022-04-10 23:08:10 --> Call to a member function getDonors() on null
#0 C:\wamp64\www\bloodbank\system\CodeIgniter.php(832): App\Controllers\Listdonors->index()
#1 C:\wamp64\www\bloodbank\system\CodeIgniter.php(419): CodeIgniter\CodeIgniter->runController(Object(App\Controllers\Listdonors))
#2 C:\wamp64\www\bloodbank\system\CodeIgniter.php(326): CodeIgniter\CodeIgniter->handleRequest(NULL, Object(Config\Cache), false)
#3 C:\wamp64\www\bloodbank\index.php(37): CodeIgniter\CodeIgniter->run()
#4 {main}
CRITICAL - 2022-04-10 23:08:36 --> Call to a member function getDonors() on null
#0 C:\wamp64\www\bloodbank\system\CodeIgniter.php(832): App\Controllers\Listdonors->index()
#1 C:\wamp64\www\bloodbank\system\CodeIgniter.php(419): CodeIgniter\CodeIgniter->runController(Object(App\Controllers\Listdonors))
#2 C:\wamp64\www\bloodbank\system\CodeIgniter.php(326): CodeIgniter\CodeIgniter->handleRequest(NULL, Object(Config\Cache), false)
#3 C:\wamp64\www\bloodbank\index.php(37): CodeIgniter\CodeIgniter->run()
#4 {main}
CRITICAL - 2022-04-10 23:09:30 --> Class 'App\Controllers\Controller' not found
#0 C:\wamp64\www\bloodbank\system\Router\Router.php(518): include_once()
#1 C:\wamp64\www\bloodbank\system\Router\Router.php(175): CodeIgniter\Router\Router->autoRoute('/listdonors')
#2 C:\wamp64\www\bloodbank\system\CodeIgniter.php(726): CodeIgniter\Router\Router->handle('/listdonors')
#3 C:\wamp64\www\bloodbank\system\CodeIgniter.php(368): CodeIgniter\CodeIgniter->tryToRouteIt(Object(CodeIgniter\Router\RouteCollection))
#4 C:\wamp64\www\bloodbank\system\CodeIgniter.php(326): CodeIgniter\CodeIgniter->handleRequest(NULL, Object(Config\Cache), false)
#5 C:\wamp64\www\bloodbank\index.php(37): CodeIgniter\CodeIgniter->run()
#6 {main}
CRITICAL - 2022-04-10 23:10:27 --> Call to a member function getDonors() on null
#0 C:\wamp64\www\bloodbank\system\CodeIgniter.php(832): App\Controllers\Listdonors->index()
#1 C:\wamp64\www\bloodbank\system\CodeIgniter.php(419): CodeIgniter\CodeIgniter->runController(Object(App\Controllers\Listdonors))
#2 C:\wamp64\www\bloodbank\system\CodeIgniter.php(326): CodeIgniter\CodeIgniter->handleRequest(NULL, Object(Config\Cache), false)
#3 C:\wamp64\www\bloodbank\index.php(37): CodeIgniter\CodeIgniter->run()
#4 {main}
CRITICAL - 2022-04-10 23:12:40 --> Call to a member function getDonors() on null
#0 C:\wamp64\www\bloodbank\system\CodeIgniter.php(832): App\Controllers\Listdonors->index()
#1 C:\wamp64\www\bloodbank\system\CodeIgniter.php(419): CodeIgniter\CodeIgniter->runController(Object(App\Controllers\Listdonors))
#2 C:\wamp64\www\bloodbank\system\CodeIgniter.php(326): CodeIgniter\CodeIgniter->handleRequest(NULL, Object(Config\Cache), false)
#3 C:\wamp64\www\bloodbank\index.php(37): CodeIgniter\CodeIgniter->run()
#4 {main}
CRITICAL - 2022-04-10 23:16:56 --> Call to a member function getDonors() on null
#0 C:\wamp64\www\bloodbank\system\CodeIgniter.php(832): App\Controllers\Listdonors->index()
#1 C:\wamp64\www\bloodbank\system\CodeIgniter.php(419): CodeIgniter\CodeIgniter->runController(Object(App\Controllers\Listdonors))
#2 C:\wamp64\www\bloodbank\system\CodeIgniter.php(326): CodeIgniter\CodeIgniter->handleRequest(NULL, Object(Config\Cache), false)
#3 C:\wamp64\www\bloodbank\index.php(37): CodeIgniter\CodeIgniter->run()
#4 {main}
CRITICAL - 2022-04-10 23:19:45 --> Call to a member function getDonors() on null
#0 C:\wamp64\www\bloodbank\system\CodeIgniter.php(832): App\Controllers\Listdonors->index()
#1 C:\wamp64\www\bloodbank\system\CodeIgniter.php(419): CodeIgniter\CodeIgniter->runController(Object(App\Controllers\Listdonors))
#2 C:\wamp64\www\bloodbank\system\CodeIgniter.php(326): CodeIgniter\CodeIgniter->handleRequest(NULL, Object(Config\Cache), false)
#3 C:\wamp64\www\bloodbank\index.php(37): CodeIgniter\CodeIgniter->run()
#4 {main}
CRITICAL - 2022-04-10 23:20:07 --> Call to a member function getDonors() on null
#0 C:\wamp64\www\bloodbank\system\CodeIgniter.php(832): App\Controllers\Listdonors->index()
#1 C:\wamp64\www\bloodbank\system\CodeIgniter.php(419): CodeIgniter\CodeIgniter->runController(Object(App\Controllers\Listdonors))
#2 C:\wamp64\www\bloodbank\system\CodeIgniter.php(326): CodeIgniter\CodeIgniter->handleRequest(NULL, Object(Config\Cache), false)
#3 C:\wamp64\www\bloodbank\index.php(37): CodeIgniter\CodeIgniter->run()
#4 {main}
CRITICAL - 2022-04-10 23:22:26 --> Call to a member function getDonors() on null
#0 C:\wamp64\www\bloodbank\system\CodeIgniter.php(832): App\Controllers\Listdonors->index()
#1 C:\wamp64\www\bloodbank\system\CodeIgniter.php(419): CodeIgniter\CodeIgniter->runController(Object(App\Controllers\Listdonors))
#2 C:\wamp64\www\bloodbank\system\CodeIgniter.php(326): CodeIgniter\CodeIgniter->handleRequest(NULL, Object(Config\Cache), false)
#3 C:\wamp64\www\bloodbank\index.php(37): CodeIgniter\CodeIgniter->run()
#4 {main}
ERROR - 2022-04-10 23:24:06 --> Table 'bloodbankdata.blogs' doesn't exist
CRITICAL - 2022-04-10 23:24:06 --> Call to a member function getResult() on bool
#0 C:\wamp64\www\bloodbank\app\Controllers\Listdonors.php(30): App\Models\GetAllDonors->getDonors()
#1 C:\wamp64\www\bloodbank\system\CodeIgniter.php(832): App\Controllers\Listdonors->index()
#2 C:\wamp64\www\bloodbank\system\CodeIgniter.php(419): CodeIgniter\CodeIgniter->runController(Object(App\Controllers\Listdonors))
#3 C:\wamp64\www\bloodbank\system\CodeIgniter.php(326): CodeIgniter\CodeIgniter->handleRequest(NULL, Object(Config\Cache), false)
#4 C:\wamp64\www\bloodbank\index.php(37): CodeIgniter\CodeIgniter->run()
#5 {main}
CRITICAL - 2022-04-10 23:27:03 --> Invalid argument supplied for foreach()
#0 C:\wamp64\www\bloodbank\app\Views\listdonors.php(34): CodeIgniter\Debug\Exceptions->errorHandler(2, 'Invalid argumen...', 'C:\\wamp64\\www\\b...', 34, Array)
#1 C:\wamp64\www\bloodbank\system\View\View.php(210): include('C:\\wamp64\\www\\b...')
#2 C:\wamp64\www\bloodbank\system\View\View.php(213): CodeIgniter\View\View->CodeIgniter\View\{closure}()
#3 C:\wamp64\www\bloodbank\system\Common.php(1089): CodeIgniter\View\View->render('listdonors', Array, true)
#4 C:\wamp64\www\bloodbank\app\Controllers\Listdonors.php(31): view('listdonors')
#5 C:\wamp64\www\bloodbank\system\CodeIgniter.php(832): App\Controllers\Listdonors->index()
#6 C:\wamp64\www\bloodbank\system\CodeIgniter.php(419): CodeIgniter\CodeIgniter->runController(Object(App\Controllers\Listdonors))
#7 C:\wamp64\www\bloodbank\system\CodeIgniter.php(326): CodeIgniter\CodeIgniter->handleRequest(NULL, Object(Config\Cache), false)
#8 C:\wamp64\www\bloodbank\index.php(37): CodeIgniter\CodeIgniter->run()
#9 {main}
