CRITICAL - 2022-05-06 04:55:20 --> Argument 1 passed to view() must be of the type string, null given, called in C:\wamp64\www\bloodbank\app\Controllers\Donationsites.php on line 47
#0 C:\wamp64\www\bloodbank\app\Controllers\Donationsites.php(47): view(NULL)
#1 C:\wamp64\www\bloodbank\system\CodeIgniter.php(832): App\Controllers\Donationsites->viewprint('2022-06-12', '2022-06-12')
#2 C:\wamp64\www\bloodbank\system\CodeIgniter.php(419): CodeIgniter\CodeIgniter->runController(Object(App\Controllers\Donationsites))
#3 C:\wamp64\www\bloodbank\system\CodeIgniter.php(326): CodeIgniter\CodeIgniter->handleRequest(NULL, Object(Config\Cache), false)
#4 C:\wamp64\www\bloodbank\index.php(37): CodeIgniter\CodeIgniter->run()
#5 {main}
CRITICAL - 2022-05-06 04:56:27 --> syntax error, unexpected '==' (T_IS_EQUAL), expecting ')'
#0 C:\wamp64\www\bloodbank\system\Autoloader\Autoloader.php(241): CodeIgniter\Autoloader\Autoloader->includeFile('C:\\wamp64\\www\\b...')
#1 C:\wamp64\www\bloodbank\system\Autoloader\Autoloader.php(219): CodeIgniter\Autoloader\Autoloader->loadInNamespace('App\\Controllers...')
#2 [internal function]: CodeIgniter\Autoloader\Autoloader->loadClass('App\\Controllers...')
#3 [internal function]: spl_autoload_call('App\\Controllers...')
#4 C:\wamp64\www\bloodbank\system\CodeIgniter.php(797): class_exists('\\App\\Controller...', true)
#5 C:\wamp64\www\bloodbank\system\CodeIgniter.php(406): CodeIgniter\CodeIgniter->startController()
#6 C:\wamp64\www\bloodbank\system\CodeIgniter.php(326): CodeIgniter\CodeIgniter->handleRequest(NULL, Object(Config\Cache), false)
#7 C:\wamp64\www\bloodbank\index.php(37): CodeIgniter\CodeIgniter->run()
#8 {main}
CRITICAL - 2022-05-06 04:56:52 --> Argument 1 passed to view() must be of the type string, null given, called in C:\wamp64\www\bloodbank\app\Controllers\Donationsites.php on line 47
#0 C:\wamp64\www\bloodbank\app\Controllers\Donationsites.php(47): view(NULL)
#1 C:\wamp64\www\bloodbank\system\CodeIgniter.php(832): App\Controllers\Donationsites->viewprint('2022-07-30', '2022-07-30')
#2 C:\wamp64\www\bloodbank\system\CodeIgniter.php(419): CodeIgniter\CodeIgniter->runController(Object(App\Controllers\Donationsites))
#3 C:\wamp64\www\bloodbank\system\CodeIgniter.php(326): CodeIgniter\CodeIgniter->handleRequest(NULL, Object(Config\Cache), false)
#4 C:\wamp64\www\bloodbank\index.php(37): CodeIgniter\CodeIgniter->run()
#5 {main}
CRITICAL - 2022-05-06 04:57:28 --> Invalid file: 1.php
#0 C:\wamp64\www\bloodbank\system\View\View.php(198): CodeIgniter\Exceptions\FrameworkException::forInvalidFile('1.php')
#1 C:\wamp64\www\bloodbank\system\Common.php(1089): CodeIgniter\View\View->render('1', Array, true)
#2 C:\wamp64\www\bloodbank\app\Controllers\Donationsites.php(47): view('1')
#3 C:\wamp64\www\bloodbank\system\CodeIgniter.php(832): App\Controllers\Donationsites->viewprint('2022-07-30', '2022-07-30')
#4 C:\wamp64\www\bloodbank\system\CodeIgniter.php(419): CodeIgniter\CodeIgniter->runController(Object(App\Controllers\Donationsites))
#5 C:\wamp64\www\bloodbank\system\CodeIgniter.php(326): CodeIgniter\CodeIgniter->handleRequest(NULL, Object(Config\Cache), false)
#6 C:\wamp64\www\bloodbank\index.php(37): CodeIgniter\CodeIgniter->run()
#7 {main}
CRITICAL - 2022-05-06 05:05:34 --> Invalid file: 1.php
#0 C:\wamp64\www\bloodbank\system\View\View.php(198): CodeIgniter\Exceptions\FrameworkException::forInvalidFile('1.php')
#1 C:\wamp64\www\bloodbank\system\Common.php(1089): CodeIgniter\View\View->render('1', Array, true)
#2 C:\wamp64\www\bloodbank\app\Controllers\Donationsites.php(47): view('1')
#3 C:\wamp64\www\bloodbank\system\CodeIgniter.php(832): App\Controllers\Donationsites->viewprint('2022-07-30', 'Ntupa')
#4 C:\wamp64\www\bloodbank\system\CodeIgniter.php(419): CodeIgniter\CodeIgniter->runController(Object(App\Controllers\Donationsites))
#5 C:\wamp64\www\bloodbank\system\CodeIgniter.php(326): CodeIgniter\CodeIgniter->handleRequest(NULL, Object(Config\Cache), false)
#6 C:\wamp64\www\bloodbank\index.php(37): CodeIgniter\CodeIgniter->run()
#7 {main}
CRITICAL - 2022-05-06 05:05:52 --> Argument 1 passed to view() must be of the type string, null given, called in C:\wamp64\www\bloodbank\app\Controllers\Donationsites.php on line 47
#0 C:\wamp64\www\bloodbank\app\Controllers\Donationsites.php(47): view(NULL)
#1 C:\wamp64\www\bloodbank\system\CodeIgniter.php(832): App\Controllers\Donationsites->viewprint('2022-07-30', 'Ntupa')
#2 C:\wamp64\www\bloodbank\system\CodeIgniter.php(419): CodeIgniter\CodeIgniter->runController(Object(App\Controllers\Donationsites))
#3 C:\wamp64\www\bloodbank\system\CodeIgniter.php(326): CodeIgniter\CodeIgniter->handleRequest(NULL, Object(Config\Cache), false)
#4 C:\wamp64\www\bloodbank\index.php(37): CodeIgniter\CodeIgniter->run()
#5 {main}
