CRITICAL - 2022-09-24 09:05:14 --> Too few arguments to function App\Controllers\Adddonors::index(), 0 passed in C:\wamp64\www\blood-bank\system\CodeIgniter.php on line 832 and exactly 1 expected
#0 C:\wamp64\www\blood-bank\system\CodeIgniter.php(832): App\Controllers\Adddonors->index()
#1 C:\wamp64\www\blood-bank\system\CodeIgniter.php(419): CodeIgniter\CodeIgniter->runController(Object(App\Controllers\Adddonors))
#2 C:\wamp64\www\blood-bank\system\CodeIgniter.php(326): CodeIgniter\CodeIgniter->handleRequest(NULL, Object(Config\Cache), false)
#3 C:\wamp64\www\blood-bank\index.php(37): CodeIgniter\CodeIgniter->run()
#4 {main}
CRITICAL - 2022-09-24 09:07:59 --> Too few arguments to function App\Controllers\Adddonors::index(), 0 passed in C:\wamp64\www\blood-bank\system\CodeIgniter.php on line 832 and exactly 1 expected
#0 C:\wamp64\www\blood-bank\system\CodeIgniter.php(832): App\Controllers\Adddonors->index()
#1 C:\wamp64\www\blood-bank\system\CodeIgniter.php(419): CodeIgniter\CodeIgniter->runController(Object(App\Controllers\Adddonors))
#2 C:\wamp64\www\blood-bank\system\CodeIgniter.php(326): CodeIgniter\CodeIgniter->handleRequest(NULL, Object(Config\Cache), false)
#3 C:\wamp64\www\blood-bank\index.php(37): CodeIgniter\CodeIgniter->run()
#4 {main}
CRITICAL - 2022-09-24 09:08:08 --> Too few arguments to function App\Controllers\Adddonors::index(), 0 passed in C:\wamp64\www\blood-bank\system\CodeIgniter.php on line 832 and exactly 1 expected
#0 C:\wamp64\www\blood-bank\system\CodeIgniter.php(832): App\Controllers\Adddonors->index()
#1 C:\wamp64\www\blood-bank\system\CodeIgniter.php(419): CodeIgniter\CodeIgniter->runController(Object(App\Controllers\Adddonors))
#2 C:\wamp64\www\blood-bank\system\CodeIgniter.php(326): CodeIgniter\CodeIgniter->handleRequest(NULL, Object(Config\Cache), false)
#3 C:\wamp64\www\blood-bank\index.php(37): CodeIgniter\CodeIgniter->run()
#4 {main}
CRITICAL - 2022-09-24 10:03:25 --> Call to a member function join() on null
#0 C:\wamp64\www\blood-bank\system\CodeIgniter.php(832): App\Controllers\DonorDataClerk->index('1')
#1 C:\wamp64\www\blood-bank\system\CodeIgniter.php(419): CodeIgniter\CodeIgniter->runController(Object(App\Controllers\DonorDataClerk))
#2 C:\wamp64\www\blood-bank\system\CodeIgniter.php(326): CodeIgniter\CodeIgniter->handleRequest(NULL, Object(Config\Cache), false)
#3 C:\wamp64\www\blood-bank\index.php(37): CodeIgniter\CodeIgniter->run()
#4 {main}
