CRITICAL - 2022-10-15 05:12:09 --> Invalid argument supplied for foreach()
#0 C:\wamp64\www\blood-bank\app\Views\donorsection\index.php(133): CodeIgniter\Debug\Exceptions->errorHandler(2, 'Invalid argumen...', 'C:\\wamp64\\www\\b...', 133, Array)
#1 C:\wamp64\www\blood-bank\system\View\View.php(210): include('C:\\wamp64\\www\\b...')
#2 C:\wamp64\www\blood-bank\system\View\View.php(213): CodeIgniter\View\View->CodeIgniter\View\{closure}()
#3 C:\wamp64\www\blood-bank\system\Common.php(1089): CodeIgniter\View\View->render('donorsection/in...', Array, true)
#4 C:\wamp64\www\blood-bank\app\Controllers\DonorSection.php(51): view('donorsection/in...', Array)
#5 C:\wamp64\www\blood-bank\system\CodeIgniter.php(832): App\Controllers\DonorSection->index('donationsites', '1')
#6 C:\wamp64\www\blood-bank\system\CodeIgniter.php(419): CodeIgniter\CodeIgniter->runController(Object(App\Controllers\DonorSection))
#7 C:\wamp64\www\blood-bank\system\CodeIgniter.php(326): CodeIgniter\CodeIgniter->handleRequest(NULL, Object(Config\Cache), false)
#8 C:\wamp64\www\blood-bank\index.php(37): CodeIgniter\CodeIgniter->run()
#9 {main}
CRITICAL - 2022-10-15 06:30:21 --> count(): Parameter must be an array or an object that implements Countable
#0 C:\wamp64\www\blood-bank\app\Views\donorsection\viewsitedonors.php(63): CodeIgniter\Debug\Exceptions->errorHandler(2, 'count(): Parame...', 'C:\\wamp64\\www\\b...', 63, Array)
#1 C:\wamp64\www\blood-bank\system\View\View.php(210): include('C:\\wamp64\\www\\b...')
#2 C:\wamp64\www\blood-bank\system\View\View.php(213): CodeIgniter\View\View->CodeIgniter\View\{closure}()
#3 C:\wamp64\www\blood-bank\system\Common.php(1089): CodeIgniter\View\View->render('donorsection/vi...', Array, true)
#4 C:\wamp64\www\blood-bank\app\Controllers\DonorSection.php(83): view('donorsection/vi...', Array)
#5 C:\wamp64\www\blood-bank\system\CodeIgniter.php(832): App\Controllers\DonorSection->sitedonors('2', '1')
#6 C:\wamp64\www\blood-bank\system\CodeIgniter.php(419): CodeIgniter\CodeIgniter->runController(Object(App\Controllers\DonorSection))
#7 C:\wamp64\www\blood-bank\system\CodeIgniter.php(326): CodeIgniter\CodeIgniter->handleRequest(NULL, Object(Config\Cache), false)
#8 C:\wamp64\www\blood-bank\index.php(37): CodeIgniter\CodeIgniter->run()
#9 {main}
CRITICAL - 2022-10-15 06:32:32 --> Cannot use object of type stdClass as array
#0 C:\wamp64\www\blood-bank\system\View\View.php(210): include()
#1 C:\wamp64\www\blood-bank\system\View\View.php(213): CodeIgniter\View\View->CodeIgniter\View\{closure}()
#2 C:\wamp64\www\blood-bank\system\Common.php(1089): CodeIgniter\View\View->render('donorsection/vi...', Array, true)
#3 C:\wamp64\www\blood-bank\app\Controllers\DonorSection.php(83): view('donorsection/vi...', Array)
#4 C:\wamp64\www\blood-bank\system\CodeIgniter.php(832): App\Controllers\DonorSection->sitedonors('2', '1')
#5 C:\wamp64\www\blood-bank\system\CodeIgniter.php(419): CodeIgniter\CodeIgniter->runController(Object(App\Controllers\DonorSection))
#6 C:\wamp64\www\blood-bank\system\CodeIgniter.php(326): CodeIgniter\CodeIgniter->handleRequest(NULL, Object(Config\Cache), false)
#7 C:\wamp64\www\blood-bank\index.php(37): CodeIgniter\CodeIgniter->run()
#8 {main}
CRITICAL - 2022-10-15 08:07:34 --> Call to a member function segment() on null
#0 C:\wamp64\www\blood-bank\system\CodeIgniter.php(832): App\Controllers\DonorSection->datesitedonors('2', '23', '09', '2022')
#1 C:\wamp64\www\blood-bank\system\CodeIgniter.php(419): CodeIgniter\CodeIgniter->runController(Object(App\Controllers\DonorSection))
#2 C:\wamp64\www\blood-bank\system\CodeIgniter.php(326): CodeIgniter\CodeIgniter->handleRequest(NULL, Object(Config\Cache), false)
#3 C:\wamp64\www\blood-bank\index.php(37): CodeIgniter\CodeIgniter->run()
#4 {main}
