CRITICAL - 2022-09-21 01:12:54 --> syntax error, unexpected '<', expecting end of file
#0 C:\wamp64\www\blood-bank\system\View\View.php(213): CodeIgniter\View\View->CodeIgniter\View\{closure}()
#1 C:\wamp64\www\blood-bank\system\Common.php(1089): CodeIgniter\View\View->render('donorsection/in...', Array, true)
#2 C:\wamp64\www\blood-bank\app\Controllers\DonorSection.php(47): view('donorsection/in...', Array)
#3 C:\wamp64\www\blood-bank\system\CodeIgniter.php(832): App\Controllers\DonorSection->index('1')
#4 C:\wamp64\www\blood-bank\system\CodeIgniter.php(419): CodeIgniter\CodeIgniter->runController(Object(App\Controllers\DonorSection))
#5 C:\wamp64\www\blood-bank\system\CodeIgniter.php(326): CodeIgniter\CodeIgniter->handleRequest(NULL, Object(Config\Cache), false)
#6 C:\wamp64\www\blood-bank\index.php(37): CodeIgniter\CodeIgniter->run()
#7 {main}
CRITICAL - 2022-09-21 01:15:46 --> Cannot use object of type stdClass as array
#0 C:\wamp64\www\blood-bank\system\View\View.php(210): include()
#1 C:\wamp64\www\blood-bank\system\View\View.php(213): CodeIgniter\View\View->CodeIgniter\View\{closure}()
#2 C:\wamp64\www\blood-bank\system\Common.php(1089): CodeIgniter\View\View->render('donorsection/in...', Array, true)
#3 C:\wamp64\www\blood-bank\app\Controllers\DonorSection.php(47): view('donorsection/in...', Array)
#4 C:\wamp64\www\blood-bank\system\CodeIgniter.php(832): App\Controllers\DonorSection->index('1')
#5 C:\wamp64\www\blood-bank\system\CodeIgniter.php(419): CodeIgniter\CodeIgniter->runController(Object(App\Controllers\DonorSection))
#6 C:\wamp64\www\blood-bank\system\CodeIgniter.php(326): CodeIgniter\CodeIgniter->handleRequest(NULL, Object(Config\Cache), false)
#7 C:\wamp64\www\blood-bank\index.php(37): CodeIgniter\CodeIgniter->run()
#8 {main}
CRITICAL - 2022-09-21 01:17:00 --> Cannot use object of type stdClass as array
#0 C:\wamp64\www\blood-bank\system\View\View.php(210): include()
#1 C:\wamp64\www\blood-bank\system\View\View.php(213): CodeIgniter\View\View->CodeIgniter\View\{closure}()
#2 C:\wamp64\www\blood-bank\system\Common.php(1089): CodeIgniter\View\View->render('donorsection/in...', Array, true)
#3 C:\wamp64\www\blood-bank\app\Controllers\DonorSection.php(47): view('donorsection/in...', Array)
#4 C:\wamp64\www\blood-bank\system\CodeIgniter.php(832): App\Controllers\DonorSection->index('1')
#5 C:\wamp64\www\blood-bank\system\CodeIgniter.php(419): CodeIgniter\CodeIgniter->runController(Object(App\Controllers\DonorSection))
#6 C:\wamp64\www\blood-bank\system\CodeIgniter.php(326): CodeIgniter\CodeIgniter->handleRequest(NULL, Object(Config\Cache), false)
#7 C:\wamp64\www\blood-bank\index.php(37): CodeIgniter\CodeIgniter->run()
#8 {main}
CRITICAL - 2022-09-21 01:22:01 --> Call to a member function join() on null
#0 C:\wamp64\www\blood-bank\system\CodeIgniter.php(832): App\Controllers\DonorSection->listdonors('1')
#1 C:\wamp64\www\blood-bank\system\CodeIgniter.php(419): CodeIgniter\CodeIgniter->runController(Object(App\Controllers\DonorSection))
#2 C:\wamp64\www\blood-bank\system\CodeIgniter.php(326): CodeIgniter\CodeIgniter->handleRequest(NULL, Object(Config\Cache), false)
#3 C:\wamp64\www\blood-bank\index.php(37): CodeIgniter\CodeIgniter->run()
#4 {main}
CRITICAL - 2022-09-21 01:26:47 --> Call to a member function join() on null
#0 C:\wamp64\www\blood-bank\system\CodeIgniter.php(832): App\Controllers\DonorSection->listdonors('1')
#1 C:\wamp64\www\blood-bank\system\CodeIgniter.php(419): CodeIgniter\CodeIgniter->runController(Object(App\Controllers\DonorSection))
#2 C:\wamp64\www\blood-bank\system\CodeIgniter.php(326): CodeIgniter\CodeIgniter->handleRequest(NULL, Object(Config\Cache), false)
#3 C:\wamp64\www\blood-bank\index.php(37): CodeIgniter\CodeIgniter->run()
#4 {main}
CRITICAL - 2022-09-21 01:31:14 --> Too few arguments to function App\Models\AdminModels::hivNum(), 0 passed in C:\wamp64\www\blood-bank\app\Controllers\DonorDataClerk.php on line 29 and exactly 1 expected
#0 C:\wamp64\www\blood-bank\app\Controllers\DonorDataClerk.php(29): App\Models\AdminModels->hivNum()
#1 C:\wamp64\www\blood-bank\system\CodeIgniter.php(832): App\Controllers\DonorDataClerk->index('1')
#2 C:\wamp64\www\blood-bank\system\CodeIgniter.php(419): CodeIgniter\CodeIgniter->runController(Object(App\Controllers\DonorDataClerk))
#3 C:\wamp64\www\blood-bank\system\CodeIgniter.php(326): CodeIgniter\CodeIgniter->handleRequest(NULL, Object(Config\Cache), false)
#4 C:\wamp64\www\blood-bank\index.php(37): CodeIgniter\CodeIgniter->run()
#5 {main}
ERROR - 2022-09-21 05:20:09 --> Error connecting to the database: No connection could be made because the target machine actively refused it.

CRITICAL - 2022-09-21 05:20:09 --> Unable to connect to the database.
Main connection [MySQLi]: No connection could be made because the target machine actively refused it.

#0 C:\wamp64\www\blood-bank\system\Database\BaseConnection.php(577): CodeIgniter\Database\BaseConnection->initialize()
#1 C:\wamp64\www\blood-bank\system\Database\BaseBuilder.php(1455): CodeIgniter\Database\BaseConnection->query('SELECT *\nFROM `...', Array, false)
#2 C:\wamp64\www\blood-bank\app\Models\UserLoginModel.php(28): CodeIgniter\Database\BaseBuilder->get()
#3 C:\wamp64\www\blood-bank\app\Controllers\Login.php(36): App\Models\UserLoginModel->verifyEmail('lnnocentchisang...', '123')
#4 C:\wamp64\www\blood-bank\system\CodeIgniter.php(832): App\Controllers\Login->index()
#5 C:\wamp64\www\blood-bank\system\CodeIgniter.php(419): CodeIgniter\CodeIgniter->runController(Object(App\Controllers\Login))
#6 C:\wamp64\www\blood-bank\system\CodeIgniter.php(326): CodeIgniter\CodeIgniter->handleRequest(NULL, Object(Config\Cache), false)
#7 C:\wamp64\www\blood-bank\index.php(37): CodeIgniter\CodeIgniter->run()
#8 {main}
CRITICAL - 2022-09-21 05:46:37 --> Cannot declare class App\Controllers\Donationsites because the name is already in use
#0 [internal function]: CodeIgniter\Debug\Exceptions->shutdownHandler()
#1 {main}
CRITICAL - 2022-09-21 05:46:52 --> Cannot declare class App\Controllers\Donationsites because the name is already in use
#0 [internal function]: CodeIgniter\Debug\Exceptions->shutdownHandler()
#1 {main}
CRITICAL - 2022-09-21 05:47:21 --> Cannot declare class App\Controllers\Donationsites because the name is already in use
#0 [internal function]: CodeIgniter\Debug\Exceptions->shutdownHandler()
#1 {main}
CRITICAL - 2022-09-21 05:47:33 --> Cannot declare class App\Controllers\Donationsites because the name is already in use
#0 [internal function]: CodeIgniter\Debug\Exceptions->shutdownHandler()
#1 {main}
CRITICAL - 2022-09-21 05:48:17 --> Class 'App\Models\DonationSites' not found
#0 C:\wamp64\www\blood-bank\system\CodeIgniter.php(809): App\Controllers\Dashboard->__construct()
#1 C:\wamp64\www\blood-bank\system\CodeIgniter.php(410): CodeIgniter\CodeIgniter->createController()
#2 C:\wamp64\www\blood-bank\system\CodeIgniter.php(326): CodeIgniter\CodeIgniter->handleRequest(NULL, Object(Config\Cache), false)
#3 C:\wamp64\www\blood-bank\index.php(37): CodeIgniter\CodeIgniter->run()
#4 {main}
CRITICAL - 2022-09-21 05:51:14 --> You must set the database table to be used with your query.
#0 C:\wamp64\www\blood-bank\system\Model.php(545): CodeIgniter\Database\BaseConnection->table(NULL)
#1 C:\wamp64\www\blood-bank\system\Model.php(722): CodeIgniter\Model->builder()
#2 C:\wamp64\www\blood-bank\app\Controllers\Donationsites.php(46): CodeIgniter\Model->__call('deletesite', Array)
#3 C:\wamp64\www\blood-bank\system\CodeIgniter.php(832): App\Controllers\Donationsites->deleteSite('10', '1')
#4 C:\wamp64\www\blood-bank\system\CodeIgniter.php(419): CodeIgniter\CodeIgniter->runController(Object(App\Controllers\Donationsites))
#5 C:\wamp64\www\blood-bank\system\CodeIgniter.php(326): CodeIgniter\CodeIgniter->handleRequest(NULL, Object(Config\Cache), false)
#6 C:\wamp64\www\blood-bank\index.php(37): CodeIgniter\CodeIgniter->run()
#7 {main}
CRITICAL - 2022-09-21 05:52:13 --> You must set the database table to be used with your query.
#0 C:\wamp64\www\blood-bank\system\Model.php(545): CodeIgniter\Database\BaseConnection->table(NULL)
#1 C:\wamp64\www\blood-bank\system\Model.php(722): CodeIgniter\Model->builder()
#2 C:\wamp64\www\blood-bank\app\Controllers\Donationsites.php(46): CodeIgniter\Model->__call('deletesite', Array)
#3 C:\wamp64\www\blood-bank\system\CodeIgniter.php(832): App\Controllers\Donationsites->deleteSite('10', '1')
#4 C:\wamp64\www\blood-bank\system\CodeIgniter.php(419): CodeIgniter\CodeIgniter->runController(Object(App\Controllers\Donationsites))
#5 C:\wamp64\www\blood-bank\system\CodeIgniter.php(326): CodeIgniter\CodeIgniter->handleRequest(NULL, Object(Config\Cache), false)
#6 C:\wamp64\www\blood-bank\index.php(37): CodeIgniter\CodeIgniter->run()
#7 {main}
CRITICAL - 2022-09-21 05:52:20 --> You must set the database table to be used with your query.
#0 C:\wamp64\www\blood-bank\system\Model.php(545): CodeIgniter\Database\BaseConnection->table(NULL)
#1 C:\wamp64\www\blood-bank\system\Model.php(722): CodeIgniter\Model->builder()
#2 C:\wamp64\www\blood-bank\app\Controllers\Donationsites.php(46): CodeIgniter\Model->__call('deletesite', Array)
#3 C:\wamp64\www\blood-bank\system\CodeIgniter.php(832): App\Controllers\Donationsites->deleteSite('10', '1')
#4 C:\wamp64\www\blood-bank\system\CodeIgniter.php(419): CodeIgniter\CodeIgniter->runController(Object(App\Controllers\Donationsites))
#5 C:\wamp64\www\blood-bank\system\CodeIgniter.php(326): CodeIgniter\CodeIgniter->handleRequest(NULL, Object(Config\Cache), false)
#6 C:\wamp64\www\blood-bank\index.php(37): CodeIgniter\CodeIgniter->run()
#7 {main}
CRITICAL - 2022-09-21 06:11:09 --> You must set the database table to be used with your query.
#0 C:\wamp64\www\blood-bank\system\Model.php(545): CodeIgniter\Database\BaseConnection->table(NULL)
#1 C:\wamp64\www\blood-bank\system\Model.php(722): CodeIgniter\Model->builder()
#2 C:\wamp64\www\blood-bank\app\Controllers\Donationsites.php(66): CodeIgniter\Model->__call('getSite', Array)
#3 C:\wamp64\www\blood-bank\system\CodeIgniter.php(832): App\Controllers\Donationsites->editSite('1', '1')
#4 C:\wamp64\www\blood-bank\system\CodeIgniter.php(419): CodeIgniter\CodeIgniter->runController(Object(App\Controllers\Donationsites))
#5 C:\wamp64\www\blood-bank\system\CodeIgniter.php(326): CodeIgniter\CodeIgniter->handleRequest(NULL, Object(Config\Cache), false)
#6 C:\wamp64\www\blood-bank\index.php(37): CodeIgniter\CodeIgniter->run()
#7 {main}
CRITICAL - 2022-09-21 06:51:35 --> Call to a member function getStatistics() on null
#0 C:\wamp64\www\blood-bank\system\CodeIgniter.php(832): App\Controllers\Login->users('1')
#1 C:\wamp64\www\blood-bank\system\CodeIgniter.php(419): CodeIgniter\CodeIgniter->runController(Object(App\Controllers\Login))
#2 C:\wamp64\www\blood-bank\system\CodeIgniter.php(326): CodeIgniter\CodeIgniter->handleRequest(NULL, Object(Config\Cache), false)
#3 C:\wamp64\www\blood-bank\index.php(37): CodeIgniter\CodeIgniter->run()
#4 {main}
CRITICAL - 2022-09-21 07:11:59 --> Call to undefined method CodeIgniter\Database\MySQLi\Result::getObjectArray()
#0 C:\wamp64\www\blood-bank\app\Controllers\Login.php(83): App\Models\UserLoginModel->getStaffs('1')
#1 C:\wamp64\www\blood-bank\system\CodeIgniter.php(832): App\Controllers\Login->users('1')
#2 C:\wamp64\www\blood-bank\system\CodeIgniter.php(419): CodeIgniter\CodeIgniter->runController(Object(App\Controllers\Login))
#3 C:\wamp64\www\blood-bank\system\CodeIgniter.php(326): CodeIgniter\CodeIgniter->handleRequest(NULL, Object(Config\Cache), false)
#4 C:\wamp64\www\blood-bank\index.php(37): CodeIgniter\CodeIgniter->run()
#5 {main}
CRITICAL - 2022-09-21 07:20:55 --> Class 'App\Models\DonationSites' not found
#0 C:\wamp64\www\blood-bank\system\CodeIgniter.php(809): App\Controllers\Listdonors->__construct()
#1 C:\wamp64\www\blood-bank\system\CodeIgniter.php(410): CodeIgniter\CodeIgniter->createController()
#2 C:\wamp64\www\blood-bank\system\CodeIgniter.php(326): CodeIgniter\CodeIgniter->handleRequest(NULL, Object(Config\Cache), false)
#3 C:\wamp64\www\blood-bank\index.php(37): CodeIgniter\CodeIgniter->run()
#4 {main}
CRITICAL - 2022-09-21 07:21:26 --> Class 'App\Models\DonationSites' not found
#0 C:\wamp64\www\blood-bank\system\CodeIgniter.php(809): App\Controllers\Adddonors->__construct()
#1 C:\wamp64\www\blood-bank\system\CodeIgniter.php(410): CodeIgniter\CodeIgniter->createController()
#2 C:\wamp64\www\blood-bank\system\CodeIgniter.php(326): CodeIgniter\CodeIgniter->handleRequest(NULL, Object(Config\Cache), false)
#3 C:\wamp64\www\blood-bank\index.php(37): CodeIgniter\CodeIgniter->run()
#4 {main}
CRITICAL - 2022-09-21 08:33:57 --> required  is not a valid rule.
#0 C:\wamp64\www\blood-bank\system\Validation\Validation.php(300): CodeIgniter\Validation\Exceptions\ValidationException::forRuleNotFound('required ')
#1 C:\wamp64\www\blood-bank\system\Validation\Validation.php(157): CodeIgniter\Validation\Validation->processRules('email', 'email', '', Array, Array)
#2 C:\wamp64\www\blood-bank\system\Controller.php(160): CodeIgniter\Validation\Validation->run()
#3 C:\wamp64\www\blood-bank\app\Controllers\Login.php(109): CodeIgniter\Controller->validate(Array)
#4 C:\wamp64\www\blood-bank\system\CodeIgniter.php(832): App\Controllers\Login->adduser('1')
#5 C:\wamp64\www\blood-bank\system\CodeIgniter.php(419): CodeIgniter\CodeIgniter->runController(Object(App\Controllers\Login))
#6 C:\wamp64\www\blood-bank\system\CodeIgniter.php(326): CodeIgniter\CodeIgniter->handleRequest(NULL, Object(Config\Cache), false)
#7 C:\wamp64\www\blood-bank\index.php(37): CodeIgniter\CodeIgniter->run()
#8 {main}
CRITICAL - 2022-09-21 08:48:59 --> required  is not a valid rule.
#0 C:\wamp64\www\blood-bank\system\Validation\Validation.php(300): CodeIgniter\Validation\Exceptions\ValidationException::forRuleNotFound('required ')
#1 C:\wamp64\www\blood-bank\system\Validation\Validation.php(157): CodeIgniter\Validation\Validation->processRules('email', 'email', '', Array, Array)
#2 C:\wamp64\www\blood-bank\system\Controller.php(160): CodeIgniter\Validation\Validation->run()
#3 C:\wamp64\www\blood-bank\app\Controllers\Login.php(109): CodeIgniter\Controller->validate(Array)
#4 C:\wamp64\www\blood-bank\system\CodeIgniter.php(832): App\Controllers\Login->adduser('1')
#5 C:\wamp64\www\blood-bank\system\CodeIgniter.php(419): CodeIgniter\CodeIgniter->runController(Object(App\Controllers\Login))
#6 C:\wamp64\www\blood-bank\system\CodeIgniter.php(326): CodeIgniter\CodeIgniter->handleRequest(NULL, Object(Config\Cache), false)
#7 C:\wamp64\www\blood-bank\index.php(37): CodeIgniter\CodeIgniter->run()
#8 {main}
CRITICAL - 2022-09-21 08:54:38 --> required  is not a valid rule.
#0 C:\wamp64\www\blood-bank\system\Validation\Validation.php(300): CodeIgniter\Validation\Exceptions\ValidationException::forRuleNotFound('required ')
#1 C:\wamp64\www\blood-bank\system\Validation\Validation.php(157): CodeIgniter\Validation\Validation->processRules('email', 'email', '', Array, Array)
#2 C:\wamp64\www\blood-bank\system\Controller.php(160): CodeIgniter\Validation\Validation->run()
#3 C:\wamp64\www\blood-bank\app\Controllers\Login.php(108): CodeIgniter\Controller->validate(Array)
#4 C:\wamp64\www\blood-bank\system\CodeIgniter.php(832): App\Controllers\Login->adduser('1')
#5 C:\wamp64\www\blood-bank\system\CodeIgniter.php(419): CodeIgniter\CodeIgniter->runController(Object(App\Controllers\Login))
#6 C:\wamp64\www\blood-bank\system\CodeIgniter.php(326): CodeIgniter\CodeIgniter->handleRequest(NULL, Object(Config\Cache), false)
#7 C:\wamp64\www\blood-bank\index.php(37): CodeIgniter\CodeIgniter->run()
#8 {main}
CRITICAL - 2022-09-21 08:58:35 --> required  is not a valid rule.
#0 C:\wamp64\www\blood-bank\system\Validation\Validation.php(300): CodeIgniter\Validation\Exceptions\ValidationException::forRuleNotFound('required ')
#1 C:\wamp64\www\blood-bank\system\Validation\Validation.php(157): CodeIgniter\Validation\Validation->processRules('email', 'email', '', Array, Array)
#2 C:\wamp64\www\blood-bank\system\Controller.php(160): CodeIgniter\Validation\Validation->run()
#3 C:\wamp64\www\blood-bank\app\Controllers\Login.php(108): CodeIgniter\Controller->validate(Array)
#4 C:\wamp64\www\blood-bank\system\CodeIgniter.php(832): App\Controllers\Login->adduser('1')
#5 C:\wamp64\www\blood-bank\system\CodeIgniter.php(419): CodeIgniter\CodeIgniter->runController(Object(App\Controllers\Login))
#6 C:\wamp64\www\blood-bank\system\CodeIgniter.php(326): CodeIgniter\CodeIgniter->handleRequest(NULL, Object(Config\Cache), false)
#7 C:\wamp64\www\blood-bank\index.php(37): CodeIgniter\CodeIgniter->run()
#8 {main}
CRITICAL - 2022-09-21 09:00:38 --> required  is not a valid rule.
#0 C:\wamp64\www\blood-bank\system\Validation\Validation.php(300): CodeIgniter\Validation\Exceptions\ValidationException::forRuleNotFound('required ')
#1 C:\wamp64\www\blood-bank\system\Validation\Validation.php(157): CodeIgniter\Validation\Validation->processRules('email', 'email', '', Array, Array)
#2 C:\wamp64\www\blood-bank\system\Controller.php(160): CodeIgniter\Validation\Validation->run()
#3 C:\wamp64\www\blood-bank\app\Controllers\Login.php(108): CodeIgniter\Controller->validate(Array)
#4 C:\wamp64\www\blood-bank\system\CodeIgniter.php(832): App\Controllers\Login->adduser('1')
#5 C:\wamp64\www\blood-bank\system\CodeIgniter.php(419): CodeIgniter\CodeIgniter->runController(Object(App\Controllers\Login))
#6 C:\wamp64\www\blood-bank\system\CodeIgniter.php(326): CodeIgniter\CodeIgniter->handleRequest(NULL, Object(Config\Cache), false)
#7 C:\wamp64\www\blood-bank\index.php(37): CodeIgniter\CodeIgniter->run()
#8 {main}
CRITICAL - 2022-09-21 09:03:17 --> required  is not a valid rule.
#0 C:\wamp64\www\blood-bank\system\Validation\Validation.php(300): CodeIgniter\Validation\Exceptions\ValidationException::forRuleNotFound('required ')
#1 C:\wamp64\www\blood-bank\system\Validation\Validation.php(157): CodeIgniter\Validation\Validation->processRules('email', 'email', '', Array, Array)
#2 C:\wamp64\www\blood-bank\system\Controller.php(160): CodeIgniter\Validation\Validation->run()
#3 C:\wamp64\www\blood-bank\app\Controllers\Login.php(108): CodeIgniter\Controller->validate(Array)
#4 C:\wamp64\www\blood-bank\system\CodeIgniter.php(832): App\Controllers\Login->adduser('1')
#5 C:\wamp64\www\blood-bank\system\CodeIgniter.php(419): CodeIgniter\CodeIgniter->runController(Object(App\Controllers\Login))
#6 C:\wamp64\www\blood-bank\system\CodeIgniter.php(326): CodeIgniter\CodeIgniter->handleRequest(NULL, Object(Config\Cache), false)
#7 C:\wamp64\www\blood-bank\index.php(37): CodeIgniter\CodeIgniter->run()
#8 {main}
CRITICAL - 2022-09-21 09:34:13 --> Invalid argument supplied for foreach()
#0 C:\wamp64\www\blood-bank\app\Views\admin\dashboard.php(86): CodeIgniter\Debug\Exceptions->errorHandler(2, 'Invalid argumen...', 'C:\\wamp64\\www\\b...', 86, Array)
#1 C:\wamp64\www\blood-bank\system\View\View.php(210): include('C:\\wamp64\\www\\b...')
#2 C:\wamp64\www\blood-bank\system\View\View.php(213): CodeIgniter\View\View->CodeIgniter\View\{closure}()
#3 C:\wamp64\www\blood-bank\system\Common.php(1089): CodeIgniter\View\View->render('admin/dashboard', Array, true)
#4 C:\wamp64\www\blood-bank\app\Controllers\Dashboard.php(46): view('admin/dashboard', Array)
#5 C:\wamp64\www\blood-bank\system\CodeIgniter.php(832): App\Controllers\Dashboard->index('2')
#6 C:\wamp64\www\blood-bank\system\CodeIgniter.php(419): CodeIgniter\CodeIgniter->runController(Object(App\Controllers\Dashboard))
#7 C:\wamp64\www\blood-bank\system\CodeIgniter.php(326): CodeIgniter\CodeIgniter->handleRequest(NULL, Object(Config\Cache), false)
#8 C:\wamp64\www\blood-bank\index.php(37): CodeIgniter\CodeIgniter->run()
#9 {main}
CRITICAL - 2022-09-21 09:35:59 --> Invalid argument supplied for foreach()
#0 C:\wamp64\www\blood-bank\app\Views\admin\dashboard.php(86): CodeIgniter\Debug\Exceptions->errorHandler(2, 'Invalid argumen...', 'C:\\wamp64\\www\\b...', 86, Array)
#1 C:\wamp64\www\blood-bank\system\View\View.php(210): include('C:\\wamp64\\www\\b...')
#2 C:\wamp64\www\blood-bank\system\View\View.php(213): CodeIgniter\View\View->CodeIgniter\View\{closure}()
#3 C:\wamp64\www\blood-bank\system\Common.php(1089): CodeIgniter\View\View->render('admin/dashboard', Array, true)
#4 C:\wamp64\www\blood-bank\app\Controllers\Dashboard.php(46): view('admin/dashboard', Array)
#5 C:\wamp64\www\blood-bank\system\CodeIgniter.php(832): App\Controllers\Dashboard->index('2')
#6 C:\wamp64\www\blood-bank\system\CodeIgniter.php(419): CodeIgniter\CodeIgniter->runController(Object(App\Controllers\Dashboard))
#7 C:\wamp64\www\blood-bank\system\CodeIgniter.php(326): CodeIgniter\CodeIgniter->handleRequest(NULL, Object(Config\Cache), false)
#8 C:\wamp64\www\blood-bank\index.php(37): CodeIgniter\CodeIgniter->run()
#9 {main}
CRITICAL - 2022-09-21 09:36:17 --> Invalid argument supplied for foreach()
#0 C:\wamp64\www\blood-bank\app\Views\admin\dashboard.php(86): CodeIgniter\Debug\Exceptions->errorHandler(2, 'Invalid argumen...', 'C:\\wamp64\\www\\b...', 86, Array)
#1 C:\wamp64\www\blood-bank\system\View\View.php(210): include('C:\\wamp64\\www\\b...')
#2 C:\wamp64\www\blood-bank\system\View\View.php(213): CodeIgniter\View\View->CodeIgniter\View\{closure}()
#3 C:\wamp64\www\blood-bank\system\Common.php(1089): CodeIgniter\View\View->render('admin/dashboard', Array, true)
#4 C:\wamp64\www\blood-bank\app\Controllers\Dashboard.php(46): view('admin/dashboard', Array)
#5 C:\wamp64\www\blood-bank\system\CodeIgniter.php(832): App\Controllers\Dashboard->index('2')
#6 C:\wamp64\www\blood-bank\system\CodeIgniter.php(419): CodeIgniter\CodeIgniter->runController(Object(App\Controllers\Dashboard))
#7 C:\wamp64\www\blood-bank\system\CodeIgniter.php(326): CodeIgniter\CodeIgniter->handleRequest(NULL, Object(Config\Cache), false)
#8 C:\wamp64\www\blood-bank\index.php(37): CodeIgniter\CodeIgniter->run()
#9 {main}
CRITICAL - 2022-09-21 09:36:31 --> Invalid argument supplied for foreach()
#0 C:\wamp64\www\blood-bank\app\Views\admin\dashboard.php(86): CodeIgniter\Debug\Exceptions->errorHandler(2, 'Invalid argumen...', 'C:\\wamp64\\www\\b...', 86, Array)
#1 C:\wamp64\www\blood-bank\system\View\View.php(210): include('C:\\wamp64\\www\\b...')
#2 C:\wamp64\www\blood-bank\system\View\View.php(213): CodeIgniter\View\View->CodeIgniter\View\{closure}()
#3 C:\wamp64\www\blood-bank\system\Common.php(1089): CodeIgniter\View\View->render('admin/dashboard', Array, true)
#4 C:\wamp64\www\blood-bank\app\Controllers\Dashboard.php(46): view('admin/dashboard', Array)
#5 C:\wamp64\www\blood-bank\system\CodeIgniter.php(832): App\Controllers\Dashboard->index('2')
#6 C:\wamp64\www\blood-bank\system\CodeIgniter.php(419): CodeIgniter\CodeIgniter->runController(Object(App\Controllers\Dashboard))
#7 C:\wamp64\www\blood-bank\system\CodeIgniter.php(326): CodeIgniter\CodeIgniter->handleRequest(NULL, Object(Config\Cache), false)
#8 C:\wamp64\www\blood-bank\index.php(37): CodeIgniter\CodeIgniter->run()
#9 {main}
CRITICAL - 2022-09-21 09:37:06 --> Invalid argument supplied for foreach()
#0 C:\wamp64\www\blood-bank\app\Views\admin\dashboard.php(124): CodeIgniter\Debug\Exceptions->errorHandler(2, 'Invalid argumen...', 'C:\\wamp64\\www\\b...', 124, Array)
#1 C:\wamp64\www\blood-bank\system\View\View.php(210): include('C:\\wamp64\\www\\b...')
#2 C:\wamp64\www\blood-bank\system\View\View.php(213): CodeIgniter\View\View->CodeIgniter\View\{closure}()
#3 C:\wamp64\www\blood-bank\system\Common.php(1089): CodeIgniter\View\View->render('admin/dashboard', Array, true)
#4 C:\wamp64\www\blood-bank\app\Controllers\Dashboard.php(46): view('admin/dashboard', Array)
#5 C:\wamp64\www\blood-bank\system\CodeIgniter.php(832): App\Controllers\Dashboard->index('2')
#6 C:\wamp64\www\blood-bank\system\CodeIgniter.php(419): CodeIgniter\CodeIgniter->runController(Object(App\Controllers\Dashboard))
#7 C:\wamp64\www\blood-bank\system\CodeIgniter.php(326): CodeIgniter\CodeIgniter->handleRequest(NULL, Object(Config\Cache), false)
#8 C:\wamp64\www\blood-bank\index.php(37): CodeIgniter\CodeIgniter->run()
#9 {main}
CRITICAL - 2022-09-21 09:44:25 --> Invalid argument supplied for foreach()
#0 C:\wamp64\www\blood-bank\app\Views\admin\dashboard.php(139): CodeIgniter\Debug\Exceptions->errorHandler(2, 'Invalid argumen...', 'C:\\wamp64\\www\\b...', 139, Array)
#1 C:\wamp64\www\blood-bank\system\View\View.php(210): include('C:\\wamp64\\www\\b...')
#2 C:\wamp64\www\blood-bank\system\View\View.php(213): CodeIgniter\View\View->CodeIgniter\View\{closure}()
#3 C:\wamp64\www\blood-bank\system\Common.php(1089): CodeIgniter\View\View->render('admin/dashboard', Array, true)
#4 C:\wamp64\www\blood-bank\app\Controllers\Dashboard.php(46): view('admin/dashboard', Array)
#5 C:\wamp64\www\blood-bank\system\CodeIgniter.php(832): App\Controllers\Dashboard->index('2')
#6 C:\wamp64\www\blood-bank\system\CodeIgniter.php(419): CodeIgniter\CodeIgniter->runController(Object(App\Controllers\Dashboard))
#7 C:\wamp64\www\blood-bank\system\CodeIgniter.php(326): CodeIgniter\CodeIgniter->handleRequest(NULL, Object(Config\Cache), false)
#8 C:\wamp64\www\blood-bank\index.php(37): CodeIgniter\CodeIgniter->run()
#9 {main}
CRITICAL - 2022-09-21 10:48:27 --> Call to a member function query() on null
#0 C:\wamp64\www\blood-bank\app\Controllers\Login.php(143): App\Models\UserLoginModel->deleteuser('6')
#1 C:\wamp64\www\blood-bank\system\CodeIgniter.php(832): App\Controllers\Login->deleteUser('6')
#2 C:\wamp64\www\blood-bank\system\CodeIgniter.php(419): CodeIgniter\CodeIgniter->runController(Object(App\Controllers\Login))
#3 C:\wamp64\www\blood-bank\system\CodeIgniter.php(326): CodeIgniter\CodeIgniter->handleRequest(NULL, Object(Config\Cache), false)
#4 C:\wamp64\www\blood-bank\index.php(37): CodeIgniter\CodeIgniter->run()
#5 {main}
CRITICAL - 2022-09-21 14:19:48 --> Call to a member function where() on null
#0 C:\wamp64\www\blood-bank\system\CodeIgniter.php(832): App\Controllers\Dashboard->index('1')
#1 C:\wamp64\www\blood-bank\system\CodeIgniter.php(419): CodeIgniter\CodeIgniter->runController(Object(App\Controllers\Dashboard))
#2 C:\wamp64\www\blood-bank\system\CodeIgniter.php(326): CodeIgniter\CodeIgniter->handleRequest(NULL, Object(Config\Cache), false)
#3 C:\wamp64\www\blood-bank\index.php(37): CodeIgniter\CodeIgniter->run()
#4 {main}
CRITICAL - 2022-09-21 14:21:48 --> Cannot use object of type stdClass as array
#0 C:\wamp64\www\blood-bank\system\View\View.php(210): include()
#1 C:\wamp64\www\blood-bank\system\View\View.php(213): CodeIgniter\View\View->CodeIgniter\View\{closure}()
#2 C:\wamp64\www\blood-bank\system\Common.php(1089): CodeIgniter\View\View->render('admin/dashboard', Array, true)
#3 C:\wamp64\www\blood-bank\app\Controllers\Dashboard.php(47): view('admin/dashboard', Array)
#4 C:\wamp64\www\blood-bank\system\CodeIgniter.php(832): App\Controllers\Dashboard->index('1')
#5 C:\wamp64\www\blood-bank\system\CodeIgniter.php(419): CodeIgniter\CodeIgniter->runController(Object(App\Controllers\Dashboard))
#6 C:\wamp64\www\blood-bank\system\CodeIgniter.php(326): CodeIgniter\CodeIgniter->handleRequest(NULL, Object(Config\Cache), false)
#7 C:\wamp64\www\blood-bank\index.php(37): CodeIgniter\CodeIgniter->run()
#8 {main}
CRITICAL - 2022-09-21 14:22:55 --> Cannot use object of type stdClass as array
#0 C:\wamp64\www\blood-bank\system\View\View.php(210): include()
#1 C:\wamp64\www\blood-bank\system\View\View.php(213): CodeIgniter\View\View->CodeIgniter\View\{closure}()
#2 C:\wamp64\www\blood-bank\system\Common.php(1089): CodeIgniter\View\View->render('admin/dashboard', Array, true)
#3 C:\wamp64\www\blood-bank\app\Controllers\Dashboard.php(47): view('admin/dashboard', Array)
#4 C:\wamp64\www\blood-bank\system\CodeIgniter.php(832): App\Controllers\Dashboard->index('1')
#5 C:\wamp64\www\blood-bank\system\CodeIgniter.php(419): CodeIgniter\CodeIgniter->runController(Object(App\Controllers\Dashboard))
#6 C:\wamp64\www\blood-bank\system\CodeIgniter.php(326): CodeIgniter\CodeIgniter->handleRequest(NULL, Object(Config\Cache), false)
#7 C:\wamp64\www\blood-bank\index.php(37): CodeIgniter\CodeIgniter->run()
#8 {main}
