CRITICAL - 2022-04-12 08:21:02 --> Call to a member function get() on null
#0 C:\wamp64\www\bloodbank\system\View\View.php(210): include()
#1 C:\wamp64\www\bloodbank\system\View\View.php(213): CodeIgniter\View\View->CodeIgniter\View\{closure}()
#2 C:\wamp64\www\bloodbank\system\Common.php(1089): CodeIgniter\View\View->render('admin/dashboard', Array, true)
#3 C:\wamp64\www\bloodbank\app\Controllers\Dashboard.php(37): view('admin/dashboard', Array)
#4 C:\wamp64\www\bloodbank\system\CodeIgniter.php(832): App\Controllers\Dashboard->index()
#5 C:\wamp64\www\bloodbank\system\CodeIgniter.php(419): CodeIgniter\CodeIgniter->runController(Object(App\Controllers\Dashboard))
#6 C:\wamp64\www\bloodbank\system\CodeIgniter.php(326): CodeIgniter\CodeIgniter->handleRequest(NULL, Object(Config\Cache), false)
#7 C:\wamp64\www\bloodbank\index.php(37): CodeIgniter\CodeIgniter->run()
#8 {main}
CRITICAL - 2022-04-12 08:21:13 --> Call to a member function set() on null
#0 C:\wamp64\www\bloodbank\system\View\View.php(210): include()
#1 C:\wamp64\www\bloodbank\system\View\View.php(213): CodeIgniter\View\View->CodeIgniter\View\{closure}()
#2 C:\wamp64\www\bloodbank\system\Common.php(1089): CodeIgniter\View\View->render('admin/dashboard', Array, true)
#3 C:\wamp64\www\bloodbank\app\Controllers\Dashboard.php(37): view('admin/dashboard', Array)
#4 C:\wamp64\www\bloodbank\system\CodeIgniter.php(832): App\Controllers\Dashboard->index()
#5 C:\wamp64\www\bloodbank\system\CodeIgniter.php(419): CodeIgniter\CodeIgniter->runController(Object(App\Controllers\Dashboard))
#6 C:\wamp64\www\bloodbank\system\CodeIgniter.php(326): CodeIgniter\CodeIgniter->handleRequest(NULL, Object(Config\Cache), false)
#7 C:\wamp64\www\bloodbank\index.php(37): CodeIgniter\CodeIgniter->run()
#8 {main}
CRITICAL - 2022-04-12 08:21:36 --> Call to undefined method CodeIgniter\View\View::session()
#0 C:\wamp64\www\bloodbank\system\View\View.php(210): include()
#1 C:\wamp64\www\bloodbank\system\View\View.php(213): CodeIgniter\View\View->CodeIgniter\View\{closure}()
#2 C:\wamp64\www\bloodbank\system\Common.php(1089): CodeIgniter\View\View->render('admin/dashboard', Array, true)
#3 C:\wamp64\www\bloodbank\app\Controllers\Dashboard.php(37): view('admin/dashboard', Array)
#4 C:\wamp64\www\bloodbank\system\CodeIgniter.php(832): App\Controllers\Dashboard->index()
#5 C:\wamp64\www\bloodbank\system\CodeIgniter.php(419): CodeIgniter\CodeIgniter->runController(Object(App\Controllers\Dashboard))
#6 C:\wamp64\www\bloodbank\system\CodeIgniter.php(326): CodeIgniter\CodeIgniter->handleRequest(NULL, Object(Config\Cache), false)
#7 C:\wamp64\www\bloodbank\index.php(37): CodeIgniter\CodeIgniter->run()
#8 {main}
CRITICAL - 2022-04-12 09:58:37 --> syntax error, unexpected 'Dataset' (T_STRING), expecting ',' or ';'
#0 C:\wamp64\www\bloodbank\system\View\View.php(213): CodeIgniter\View\View->CodeIgniter\View\{closure}()
#1 C:\wamp64\www\bloodbank\system\Common.php(1089): CodeIgniter\View\View->render('admin/dashboard', Array, true)
#2 C:\wamp64\www\bloodbank\app\Controllers\Dashboard.php(37): view('admin/dashboard', Array)
#3 C:\wamp64\www\bloodbank\system\CodeIgniter.php(832): App\Controllers\Dashboard->index()
#4 C:\wamp64\www\bloodbank\system\CodeIgniter.php(419): CodeIgniter\CodeIgniter->runController(Object(App\Controllers\Dashboard))
#5 C:\wamp64\www\bloodbank\system\CodeIgniter.php(326): CodeIgniter\CodeIgniter->handleRequest(NULL, Object(Config\Cache), false)
#6 C:\wamp64\www\bloodbank\index.php(37): CodeIgniter\CodeIgniter->run()
#7 {main}
CRITICAL - 2022-04-12 09:59:23 --> syntax error, unexpected 'Dataset' (T_STRING), expecting ',' or ';'
#0 C:\wamp64\www\bloodbank\system\View\View.php(213): CodeIgniter\View\View->CodeIgniter\View\{closure}()
#1 C:\wamp64\www\bloodbank\system\Common.php(1089): CodeIgniter\View\View->render('admin/dashboard', Array, true)
#2 C:\wamp64\www\bloodbank\app\Controllers\Dashboard.php(37): view('admin/dashboard', Array)
#3 C:\wamp64\www\bloodbank\system\CodeIgniter.php(832): App\Controllers\Dashboard->index()
#4 C:\wamp64\www\bloodbank\system\CodeIgniter.php(419): CodeIgniter\CodeIgniter->runController(Object(App\Controllers\Dashboard))
#5 C:\wamp64\www\bloodbank\system\CodeIgniter.php(326): CodeIgniter\CodeIgniter->handleRequest(NULL, Object(Config\Cache), false)
#6 C:\wamp64\www\bloodbank\index.php(37): CodeIgniter\CodeIgniter->run()
#7 {main}
CRITICAL - 2022-04-12 10:13:23 --> syntax error, unexpected end of file
#0 C:\wamp64\www\bloodbank\system\View\View.php(213): CodeIgniter\View\View->CodeIgniter\View\{closure}()
#1 C:\wamp64\www\bloodbank\system\Common.php(1089): CodeIgniter\View\View->render('admin/dashboard', Array, true)
#2 C:\wamp64\www\bloodbank\app\Controllers\Dashboard.php(37): view('admin/dashboard', Array)
#3 C:\wamp64\www\bloodbank\system\CodeIgniter.php(832): App\Controllers\Dashboard->index()
#4 C:\wamp64\www\bloodbank\system\CodeIgniter.php(419): CodeIgniter\CodeIgniter->runController(Object(App\Controllers\Dashboard))
#5 C:\wamp64\www\bloodbank\system\CodeIgniter.php(326): CodeIgniter\CodeIgniter->handleRequest(NULL, Object(Config\Cache), false)
#6 C:\wamp64\www\bloodbank\index.php(37): CodeIgniter\CodeIgniter->run()
#7 {main}
CRITICAL - 2022-04-12 10:13:49 --> syntax error, unexpected end of file
#0 C:\wamp64\www\bloodbank\system\View\View.php(213): CodeIgniter\View\View->CodeIgniter\View\{closure}()
#1 C:\wamp64\www\bloodbank\system\Common.php(1089): CodeIgniter\View\View->render('admin/dashboard', Array, true)
#2 C:\wamp64\www\bloodbank\app\Controllers\Dashboard.php(37): view('admin/dashboard', Array)
#3 C:\wamp64\www\bloodbank\system\CodeIgniter.php(832): App\Controllers\Dashboard->index()
#4 C:\wamp64\www\bloodbank\system\CodeIgniter.php(419): CodeIgniter\CodeIgniter->runController(Object(App\Controllers\Dashboard))
#5 C:\wamp64\www\bloodbank\system\CodeIgniter.php(326): CodeIgniter\CodeIgniter->handleRequest(NULL, Object(Config\Cache), false)
#6 C:\wamp64\www\bloodbank\index.php(37): CodeIgniter\CodeIgniter->run()
#7 {main}
CRITICAL - 2022-04-12 10:14:33 --> Use of undefined constant site - assumed 'site' (this will throw an Error in a future version of PHP)
#0 C:\wamp64\www\bloodbank\app\Views\admin\dashboard.php(168): CodeIgniter\Debug\Exceptions->errorHandler(2, 'Use of undefine...', 'C:\\wamp64\\www\\b...', 168, Array)
#1 C:\wamp64\www\bloodbank\system\View\View.php(210): include('C:\\wamp64\\www\\b...')
#2 C:\wamp64\www\bloodbank\system\View\View.php(213): CodeIgniter\View\View->CodeIgniter\View\{closure}()
#3 C:\wamp64\www\bloodbank\system\Common.php(1089): CodeIgniter\View\View->render('admin/dashboard', Array, true)
#4 C:\wamp64\www\bloodbank\app\Controllers\Dashboard.php(37): view('admin/dashboard', Array)
#5 C:\wamp64\www\bloodbank\system\CodeIgniter.php(832): App\Controllers\Dashboard->index()
#6 C:\wamp64\www\bloodbank\system\CodeIgniter.php(419): CodeIgniter\CodeIgniter->runController(Object(App\Controllers\Dashboard))
#7 C:\wamp64\www\bloodbank\system\CodeIgniter.php(326): CodeIgniter\CodeIgniter->handleRequest(NULL, Object(Config\Cache), false)
#8 C:\wamp64\www\bloodbank\index.php(37): CodeIgniter\CodeIgniter->run()
#9 {main}
CRITICAL - 2022-04-12 10:16:10 --> syntax error, unexpected 'while' (T_WHILE)
#0 C:\wamp64\www\bloodbank\system\View\View.php(213): CodeIgniter\View\View->CodeIgniter\View\{closure}()
#1 C:\wamp64\www\bloodbank\system\Common.php(1089): CodeIgniter\View\View->render('admin/dashboard', Array, true)
#2 C:\wamp64\www\bloodbank\app\Controllers\Dashboard.php(37): view('admin/dashboard', Array)
#3 C:\wamp64\www\bloodbank\system\CodeIgniter.php(832): App\Controllers\Dashboard->index()
#4 C:\wamp64\www\bloodbank\system\CodeIgniter.php(419): CodeIgniter\CodeIgniter->runController(Object(App\Controllers\Dashboard))
#5 C:\wamp64\www\bloodbank\system\CodeIgniter.php(326): CodeIgniter\CodeIgniter->handleRequest(NULL, Object(Config\Cache), false)
#6 C:\wamp64\www\bloodbank\index.php(37): CodeIgniter\CodeIgniter->run()
#7 {main}
CRITICAL - 2022-04-12 10:25:10 --> syntax error, unexpected 'echo' (T_ECHO)
#0 C:\wamp64\www\bloodbank\system\View\View.php(213): CodeIgniter\View\View->CodeIgniter\View\{closure}()
#1 C:\wamp64\www\bloodbank\system\Common.php(1089): CodeIgniter\View\View->render('admin/dashboard', Array, true)
#2 C:\wamp64\www\bloodbank\app\Controllers\Dashboard.php(37): view('admin/dashboard', Array)
#3 C:\wamp64\www\bloodbank\system\CodeIgniter.php(832): App\Controllers\Dashboard->index()
#4 C:\wamp64\www\bloodbank\system\CodeIgniter.php(419): CodeIgniter\CodeIgniter->runController(Object(App\Controllers\Dashboard))
#5 C:\wamp64\www\bloodbank\system\CodeIgniter.php(326): CodeIgniter\CodeIgniter->handleRequest(NULL, Object(Config\Cache), false)
#6 C:\wamp64\www\bloodbank\index.php(37): CodeIgniter\CodeIgniter->run()
#7 {main}
CRITICAL - 2022-04-12 12:56:51 --> mysqli_query() expects parameter 1 to be mysqli, null given
#0 [internal function]: CodeIgniter\Debug\Exceptions->errorHandler(2, 'mysqli_query() ...', 'C:\\wamp64\\www\\b...', 116, Array)
#1 C:\wamp64\www\bloodbank\app\Models\AdminModels.php(116): mysqli_query(NULL, 'SELECT * FROM d...')
#2 C:\wamp64\www\bloodbank\app\Controllers\Dashboard.php(34): App\Models\AdminModels->getStatistcs()
#3 C:\wamp64\www\bloodbank\system\CodeIgniter.php(832): App\Controllers\Dashboard->index()
#4 C:\wamp64\www\bloodbank\system\CodeIgniter.php(419): CodeIgniter\CodeIgniter->runController(Object(App\Controllers\Dashboard))
#5 C:\wamp64\www\bloodbank\system\CodeIgniter.php(326): CodeIgniter\CodeIgniter->handleRequest(NULL, Object(Config\Cache), false)
#6 C:\wamp64\www\bloodbank\index.php(37): CodeIgniter\CodeIgniter->run()
#7 {main}
CRITICAL - 2022-04-12 12:57:35 --> mysqli_fetch_assoc() expects parameter 1 to be mysqli_result, object given
#0 [internal function]: CodeIgniter\Debug\Exceptions->errorHandler(2, 'mysqli_fetch_as...', 'C:\\wamp64\\www\\b...', 121, Array)
#1 C:\wamp64\www\bloodbank\app\Models\AdminModels.php(121): mysqli_fetch_assoc(Object(CodeIgniter\Database\MySQLi\Result))
#2 C:\wamp64\www\bloodbank\app\Controllers\Dashboard.php(34): App\Models\AdminModels->getStatistcs()
#3 C:\wamp64\www\bloodbank\system\CodeIgniter.php(832): App\Controllers\Dashboard->index()
#4 C:\wamp64\www\bloodbank\system\CodeIgniter.php(419): CodeIgniter\CodeIgniter->runController(Object(App\Controllers\Dashboard))
#5 C:\wamp64\www\bloodbank\system\CodeIgniter.php(326): CodeIgniter\CodeIgniter->handleRequest(NULL, Object(Config\Cache), false)
#6 C:\wamp64\www\bloodbank\index.php(37): CodeIgniter\CodeIgniter->run()
#7 {main}
CRITICAL - 2022-04-12 13:01:00 --> Maximum execution time of 120 seconds exceeded
#0 [internal function]: CodeIgniter\Debug\Exceptions->shutdownHandler()
#1 {main}
CRITICAL - 2022-04-12 13:01:52 --> Maximum execution time of 120 seconds exceeded
#0 [internal function]: CodeIgniter\Debug\Exceptions->shutdownHandler()
#1 {main}
CRITICAL - 2022-04-12 13:03:01 --> syntax error, unexpected '$output' (T_VARIABLE), expecting function (T_FUNCTION) or const (T_CONST)
#0 C:\wamp64\www\bloodbank\system\Autoloader\Autoloader.php(241): CodeIgniter\Autoloader\Autoloader->includeFile('C:\\wamp64\\www\\b...')
#1 C:\wamp64\www\bloodbank\system\Autoloader\Autoloader.php(219): CodeIgniter\Autoloader\Autoloader->loadInNamespace('App\\Models\\Admi...')
#2 [internal function]: CodeIgniter\Autoloader\Autoloader->loadClass('App\\Models\\Admi...')
#3 C:\wamp64\www\bloodbank\app\Controllers\Dashboard.php(18): spl_autoload_call('App\\Models\\Admi...')
#4 C:\wamp64\www\bloodbank\system\CodeIgniter.php(809): App\Controllers\Dashboard->__construct()
#5 C:\wamp64\www\bloodbank\system\CodeIgniter.php(410): CodeIgniter\CodeIgniter->createController()
#6 C:\wamp64\www\bloodbank\system\CodeIgniter.php(326): CodeIgniter\CodeIgniter->handleRequest(NULL, Object(Config\Cache), false)
#7 C:\wamp64\www\bloodbank\index.php(37): CodeIgniter\CodeIgniter->run()
#8 {main}
CRITICAL - 2022-04-12 13:03:48 --> Maximum execution time of 120 seconds exceeded
#0 [internal function]: CodeIgniter\Debug\Exceptions->shutdownHandler()
#1 {main}
CRITICAL - 2022-04-12 13:03:55 --> Maximum execution time of 120 seconds exceeded
#0 [internal function]: CodeIgniter\Debug\Exceptions->shutdownHandler()
#1 {main}
CRITICAL - 2022-04-12 13:30:39 --> syntax error, unexpected 'var_dump' (T_STRING)
#0 C:\wamp64\www\bloodbank\system\Router\Router.php(175): CodeIgniter\Router\Router->autoRoute('/adddonors')
#1 C:\wamp64\www\bloodbank\system\CodeIgniter.php(726): CodeIgniter\Router\Router->handle('/adddonors')
#2 C:\wamp64\www\bloodbank\system\CodeIgniter.php(368): CodeIgniter\CodeIgniter->tryToRouteIt(Object(CodeIgniter\Router\RouteCollection))
#3 C:\wamp64\www\bloodbank\system\CodeIgniter.php(326): CodeIgniter\CodeIgniter->handleRequest(NULL, Object(Config\Cache), false)
#4 C:\wamp64\www\bloodbank\index.php(37): CodeIgniter\CodeIgniter->run()
#5 {main}
CRITICAL - 2022-04-12 13:30:58 --> syntax error, unexpected 'echo' (T_ECHO)
#0 C:\wamp64\www\bloodbank\system\Router\Router.php(175): CodeIgniter\Router\Router->autoRoute('/adddonors')
#1 C:\wamp64\www\bloodbank\system\CodeIgniter.php(726): CodeIgniter\Router\Router->handle('/adddonors')
#2 C:\wamp64\www\bloodbank\system\CodeIgniter.php(368): CodeIgniter\CodeIgniter->tryToRouteIt(Object(CodeIgniter\Router\RouteCollection))
#3 C:\wamp64\www\bloodbank\system\CodeIgniter.php(326): CodeIgniter\CodeIgniter->handleRequest(NULL, Object(Config\Cache), false)
#4 C:\wamp64\www\bloodbank\index.php(37): CodeIgniter\CodeIgniter->run()
#5 {main}
CRITICAL - 2022-04-12 13:31:21 --> syntax error, unexpected '$data' (T_VARIABLE)
#0 C:\wamp64\www\bloodbank\system\Router\Router.php(175): CodeIgniter\Router\Router->autoRoute('/adddonors')
#1 C:\wamp64\www\bloodbank\system\CodeIgniter.php(726): CodeIgniter\Router\Router->handle('/adddonors')
#2 C:\wamp64\www\bloodbank\system\CodeIgniter.php(368): CodeIgniter\CodeIgniter->tryToRouteIt(Object(CodeIgniter\Router\RouteCollection))
#3 C:\wamp64\www\bloodbank\system\CodeIgniter.php(326): CodeIgniter\CodeIgniter->handleRequest(NULL, Object(Config\Cache), false)
#4 C:\wamp64\www\bloodbank\index.php(37): CodeIgniter\CodeIgniter->run()
#5 {main}
CRITICAL - 2022-04-12 13:31:59 --> syntax error, unexpected '$data' (T_VARIABLE)
#0 C:\wamp64\www\bloodbank\system\Router\Router.php(175): CodeIgniter\Router\Router->autoRoute('/adddonors')
#1 C:\wamp64\www\bloodbank\system\CodeIgniter.php(726): CodeIgniter\Router\Router->handle('/adddonors')
#2 C:\wamp64\www\bloodbank\system\CodeIgniter.php(368): CodeIgniter\CodeIgniter->tryToRouteIt(Object(CodeIgniter\Router\RouteCollection))
#3 C:\wamp64\www\bloodbank\system\CodeIgniter.php(326): CodeIgniter\CodeIgniter->handleRequest(NULL, Object(Config\Cache), false)
#4 C:\wamp64\www\bloodbank\index.php(37): CodeIgniter\CodeIgniter->run()
#5 {main}
CRITICAL - 2022-04-12 13:44:21 --> syntax error, unexpected '=', expecting ']'
#0 C:\wamp64\www\bloodbank\system\Router\Router.php(175): CodeIgniter\Router\Router->autoRoute('/adddonors')
#1 C:\wamp64\www\bloodbank\system\CodeIgniter.php(726): CodeIgniter\Router\Router->handle('/adddonors')
#2 C:\wamp64\www\bloodbank\system\CodeIgniter.php(368): CodeIgniter\CodeIgniter->tryToRouteIt(Object(CodeIgniter\Router\RouteCollection))
#3 C:\wamp64\www\bloodbank\system\CodeIgniter.php(326): CodeIgniter\CodeIgniter->handleRequest(NULL, Object(Config\Cache), false)
#4 C:\wamp64\www\bloodbank\index.php(37): CodeIgniter\CodeIgniter->run()
#5 {main}
CRITICAL - 2022-04-12 13:47:43 --> Argument 1 passed to CodeIgniter\Validation\FormatRules::numeric() must be of the type string or null, array given, called in C:\wamp64\www\bloodbank\system\Validation\Validation.php on line 291
#0 C:\wamp64\www\bloodbank\system\Validation\Validation.php(291): CodeIgniter\Validation\FormatRules->numeric(Array, NULL)
#1 C:\wamp64\www\bloodbank\system\Validation\Validation.php(157): CodeIgniter\Validation\Validation->processRules('sampleid', 'sampleid', Array, Array, Array)
#2 C:\wamp64\www\bloodbank\system\Controller.php(160): CodeIgniter\Validation\Validation->run()
#3 C:\wamp64\www\bloodbank\app\Controllers\Adddonors.php(43): CodeIgniter\Controller->validate(Array)
#4 C:\wamp64\www\bloodbank\system\CodeIgniter.php(832): App\Controllers\Adddonors->index()
#5 C:\wamp64\www\bloodbank\system\CodeIgniter.php(419): CodeIgniter\CodeIgniter->runController(Object(App\Controllers\Adddonors))
#6 C:\wamp64\www\bloodbank\system\CodeIgniter.php(326): CodeIgniter\CodeIgniter->handleRequest(NULL, Object(Config\Cache), false)
#7 C:\wamp64\www\bloodbank\index.php(37): CodeIgniter\CodeIgniter->run()
#8 {main}
