CRITICAL - 2022-10-14 08:16:56 --> Invalid argument supplied for foreach()
#0 C:\wamp64\www\blood-bank\app\Views\donorsection\index.php(135): CodeIgniter\Debug\Exceptions->errorHandler(2, 'Invalid argumen...', 'C:\\wamp64\\www\\b...', 135, Array)
#1 C:\wamp64\www\blood-bank\system\View\View.php(210): include('C:\\wamp64\\www\\b...')
#2 C:\wamp64\www\blood-bank\system\View\View.php(213): CodeIgniter\View\View->CodeIgniter\View\{closure}()
#3 C:\wamp64\www\blood-bank\system\Common.php(1089): CodeIgniter\View\View->render('donorsection/in...', Array, true)
#4 C:\wamp64\www\blood-bank\app\Controllers\DonorSection.php(51): view('donorsection/in...', Array)
#5 C:\wamp64\www\blood-bank\system\CodeIgniter.php(832): App\Controllers\DonorSection->index('index')
#6 C:\wamp64\www\blood-bank\system\CodeIgniter.php(419): CodeIgniter\CodeIgniter->runController(Object(App\Controllers\DonorSection))
#7 C:\wamp64\www\blood-bank\system\CodeIgniter.php(326): CodeIgniter\CodeIgniter->handleRequest(NULL, Object(Config\Cache), false)
#8 C:\wamp64\www\blood-bank\index.php(37): CodeIgniter\CodeIgniter->run()
#9 {main}
CRITICAL - 2022-10-14 08:18:13 --> Invalid argument supplied for foreach()
#0 C:\wamp64\www\blood-bank\app\Views\donorsection\index.php(135): CodeIgniter\Debug\Exceptions->errorHandler(2, 'Invalid argumen...', 'C:\\wamp64\\www\\b...', 135, Array)
#1 C:\wamp64\www\blood-bank\system\View\View.php(210): include('C:\\wamp64\\www\\b...')
#2 C:\wamp64\www\blood-bank\system\View\View.php(213): CodeIgniter\View\View->CodeIgniter\View\{closure}()
#3 C:\wamp64\www\blood-bank\system\Common.php(1089): CodeIgniter\View\View->render('donorsection/in...', Array, true)
#4 C:\wamp64\www\blood-bank\app\Controllers\DonorSection.php(51): view('donorsection/in...', Array)
#5 C:\wamp64\www\blood-bank\system\CodeIgniter.php(832): App\Controllers\DonorSection->index('index')
#6 C:\wamp64\www\blood-bank\system\CodeIgniter.php(419): CodeIgniter\CodeIgniter->runController(Object(App\Controllers\DonorSection))
#7 C:\wamp64\www\blood-bank\system\CodeIgniter.php(326): CodeIgniter\CodeIgniter->handleRequest(NULL, Object(Config\Cache), false)
#8 C:\wamp64\www\blood-bank\index.php(37): CodeIgniter\CodeIgniter->run()
#9 {main}
CRITICAL - 2022-10-14 09:07:01 --> Invalid file: on.php
#0 C:\wamp64\www\blood-bank\system\View\View.php(198): CodeIgniter\Exceptions\FrameworkException::forInvalidFile('on.php')
#1 C:\wamp64\www\blood-bank\system\Common.php(1089): CodeIgniter\View\View->render('on', Array, true)
#2 C:\wamp64\www\blood-bank\app\Controllers\Adddonors.php(188): view('on', Array)
#3 C:\wamp64\www\blood-bank\system\CodeIgniter.php(832): App\Controllers\Adddonors->oneAdddonor('1')
#4 C:\wamp64\www\blood-bank\system\CodeIgniter.php(419): CodeIgniter\CodeIgniter->runController(Object(App\Controllers\Adddonors))
#5 C:\wamp64\www\blood-bank\system\CodeIgniter.php(326): CodeIgniter\CodeIgniter->handleRequest(NULL, Object(Config\Cache), false)
#6 C:\wamp64\www\blood-bank\index.php(37): CodeIgniter\CodeIgniter->run()
#7 {main}
