CRITICAL - 2022-04-21 01:22:07 --> syntax error, unexpected '1' (T_LNUMBER), expecting variable (T_VARIABLE) or '{' or '$'
#0 C:\wamp64\www\bloodbank\system\View\View.php(213): CodeIgniter\View\View->CodeIgniter\View\{closure}()
#1 C:\wamp64\www\bloodbank\system\Common.php(1089): CodeIgniter\View\View->render('viewprint', Array, true)
#2 C:\wamp64\www\bloodbank\app\Controllers\Donationsites.php(47): view('viewprint', Array)
#3 C:\wamp64\www\bloodbank\system\CodeIgniter.php(832): App\Controllers\Donationsites->viewprint('2022-06-10', 'Nseluka')
#4 C:\wamp64\www\bloodbank\system\CodeIgniter.php(419): CodeIgniter\CodeIgniter->runController(Object(App\Controllers\Donationsites))
#5 C:\wamp64\www\bloodbank\system\CodeIgniter.php(326): CodeIgniter\CodeIgniter->handleRequest(NULL, Object(Config\Cache), false)
#6 C:\wamp64\www\bloodbank\index.php(37): CodeIgniter\CodeIgniter->run()
#7 {main}
CRITICAL - 2022-04-21 06:03:30 --> syntax error, unexpected 'use' (T_USE), expecting '{'
#0 C:\wamp64\www\bloodbank\system\Autoloader\Autoloader.php(241): CodeIgniter\Autoloader\Autoloader->includeFile('C:\\wamp64\\www\\b...')
#1 C:\wamp64\www\bloodbank\system\Autoloader\Autoloader.php(219): CodeIgniter\Autoloader\Autoloader->loadInNamespace('App\\Models\\File...')
#2 [internal function]: CodeIgniter\Autoloader\Autoloader->loadClass('App\\Models\\File...')
#3 C:\wamp64\www\bloodbank\app\Controllers\Files.php(18): spl_autoload_call('App\\Models\\File...')
#4 C:\wamp64\www\bloodbank\system\CodeIgniter.php(809): App\Controllers\Files->__construct()
#5 C:\wamp64\www\bloodbank\system\CodeIgniter.php(410): CodeIgniter\CodeIgniter->createController()
#6 C:\wamp64\www\bloodbank\system\CodeIgniter.php(326): CodeIgniter\CodeIgniter->handleRequest(NULL, Object(Config\Cache), false)
#7 C:\wamp64\www\bloodbank\index.php(37): CodeIgniter\CodeIgniter->run()
#8 {main}
CRITICAL - 2022-04-21 06:03:47 --> syntax error, unexpected ')', expecting variable (T_VARIABLE)
#0 C:\wamp64\www\bloodbank\system\Autoloader\Autoloader.php(241): CodeIgniter\Autoloader\Autoloader->includeFile('C:\\wamp64\\www\\b...')
#1 C:\wamp64\www\bloodbank\system\Autoloader\Autoloader.php(219): CodeIgniter\Autoloader\Autoloader->loadInNamespace('App\\Models\\File...')
#2 [internal function]: CodeIgniter\Autoloader\Autoloader->loadClass('App\\Models\\File...')
#3 C:\wamp64\www\bloodbank\app\Controllers\Files.php(18): spl_autoload_call('App\\Models\\File...')
#4 C:\wamp64\www\bloodbank\system\CodeIgniter.php(809): App\Controllers\Files->__construct()
#5 C:\wamp64\www\bloodbank\system\CodeIgniter.php(410): CodeIgniter\CodeIgniter->createController()
#6 C:\wamp64\www\bloodbank\system\CodeIgniter.php(326): CodeIgniter\CodeIgniter->handleRequest(NULL, Object(Config\Cache), false)
#7 C:\wamp64\www\bloodbank\index.php(37): CodeIgniter\CodeIgniter->run()
#8 {main}
CRITICAL - 2022-04-21 06:20:56 --> Call to undefined function App\Controllers\findAll()
#0 C:\wamp64\www\bloodbank\system\CodeIgniter.php(832): App\Controllers\Files->index()
#1 C:\wamp64\www\bloodbank\system\CodeIgniter.php(419): CodeIgniter\CodeIgniter->runController(Object(App\Controllers\Files))
#2 C:\wamp64\www\bloodbank\system\CodeIgniter.php(326): CodeIgniter\CodeIgniter->handleRequest(NULL, Object(Config\Cache), false)
#3 C:\wamp64\www\bloodbank\index.php(37): CodeIgniter\CodeIgniter->run()
#4 {main}
CRITICAL - 2022-04-21 06:49:48 --> syntax error, unexpected '}', expecting ',' or ';'
#0 C:\wamp64\www\bloodbank\system\Autoloader\Autoloader.php(241): CodeIgniter\Autoloader\Autoloader->includeFile('C:\\wamp64\\www\\b...')
#1 C:\wamp64\www\bloodbank\system\Autoloader\Autoloader.php(219): CodeIgniter\Autoloader\Autoloader->loadInNamespace('App\\Models\\File...')
#2 [internal function]: CodeIgniter\Autoloader\Autoloader->loadClass('App\\Models\\File...')
#3 C:\wamp64\www\bloodbank\app\Controllers\Files.php(18): spl_autoload_call('App\\Models\\File...')
#4 C:\wamp64\www\bloodbank\system\CodeIgniter.php(809): App\Controllers\Files->__construct()
#5 C:\wamp64\www\bloodbank\system\CodeIgniter.php(410): CodeIgniter\CodeIgniter->createController()
#6 C:\wamp64\www\bloodbank\system\CodeIgniter.php(326): CodeIgniter\CodeIgniter->handleRequest(NULL, Object(Config\Cache), false)
#7 C:\wamp64\www\bloodbank\index.php(37): CodeIgniter\CodeIgniter->run()
#8 {main}
CRITICAL - 2022-04-21 06:57:08 --> Invalid argument supplied for foreach()
#0 C:\wamp64\www\bloodbank\app\Controllers\Files.php(36): CodeIgniter\Debug\Exceptions->errorHandler(2, 'Invalid argumen...', 'C:\\wamp64\\www\\b...', 36, Array)
#1 C:\wamp64\www\bloodbank\system\CodeIgniter.php(832): App\Controllers\Files->index()
#2 C:\wamp64\www\bloodbank\system\CodeIgniter.php(419): CodeIgniter\CodeIgniter->runController(Object(App\Controllers\Files))
#3 C:\wamp64\www\bloodbank\system\CodeIgniter.php(326): CodeIgniter\CodeIgniter->handleRequest(NULL, Object(Config\Cache), false)
#4 C:\wamp64\www\bloodbank\index.php(37): CodeIgniter\CodeIgniter->run()
#5 {main}
CRITICAL - 2022-04-21 06:57:48 --> Illegal offset type
#0 C:\wamp64\www\bloodbank\app\Controllers\Files.php(37): CodeIgniter\Debug\Exceptions->errorHandler(2, 'Illegal offset ...', 'C:\\wamp64\\www\\b...', 37, Array)
#1 C:\wamp64\www\bloodbank\system\CodeIgniter.php(832): App\Controllers\Files->index()
#2 C:\wamp64\www\bloodbank\system\CodeIgniter.php(419): CodeIgniter\CodeIgniter->runController(Object(App\Controllers\Files))
#3 C:\wamp64\www\bloodbank\system\CodeIgniter.php(326): CodeIgniter\CodeIgniter->handleRequest(NULL, Object(Config\Cache), false)
#4 C:\wamp64\www\bloodbank\index.php(37): CodeIgniter\CodeIgniter->run()
#5 {main}
CRITICAL - 2022-04-21 06:58:15 --> Cannot use [] for reading
#0 [internal function]: CodeIgniter\Debug\Exceptions->shutdownHandler()
#1 {main}
CRITICAL - 2022-04-21 07:04:08 --> Cannot use object of type CodeIgniter\HTTP\Files\UploadedFile as array
#0 C:\wamp64\www\bloodbank\system\CodeIgniter.php(832): App\Controllers\Files->index()
#1 C:\wamp64\www\bloodbank\system\CodeIgniter.php(419): CodeIgniter\CodeIgniter->runController(Object(App\Controllers\Files))
#2 C:\wamp64\www\bloodbank\system\CodeIgniter.php(326): CodeIgniter\CodeIgniter->handleRequest(NULL, Object(Config\Cache), false)
#3 C:\wamp64\www\bloodbank\index.php(37): CodeIgniter\CodeIgniter->run()
#4 {main}
CRITICAL - 2022-04-21 07:05:01 --> Cannot access protected property CodeIgniter\HTTP\Files\UploadedFile::$name
#0 C:\wamp64\www\bloodbank\system\CodeIgniter.php(832): App\Controllers\Files->index()
#1 C:\wamp64\www\bloodbank\system\CodeIgniter.php(419): CodeIgniter\CodeIgniter->runController(Object(App\Controllers\Files))
#2 C:\wamp64\www\bloodbank\system\CodeIgniter.php(326): CodeIgniter\CodeIgniter->handleRequest(NULL, Object(Config\Cache), false)
#3 C:\wamp64\www\bloodbank\index.php(37): CodeIgniter\CodeIgniter->run()
#4 {main}
CRITICAL - 2022-04-21 07:05:29 --> Object of class App\Controllers\Files could not be converted to string
#0 C:\wamp64\www\bloodbank\app\Controllers\Files.php(38): CodeIgniter\Debug\Exceptions->errorHandler(4096, 'Object of class...', 'C:\\wamp64\\www\\b...', 38, Array)
#1 C:\wamp64\www\bloodbank\system\CodeIgniter.php(832): App\Controllers\Files->index()
#2 C:\wamp64\www\bloodbank\system\CodeIgniter.php(419): CodeIgniter\CodeIgniter->runController(Object(App\Controllers\Files))
#3 C:\wamp64\www\bloodbank\system\CodeIgniter.php(326): CodeIgniter\CodeIgniter->handleRequest(NULL, Object(Config\Cache), false)
#4 C:\wamp64\www\bloodbank\index.php(37): CodeIgniter\CodeIgniter->run()
#5 {main}
CRITICAL - 2022-04-21 07:05:43 --> Object of class App\Controllers\Files could not be converted to string
#0 C:\wamp64\www\bloodbank\app\Controllers\Files.php(38): CodeIgniter\Debug\Exceptions->errorHandler(4096, 'Object of class...', 'C:\\wamp64\\www\\b...', 38, Array)
#1 C:\wamp64\www\bloodbank\system\CodeIgniter.php(832): App\Controllers\Files->index()
#2 C:\wamp64\www\bloodbank\system\CodeIgniter.php(419): CodeIgniter\CodeIgniter->runController(Object(App\Controllers\Files))
#3 C:\wamp64\www\bloodbank\system\CodeIgniter.php(326): CodeIgniter\CodeIgniter->handleRequest(NULL, Object(Config\Cache), false)
#4 C:\wamp64\www\bloodbank\index.php(37): CodeIgniter\CodeIgniter->run()
#5 {main}
CRITICAL - 2022-04-21 07:06:50 --> syntax error, unexpected ')'
#0 C:\wamp64\www\bloodbank\system\Router\Router.php(175): CodeIgniter\Router\Router->autoRoute('/files')
#1 C:\wamp64\www\bloodbank\system\CodeIgniter.php(726): CodeIgniter\Router\Router->handle('/files')
#2 C:\wamp64\www\bloodbank\system\CodeIgniter.php(368): CodeIgniter\CodeIgniter->tryToRouteIt(Object(CodeIgniter\Router\RouteCollection))
#3 C:\wamp64\www\bloodbank\system\CodeIgniter.php(326): CodeIgniter\CodeIgniter->handleRequest(NULL, Object(Config\Cache), false)
#4 C:\wamp64\www\bloodbank\index.php(37): CodeIgniter\CodeIgniter->run()
#5 {main}
CRITICAL - 2022-04-21 07:15:25 --> Call to a member function isValid() on array
#0 C:\wamp64\www\bloodbank\system\CodeIgniter.php(832): App\Controllers\Files->index()
#1 C:\wamp64\www\bloodbank\system\CodeIgniter.php(419): CodeIgniter\CodeIgniter->runController(Object(App\Controllers\Files))
#2 C:\wamp64\www\bloodbank\system\CodeIgniter.php(326): CodeIgniter\CodeIgniter->handleRequest(NULL, Object(Config\Cache), false)
#3 C:\wamp64\www\bloodbank\index.php(37): CodeIgniter\CodeIgniter->run()
#4 {main}
CRITICAL - 2022-04-21 07:18:42 --> syntax error, unexpected 'public' (T_PUBLIC), expecting ']'
#0 C:\wamp64\www\bloodbank\system\Router\Router.php(175): CodeIgniter\Router\Router->autoRoute('/files')
#1 C:\wamp64\www\bloodbank\system\CodeIgniter.php(726): CodeIgniter\Router\Router->handle('/files')
#2 C:\wamp64\www\bloodbank\system\CodeIgniter.php(368): CodeIgniter\CodeIgniter->tryToRouteIt(Object(CodeIgniter\Router\RouteCollection))
#3 C:\wamp64\www\bloodbank\system\CodeIgniter.php(326): CodeIgniter\CodeIgniter->handleRequest(NULL, Object(Config\Cache), false)
#4 C:\wamp64\www\bloodbank\index.php(37): CodeIgniter\CodeIgniter->run()
#5 {main}
CRITICAL - 2022-04-21 07:24:22 --> Call to a member function save() on null
#0 C:\wamp64\www\bloodbank\system\CodeIgniter.php(832): App\Controllers\Files->index()
#1 C:\wamp64\www\bloodbank\system\CodeIgniter.php(419): CodeIgniter\CodeIgniter->runController(Object(App\Controllers\Files))
#2 C:\wamp64\www\bloodbank\system\CodeIgniter.php(326): CodeIgniter\CodeIgniter->handleRequest(NULL, Object(Config\Cache), false)
#3 C:\wamp64\www\bloodbank\index.php(37): CodeIgniter\CodeIgniter->run()
#4 {main}
CRITICAL - 2022-04-21 07:24:54 --> Call to a member function save() on null
#0 C:\wamp64\www\bloodbank\system\CodeIgniter.php(832): App\Controllers\Files->index()
#1 C:\wamp64\www\bloodbank\system\CodeIgniter.php(419): CodeIgniter\CodeIgniter->runController(Object(App\Controllers\Files))
#2 C:\wamp64\www\bloodbank\system\CodeIgniter.php(326): CodeIgniter\CodeIgniter->handleRequest(NULL, Object(Config\Cache), false)
#3 C:\wamp64\www\bloodbank\index.php(37): CodeIgniter\CodeIgniter->run()
#4 {main}
CRITICAL - 2022-04-21 07:31:57 --> Call to undefined method CodeIgniter\HTTP\Files\UploadedFile::getErrorMessage()
#0 C:\wamp64\www\bloodbank\system\CodeIgniter.php(832): App\Controllers\Files->index()
#1 C:\wamp64\www\bloodbank\system\CodeIgniter.php(419): CodeIgniter\CodeIgniter->runController(Object(App\Controllers\Files))
#2 C:\wamp64\www\bloodbank\system\CodeIgniter.php(326): CodeIgniter\CodeIgniter->handleRequest(NULL, Object(Config\Cache), false)
#3 C:\wamp64\www\bloodbank\index.php(37): CodeIgniter\CodeIgniter->run()
#4 {main}
CRITICAL - 2022-04-21 07:33:46 --> syntax error, unexpected '.'
#0 C:\wamp64\www\bloodbank\system\Router\Router.php(175): CodeIgniter\Router\Router->autoRoute('/files')
#1 C:\wamp64\www\bloodbank\system\CodeIgniter.php(726): CodeIgniter\Router\Router->handle('/files')
#2 C:\wamp64\www\bloodbank\system\CodeIgniter.php(368): CodeIgniter\CodeIgniter->tryToRouteIt(Object(CodeIgniter\Router\RouteCollection))
#3 C:\wamp64\www\bloodbank\system\CodeIgniter.php(326): CodeIgniter\CodeIgniter->handleRequest(NULL, Object(Config\Cache), false)
#4 C:\wamp64\www\bloodbank\index.php(37): CodeIgniter\CodeIgniter->run()
#5 {main}
CRITICAL - 2022-04-21 07:49:00 --> Call to undefined function App\Controllers\fileData()
#0 C:\wamp64\www\bloodbank\system\CodeIgniter.php(832): App\Controllers\Files->index()
#1 C:\wamp64\www\bloodbank\system\CodeIgniter.php(419): CodeIgniter\CodeIgniter->runController(Object(App\Controllers\Files))
#2 C:\wamp64\www\bloodbank\system\CodeIgniter.php(326): CodeIgniter\CodeIgniter->handleRequest(NULL, Object(Config\Cache), false)
#3 C:\wamp64\www\bloodbank\index.php(37): CodeIgniter\CodeIgniter->run()
#4 {main}
CRITICAL - 2022-04-21 07:50:01 --> Call to undefined function App\Controllers\fileData()
#0 C:\wamp64\www\bloodbank\system\CodeIgniter.php(832): App\Controllers\Files->index()
#1 C:\wamp64\www\bloodbank\system\CodeIgniter.php(419): CodeIgniter\CodeIgniter->runController(Object(App\Controllers\Files))
#2 C:\wamp64\www\bloodbank\system\CodeIgniter.php(326): CodeIgniter\CodeIgniter->handleRequest(NULL, Object(Config\Cache), false)
#3 C:\wamp64\www\bloodbank\index.php(37): CodeIgniter\CodeIgniter->run()
#4 {main}
CRITICAL - 2022-04-21 07:50:38 --> Call to undefined function App\Controllers\fileData()
#0 C:\wamp64\www\bloodbank\system\CodeIgniter.php(832): App\Controllers\Files->index()
#1 C:\wamp64\www\bloodbank\system\CodeIgniter.php(419): CodeIgniter\CodeIgniter->runController(Object(App\Controllers\Files))
#2 C:\wamp64\www\bloodbank\system\CodeIgniter.php(326): CodeIgniter\CodeIgniter->handleRequest(NULL, Object(Config\Cache), false)
#3 C:\wamp64\www\bloodbank\index.php(37): CodeIgniter\CodeIgniter->run()
#4 {main}
CRITICAL - 2022-04-21 07:52:05 --> Call to undefined function App\Controllers\fileData()
#0 C:\wamp64\www\bloodbank\system\CodeIgniter.php(832): App\Controllers\Files->index()
#1 C:\wamp64\www\bloodbank\system\CodeIgniter.php(419): CodeIgniter\CodeIgniter->runController(Object(App\Controllers\Files))
#2 C:\wamp64\www\bloodbank\system\CodeIgniter.php(326): CodeIgniter\CodeIgniter->handleRequest(NULL, Object(Config\Cache), false)
#3 C:\wamp64\www\bloodbank\index.php(37): CodeIgniter\CodeIgniter->run()
#4 {main}
CRITICAL - 2022-04-21 07:52:49 --> Call to a member function save() on null
#0 C:\wamp64\www\bloodbank\app\Controllers\Files.php(43): App\Models\FilesModel->fileData(Array)
#1 C:\wamp64\www\bloodbank\system\CodeIgniter.php(832): App\Controllers\Files->index()
#2 C:\wamp64\www\bloodbank\system\CodeIgniter.php(419): CodeIgniter\CodeIgniter->runController(Object(App\Controllers\Files))
#3 C:\wamp64\www\bloodbank\system\CodeIgniter.php(326): CodeIgniter\CodeIgniter->handleRequest(NULL, Object(Config\Cache), false)
#4 C:\wamp64\www\bloodbank\index.php(37): CodeIgniter\CodeIgniter->run()
#5 {main}
CRITICAL - 2022-04-21 08:04:54 --> Call to a member function fileData() on null
#0 C:\wamp64\www\bloodbank\system\CodeIgniter.php(832): App\Controllers\Files->index()
#1 C:\wamp64\www\bloodbank\system\CodeIgniter.php(419): CodeIgniter\CodeIgniter->runController(Object(App\Controllers\Files))
#2 C:\wamp64\www\bloodbank\system\CodeIgniter.php(326): CodeIgniter\CodeIgniter->handleRequest(NULL, Object(Config\Cache), false)
#3 C:\wamp64\www\bloodbank\index.php(37): CodeIgniter\CodeIgniter->run()
#4 {main}
ERROR - 2022-04-21 08:05:17 --> You have an error in your SQL syntax; check the manual that corresponds to your MySQL server version for the right syntax to use near ') VALUES('1650546317_7acc2c1d679f8f1047e9.pdf','','')' at line 1
ERROR - 2022-04-21 08:05:17 --> You have an error in your SQL syntax; check the manual that corresponds to your MySQL server version for the right syntax to use near ') VALUES('1650546317_f2df331293b5d87520b3.pdf','','')' at line 1
ERROR - 2022-04-21 08:05:17 --> You have an error in your SQL syntax; check the manual that corresponds to your MySQL server version for the right syntax to use near ') VALUES('1650546317_a9f4a73d66a4bacf5631.pdf','','')' at line 1
ERROR - 2022-04-21 08:05:17 --> You have an error in your SQL syntax; check the manual that corresponds to your MySQL server version for the right syntax to use near ') VALUES('1650546317_8359f14c1491dc526675.pdf','','')' at line 1
CRITICAL - 2022-04-21 08:06:19 --> syntax error, unexpected '{', expecting ';'
#0 C:\wamp64\www\bloodbank\system\Router\Router.php(175): CodeIgniter\Router\Router->autoRoute('/files')
#1 C:\wamp64\www\bloodbank\system\CodeIgniter.php(726): CodeIgniter\Router\Router->handle('/files')
#2 C:\wamp64\www\bloodbank\system\CodeIgniter.php(368): CodeIgniter\CodeIgniter->tryToRouteIt(Object(CodeIgniter\Router\RouteCollection))
#3 C:\wamp64\www\bloodbank\system\CodeIgniter.php(326): CodeIgniter\CodeIgniter->handleRequest(NULL, Object(Config\Cache), false)
#4 C:\wamp64\www\bloodbank\index.php(37): CodeIgniter\CodeIgniter->run()
#5 {main}
ERROR - 2022-04-21 08:06:56 --> You have an error in your SQL syntax; check the manual that corresponds to your MySQL server version for the right syntax to use near ') VALUES('1650546416_13a9c9013fafed41bdff.pdf','','')' at line 1
ERROR - 2022-04-21 08:07:37 --> You have an error in your SQL syntax; check the manual that corresponds to your MySQL server version for the right syntax to use near ') VALUES('1650546457_9abdf2272de467c35a7e.pdf','','')' at line 1
ERROR - 2022-04-21 08:09:33 --> You have an error in your SQL syntax; check the manual that corresponds to your MySQL server version for the right syntax to use near ') VALUES('Array','','')' at line 1
ERROR - 2022-04-21 08:12:01 --> You have an error in your SQL syntax; check the manual that corresponds to your MySQL server version for the right syntax to use near ') VALUES('','','')' at line 1
ERROR - 2022-04-21 08:17:56 --> You have an error in your SQL syntax; check the manual that corresponds to your MySQL server version for the right syntax to use near ') VALUES('','','')' at line 1
CRITICAL - 2022-04-21 08:20:19 --> syntax error, unexpected '$daterange' (T_VARIABLE)
#0 C:\wamp64\www\bloodbank\system\Router\Router.php(175): CodeIgniter\Router\Router->autoRoute('/files')
#1 C:\wamp64\www\bloodbank\system\CodeIgniter.php(726): CodeIgniter\Router\Router->handle('/files')
#2 C:\wamp64\www\bloodbank\system\CodeIgniter.php(368): CodeIgniter\CodeIgniter->tryToRouteIt(Object(CodeIgniter\Router\RouteCollection))
#3 C:\wamp64\www\bloodbank\system\CodeIgniter.php(326): CodeIgniter\CodeIgniter->handleRequest(NULL, Object(Config\Cache), false)
#4 C:\wamp64\www\bloodbank\index.php(37): CodeIgniter\CodeIgniter->run()
#5 {main}
CRITICAL - 2022-04-21 08:20:32 --> syntax error, unexpected ';'
#0 C:\wamp64\www\bloodbank\system\Router\Router.php(175): CodeIgniter\Router\Router->autoRoute('/files')
#1 C:\wamp64\www\bloodbank\system\CodeIgniter.php(726): CodeIgniter\Router\Router->handle('/files')
#2 C:\wamp64\www\bloodbank\system\CodeIgniter.php(368): CodeIgniter\CodeIgniter->tryToRouteIt(Object(CodeIgniter\Router\RouteCollection))
#3 C:\wamp64\www\bloodbank\system\CodeIgniter.php(326): CodeIgniter\CodeIgniter->handleRequest(NULL, Object(Config\Cache), false)
#4 C:\wamp64\www\bloodbank\index.php(37): CodeIgniter\CodeIgniter->run()
#5 {main}
CRITICAL - 2022-04-21 08:21:36 --> Function name must be a string
#0 C:\wamp64\www\bloodbank\system\CodeIgniter.php(832): App\Controllers\Files->index()
#1 C:\wamp64\www\bloodbank\system\CodeIgniter.php(419): CodeIgniter\CodeIgniter->runController(Object(App\Controllers\Files))
#2 C:\wamp64\www\bloodbank\system\CodeIgniter.php(326): CodeIgniter\CodeIgniter->handleRequest(NULL, Object(Config\Cache), false)
#3 C:\wamp64\www\bloodbank\index.php(37): CodeIgniter\CodeIgniter->run()
#4 {main}
CRITICAL - 2022-04-21 08:25:50 --> count(): Parameter must be an array or an object that implements Countable
#0 [internal function]: CodeIgniter\Debug\Exceptions->errorHandler(2, 'count(): Parame...', 'C:\\wamp64\\www\\b...', 33, Array)
#1 C:\wamp64\www\bloodbank\app\Models\FilesModel.php(33): count(NULL)
#2 C:\wamp64\www\bloodbank\app\Controllers\Files.php(54): App\Models\FilesModel->fileData('', '', '1650547550_fe27...')
#3 C:\wamp64\www\bloodbank\system\CodeIgniter.php(832): App\Controllers\Files->index()
#4 C:\wamp64\www\bloodbank\system\CodeIgniter.php(419): CodeIgniter\CodeIgniter->runController(Object(App\Controllers\Files))
#5 C:\wamp64\www\bloodbank\system\CodeIgniter.php(326): CodeIgniter\CodeIgniter->handleRequest(NULL, Object(Config\Cache), false)
#6 C:\wamp64\www\bloodbank\index.php(37): CodeIgniter\CodeIgniter->run()
#7 {main}
ERROR - 2022-04-21 08:26:18 --> You have an error in your SQL syntax; check the manual that corresponds to your MySQL server version for the right syntax to use near ') VALUES('1','','')' at line 1
ERROR - 2022-04-21 08:26:18 --> You have an error in your SQL syntax; check the manual that corresponds to your MySQL server version for the right syntax to use near ') VALUES('1','','')' at line 1
ERROR - 2022-04-21 08:26:40 --> You have an error in your SQL syntax; check the manual that corresponds to your MySQL server version for the right syntax to use near ') VALUES('1650547600_eb9de5abf3afeda032fa.png','','')' at line 1
ERROR - 2022-04-21 08:26:40 --> You have an error in your SQL syntax; check the manual that corresponds to your MySQL server version for the right syntax to use near ') VALUES('1650547600_eb9de5abf3afeda032fa.png','','')' at line 1
ERROR - 2022-04-21 08:28:04 --> You have an error in your SQL syntax; check the manual that corresponds to your MySQL server version for the right syntax to use near ') VALUES('1650547684_d011e57145e6a7383c85.png','','')' at line 1
ERROR - 2022-04-21 08:28:04 --> You have an error in your SQL syntax; check the manual that corresponds to your MySQL server version for the right syntax to use near ') VALUES('1650547684_d011e57145e6a7383c85.png','','')' at line 1
ERROR - 2022-04-21 08:28:24 --> You have an error in your SQL syntax; check the manual that corresponds to your MySQL server version for the right syntax to use near ') VALUES('1650547704_a2a92f6c6ea59b3ed9cb.png','','')' at line 1
ERROR - 2022-04-21 08:28:24 --> You have an error in your SQL syntax; check the manual that corresponds to your MySQL server version for the right syntax to use near ') VALUES('1650547704_a2a92f6c6ea59b3ed9cb.png','','')' at line 1
ERROR - 2022-04-21 08:29:35 --> You have an error in your SQL syntax; check the manual that corresponds to your MySQL server version for the right syntax to use near ') VALUES('1650547775_d59e51efa79df6c5025b.png','','')' at line 1
ERROR - 2022-04-21 08:29:35 --> You have an error in your SQL syntax; check the manual that corresponds to your MySQL server version for the right syntax to use near ') VALUES('1650547775_d59e51efa79df6c5025b.png','','')' at line 1
ERROR - 2022-04-21 08:30:30 --> You have an error in your SQL syntax; check the manual that corresponds to your MySQL server version for the right syntax to use near ') VALUES('1650547830_9327b494aae44e768588.png','2020-2022','Ntumpa')' at line 1
ERROR - 2022-04-21 08:30:30 --> You have an error in your SQL syntax; check the manual that corresponds to your MySQL server version for the right syntax to use near ') VALUES('1650547830_9327b494aae44e768588.png','2020-2022','Ntumpa')' at line 1
CRITICAL - 2022-04-21 08:33:55 --> You must set the database table to be used with your query.
#0 C:\wamp64\www\bloodbank\system\Model.php(545): CodeIgniter\Database\BaseConnection->table(NULL)
#1 C:\wamp64\www\bloodbank\system\Model.php(176): CodeIgniter\Model->builder()
#2 C:\wamp64\www\bloodbank\system\BaseModel.php(584): CodeIgniter\Model->doFindAll(0, 0)
#3 C:\wamp64\www\bloodbank\app\Controllers\Files.php(74): CodeIgniter\BaseModel->findAll()
#4 C:\wamp64\www\bloodbank\system\CodeIgniter.php(832): App\Controllers\Files->index()
#5 C:\wamp64\www\bloodbank\system\CodeIgniter.php(419): CodeIgniter\CodeIgniter->runController(Object(App\Controllers\Files))
#6 C:\wamp64\www\bloodbank\system\CodeIgniter.php(326): CodeIgniter\CodeIgniter->handleRequest(NULL, Object(Config\Cache), false)
#7 C:\wamp64\www\bloodbank\index.php(37): CodeIgniter\CodeIgniter->run()
#8 {main}
CRITICAL - 2022-04-21 08:34:38 --> Argument 1 passed to CodeIgniter\Database\BaseResult::getResult() must be of the type string, null given, called in C:\wamp64\www\bloodbank\system\Model.php on line 184
#0 C:\wamp64\www\bloodbank\system\Model.php(184): CodeIgniter\Database\BaseResult->getResult(NULL)
#1 C:\wamp64\www\bloodbank\system\BaseModel.php(584): CodeIgniter\Model->doFindAll(0, 0)
#2 C:\wamp64\www\bloodbank\app\Controllers\Files.php(74): CodeIgniter\BaseModel->findAll()
#3 C:\wamp64\www\bloodbank\system\CodeIgniter.php(832): App\Controllers\Files->index()
#4 C:\wamp64\www\bloodbank\system\CodeIgniter.php(419): CodeIgniter\CodeIgniter->runController(Object(App\Controllers\Files))
#5 C:\wamp64\www\bloodbank\system\CodeIgniter.php(326): CodeIgniter\CodeIgniter->handleRequest(NULL, Object(Config\Cache), false)
#6 C:\wamp64\www\bloodbank\index.php(37): CodeIgniter\CodeIgniter->run()
#7 {main}
CRITICAL - 2022-04-21 08:34:40 --> Argument 1 passed to CodeIgniter\Database\BaseResult::getResult() must be of the type string, null given, called in C:\wamp64\www\bloodbank\system\Model.php on line 184
#0 C:\wamp64\www\bloodbank\system\Model.php(184): CodeIgniter\Database\BaseResult->getResult(NULL)
#1 C:\wamp64\www\bloodbank\system\BaseModel.php(584): CodeIgniter\Model->doFindAll(0, 0)
#2 C:\wamp64\www\bloodbank\app\Controllers\Files.php(74): CodeIgniter\BaseModel->findAll()
#3 C:\wamp64\www\bloodbank\system\CodeIgniter.php(832): App\Controllers\Files->index()
#4 C:\wamp64\www\bloodbank\system\CodeIgniter.php(419): CodeIgniter\CodeIgniter->runController(Object(App\Controllers\Files))
#5 C:\wamp64\www\bloodbank\system\CodeIgniter.php(326): CodeIgniter\CodeIgniter->handleRequest(NULL, Object(Config\Cache), false)
#6 C:\wamp64\www\bloodbank\index.php(37): CodeIgniter\CodeIgniter->run()
#7 {main}
ERROR - 2022-04-21 08:42:45 --> Table 'bloodbankdata.file' doesn't exist
ERROR - 2022-04-21 08:43:29 --> Table 'bloodbankdata.file' doesn't exist
CRITICAL - 2022-04-21 08:48:04 --> Too few arguments to function CodeIgniter\HTTP\IncomingRequest::getFile(), 0 passed in C:\wamp64\www\bloodbank\app\Controllers\Files.php on line 33 and exactly 1 expected
#0 C:\wamp64\www\bloodbank\app\Controllers\Files.php(33): CodeIgniter\HTTP\IncomingRequest->getFile()
#1 C:\wamp64\www\bloodbank\system\CodeIgniter.php(832): App\Controllers\Files->index()
#2 C:\wamp64\www\bloodbank\system\CodeIgniter.php(419): CodeIgniter\CodeIgniter->runController(Object(App\Controllers\Files))
#3 C:\wamp64\www\bloodbank\system\CodeIgniter.php(326): CodeIgniter\CodeIgniter->handleRequest(NULL, Object(Config\Cache), false)
#4 C:\wamp64\www\bloodbank\index.php(37): CodeIgniter\CodeIgniter->run()
#5 {main}
CRITICAL - 2022-04-21 08:48:49 --> Call to a member function isValid() on null
#0 C:\wamp64\www\bloodbank\system\CodeIgniter.php(832): App\Controllers\Files->index()
#1 C:\wamp64\www\bloodbank\system\CodeIgniter.php(419): CodeIgniter\CodeIgniter->runController(Object(App\Controllers\Files))
#2 C:\wamp64\www\bloodbank\system\CodeIgniter.php(326): CodeIgniter\CodeIgniter->handleRequest(NULL, Object(Config\Cache), false)
#3 C:\wamp64\www\bloodbank\index.php(37): CodeIgniter\CodeIgniter->run()
#4 {main}
CRITICAL - 2022-04-21 08:55:48 --> Invalid argument supplied for foreach()
#0 C:\wamp64\www\bloodbank\app\Views\viewfiles.php(73): CodeIgniter\Debug\Exceptions->errorHandler(2, 'Invalid argumen...', 'C:\\wamp64\\www\\b...', 73, Array)
#1 C:\wamp64\www\bloodbank\system\View\View.php(210): include('C:\\wamp64\\www\\b...')
#2 C:\wamp64\www\bloodbank\system\View\View.php(213): CodeIgniter\View\View->CodeIgniter\View\{closure}()
#3 C:\wamp64\www\bloodbank\system\Common.php(1089): CodeIgniter\View\View->render('viewfiles', Array, true)
#4 C:\wamp64\www\bloodbank\app\Controllers\Files.php(58): view('viewfiles', Array)
#5 C:\wamp64\www\bloodbank\system\CodeIgniter.php(832): App\Controllers\Files->index()
#6 C:\wamp64\www\bloodbank\system\CodeIgniter.php(419): CodeIgniter\CodeIgniter->runController(Object(App\Controllers\Files))
#7 C:\wamp64\www\bloodbank\system\CodeIgniter.php(326): CodeIgniter\CodeIgniter->handleRequest(NULL, Object(Config\Cache), false)
#8 C:\wamp64\www\bloodbank\index.php(37): CodeIgniter\CodeIgniter->run()
#9 {main}
CRITICAL - 2022-04-21 08:56:45 --> Call to a member function getFiles() on null
#0 C:\wamp64\www\bloodbank\system\CodeIgniter.php(832): App\Controllers\Files->index()
#1 C:\wamp64\www\bloodbank\system\CodeIgniter.php(419): CodeIgniter\CodeIgniter->runController(Object(App\Controllers\Files))
#2 C:\wamp64\www\bloodbank\system\CodeIgniter.php(326): CodeIgniter\CodeIgniter->handleRequest(NULL, Object(Config\Cache), false)
#3 C:\wamp64\www\bloodbank\index.php(37): CodeIgniter\CodeIgniter->run()
#4 {main}
CRITICAL - 2022-04-21 08:57:04 --> Invalid argument supplied for foreach()
#0 C:\wamp64\www\bloodbank\app\Views\viewfiles.php(73): CodeIgniter\Debug\Exceptions->errorHandler(2, 'Invalid argumen...', 'C:\\wamp64\\www\\b...', 73, Array)
#1 C:\wamp64\www\bloodbank\system\View\View.php(210): include('C:\\wamp64\\www\\b...')
#2 C:\wamp64\www\bloodbank\system\View\View.php(213): CodeIgniter\View\View->CodeIgniter\View\{closure}()
#3 C:\wamp64\www\bloodbank\system\Common.php(1089): CodeIgniter\View\View->render('viewfiles', Array, true)
#4 C:\wamp64\www\bloodbank\app\Controllers\Files.php(58): view('viewfiles', Array)
#5 C:\wamp64\www\bloodbank\system\CodeIgniter.php(832): App\Controllers\Files->index()
#6 C:\wamp64\www\bloodbank\system\CodeIgniter.php(419): CodeIgniter\CodeIgniter->runController(Object(App\Controllers\Files))
#7 C:\wamp64\www\bloodbank\system\CodeIgniter.php(326): CodeIgniter\CodeIgniter->handleRequest(NULL, Object(Config\Cache), false)
#8 C:\wamp64\www\bloodbank\index.php(37): CodeIgniter\CodeIgniter->run()
#9 {main}
